current directory: /var/www/app/bundle/vender/ruby/2.6.0/gems/bootsnap-1.4.4/ext/bootsnap
/home/admin/.rbenv/versions/2.6.2/bin/ruby -I /home/admin/.rbenv/versions/2.6.2/lib/ruby/2.6.0 -r ./siteconf20190628-22353-1rqsg1.rb extconf.rb
creating Makefile

current directory: /var/www/app/bundle/vender/ruby/2.6.0/gems/bootsnap-1.4.4/ext/bootsnap
make "DESTDIR=" clean

current directory: /var/www/app/bundle/vender/ruby/2.6.0/gems/bootsnap-1.4.4/ext/bootsnap
make "DESTDIR="
compiling bootsnap.c
bootsnap.c: 関数 ‘get_ruby_platform’ 内:
bootsnap.c:219:3: 警告: ISO C90 は宣言とコードの混合を禁止しています [-Wdeclaration-after-statement]
   struct utsname utsname;
   ^
bootsnap.c: 関数 ‘bs_cache_path’ 内:
bootsnap.c:245:3: 警告: 書式 ‘%llx’ は引数の型が ‘long long unsigned int’ であると予期されますが、第 5 引数の型は ‘uint64_t’ です [-Wformat=]
   sprintf(*cache_path, "%s/%02x/%014llx", cachedir, first_byte, remainder);
   ^
bootsnap.c: 関数 ‘bs_rb_fetch’ 内:
bootsnap.c:286:3: 警告: ISO C90 は宣言とコードの混合を禁止しています [-Wdeclaration-after-statement]
   char * cachedir = RSTRING_PTR(cachedir_v);
   ^
bootsnap.c:632:13: 警告: ‘output_data’ はこの関数内初期化されずに使用されるかもしれません [-Wmaybe-uninitialized]
     else if (!NIL_P(output_data))             goto succeed; /* fast-path, goal */
             ^
bootsnap.c:603:9: 備考: ‘output_data’ はここで定義されています
   VALUE output_data;  /* return data, e.g. ruby hash or loaded iseq */
         ^
bootsnap.c: トップレベル:
cc1: 警告: 認識できないコマンドラインオプション "-Wno-tautological-compare" です [デフォルトで有効]
cc1: 警告: 認識できないコマンドラインオプション "-Wno-self-assign" です [デフォルトで有効]
cc1: 警告: 認識できないコマンドラインオプション "-Wno-parentheses-equality" です [デフォルトで有効]
cc1: 警告: 認識できないコマンドラインオプション "-Wno-constant-logical-operand" です [デフォルトで有効]
cc1: 警告: 認識できないコマンドラインオプション "-Wno-cast-function-type" です [デフォルトで有効]
linking shared-object bootsnap/bootsnap.so

current directory: /var/www/app/bundle/vender/ruby/2.6.0/gems/bootsnap-1.4.4/ext/bootsnap
make "DESTDIR=" install
/usr/bin/install -c -m 0755 bootsnap.so ./.gem.20190628-22353-1ephy7i/bootsnap
