"gcc -o conftest -I/home/admin/.rbenv/versions/2.6.2/include/ruby-2.6.0/x86_64-linux -I/home/admin/.rbenv/versions/2.6.2/include/ruby-2.6.0/ruby/backward -I/home/admin/.rbenv/versions/2.6.2/include/ruby-2.6.0 -I. -I/home/admin/.rbenv/versions/2.6.2/include    -O3 -ggdb3 -Wall -Wextra -Wdeclaration-after-statement -Wdeprecated-declarations -Wimplicit-function-declaration -Wimplicit-int -Wpointer-arith -Wwrite-strings -Wmissing-noreturn -Wno-cast-function-type -Wno-constant-logical-operand -Wno-long-long -Wno-missing-field-initializers -Wno-overlength-strings -Wno-packed-bitfield-compat -Wno-parentheses-equality -Wno-self-assign -Wno-tautological-compare -Wno-unused-parameter -Wno-unused-value -Wsuggest-attribute=format -Wsuggest-attribute=noreturn -Wunused-variable  conftest.c  -L. -L/home/admin/.rbenv/versions/2.6.2/lib -Wl,-rpath,/home/admin/.rbenv/versions/2.6.2/lib -L. -L/home/admin/.rbenv/versions/2.6.2/lib  -fstack-protector-strong -rdynamic -Wl,-export-dynamic     -Wl,-rpath,/home/admin/.rbenv/versions/2.6.2/lib -L/home/admin/.rbenv/versions/2.6.2/lib -lruby-static -lz -lpthread -lrt -lrt -ldl -lcrypt -lm   -lm   -lc "
checked program was:
/* begin */
1: #include "ruby.h"
2: 
3: int main(int argc, char **argv)
4: {
5:   return 0;
6: }
/* end */

"gcc -I/home/admin/.rbenv/versions/2.6.2/include/ruby-2.6.0/x86_64-linux -I/home/admin/.rbenv/versions/2.6.2/include/ruby-2.6.0/ruby/backward -I/home/admin/.rbenv/versions/2.6.2/include/ruby-2.6.0 -I. -I/home/admin/.rbenv/versions/2.6.2/include    -O3 -ggdb3 -Wall -Wextra -Wdeclaration-after-statement -Wdeprecated-declarations -Wimplicit-function-declaration -Wimplicit-int -Wpointer-arith -Wwrite-strings -Wmissing-noreturn -Wno-cast-function-type -Wno-constant-logical-operand -Wno-long-long -Wno-missing-field-initializers -Wno-overlength-strings -Wno-packed-bitfield-compat -Wno-parentheses-equality -Wno-self-assign -Wno-tautological-compare -Wno-unused-parameter -Wno-unused-value -Wsuggest-attribute=format -Wsuggest-attribute=noreturn -Wunused-variable    -Werror -c conftest.c"
checked program was:
/* begin */
1: #include "ruby.h"
2: 
3: int main() {return 0;}
/* end */

have_library: checking for gzdopen() in -lz... -------------------- yes

"gcc -o conftest -I/home/admin/.rbenv/versions/2.6.2/include/ruby-2.6.0/x86_64-linux -I/home/admin/.rbenv/versions/2.6.2/include/ruby-2.6.0/ruby/backward -I/home/admin/.rbenv/versions/2.6.2/include/ruby-2.6.0 -I. -I/home/admin/.rbenv/versions/2.6.2/include    -O3 -ggdb3 -Wall -Wextra -Wdeclaration-after-statement -Wdeprecated-declarations -Wimplicit-function-declaration -Wimplicit-int -Wpointer-arith -Wwrite-strings -Wmissing-noreturn -Wno-cast-function-type -Wno-constant-logical-operand -Wno-long-long -Wno-missing-field-initializers -Wno-overlength-strings -Wno-packed-bitfield-compat -Wno-parentheses-equality -Wno-self-assign -Wno-tautological-compare -Wno-unused-parameter -Wno-unused-value -Wsuggest-attribute=format -Wsuggest-attribute=noreturn -Wunused-variable  -g -DXP_UNIX -O3 -Wall -Wcast-qual -Wwrite-strings -Wmissing-noreturn -Winline conftest.c  -L. -L/home/admin/.rbenv/versions/2.6.2/lib -Wl,-rpath,/home/admin/.rbenv/versions/2.6.2/lib -L. -L/home/admin/.rbenv/versions/2.6.2/lib  -fstack-protector-strong -rdynamic -Wl,-export-dynamic     -Wl,-rpath,/home/admin/.rbenv/versions/2.6.2/lib -L/home/admin/.rbenv/versions/2.6.2/lib -lruby-static -lz -lpthread -lrt -lrt -ldl -lcrypt -lm  -lz  -lm   -lc "
checked program was:
/* begin */
 1: #include "ruby.h"
 2: 
 3: #include <zlib.h>
 4: 
 5: /*top*/
 6: extern int t(void);
 7: int main(int argc, char **argv)
 8: {
 9:   if (argc > 1000000) {
10:     int (* volatile tp)(void)=(int (*)(void))&t;
11:     printf("%d", (*tp)());
12:   }
13: 
14:   return 0;
15: }
16: int t(void) { void ((*volatile p)()); p = (void ((*)()))gzdopen; return !p; }
/* end */

--------------------

have_iconv?: checking for iconv... -------------------- yes

"gcc -o conftest -I/home/admin/.rbenv/versions/2.6.2/include/ruby-2.6.0/x86_64-linux -I/home/admin/.rbenv/versions/2.6.2/include/ruby-2.6.0/ruby/backward -I/home/admin/.rbenv/versions/2.6.2/include/ruby-2.6.0 -I. -I/home/admin/.rbenv/versions/2.6.2/include    -O3 -ggdb3 -Wall -Wextra -Wdeclaration-after-statement -Wdeprecated-declarations -Wimplicit-function-declaration -Wimplicit-int -Wpointer-arith -Wwrite-strings -Wmissing-noreturn -Wno-cast-function-type -Wno-constant-logical-operand -Wno-long-long -Wno-missing-field-initializers -Wno-overlength-strings -Wno-packed-bitfield-compat -Wno-parentheses-equality -Wno-self-assign -Wno-tautological-compare -Wno-unused-parameter -Wno-unused-value -Wsuggest-attribute=format -Wsuggest-attribute=noreturn -Wunused-variable  -g -DXP_UNIX -O3 -Wall -Wcast-qual -Wwrite-strings -Wmissing-noreturn -Winline conftest.c  -L. -L/home/admin/.rbenv/versions/2.6.2/lib -Wl,-rpath,/home/admin/.rbenv/versions/2.6.2/lib -L. -L/home/admin/.rbenv/versions/2.6.2/lib  -fstack-protector-strong -rdynamic -Wl,-export-dynamic     -Wl,-rpath,/home/admin/.rbenv/versions/2.6.2/lib -L/home/admin/.rbenv/versions/2.6.2/lib -lruby-static -lz -lpthread -lrt -lrt -ldl -lcrypt -lm   -lm   -lc "
checked program was:
/* begin */
 1: #include "ruby.h"
 2: 
 3: #include <stdlib.h>
 4: #include <iconv.h>
 5: 
 6: int main(void)
 7: {
 8:     iconv_t cd = iconv_open("", "");
 9:     iconv(cd, NULL, NULL, NULL, NULL);
10:     return EXIT_SUCCESS;
11: }
/* end */

--------------------

have_library: checking for -llzma... -------------------- no

"gcc -o conftest -I/home/admin/.rbenv/versions/2.6.2/include/ruby-2.6.0/x86_64-linux -I/home/admin/.rbenv/versions/2.6.2/include/ruby-2.6.0/ruby/backward -I/home/admin/.rbenv/versions/2.6.2/include/ruby-2.6.0 -I. -I/home/admin/.rbenv/versions/2.6.2/include    -O3 -ggdb3 -Wall -Wextra -Wdeclaration-after-statement -Wdeprecated-declarations -Wimplicit-function-declaration -Wimplicit-int -Wpointer-arith -Wwrite-strings -Wmissing-noreturn -Wno-cast-function-type -Wno-constant-logical-operand -Wno-long-long -Wno-missing-field-initializers -Wno-overlength-strings -Wno-packed-bitfield-compat -Wno-parentheses-equality -Wno-self-assign -Wno-tautological-compare -Wno-unused-parameter -Wno-unused-value -Wsuggest-attribute=format -Wsuggest-attribute=noreturn -Wunused-variable  -g -DXP_UNIX -O3 -Wall -Wcast-qual -Wwrite-strings -Wmissing-noreturn -Winline -DNOKOGIRI_USE_PACKAGED_LIBRARIES conftest.c  -L. -L/home/admin/.rbenv/versions/2.6.2/lib -Wl,-rpath,/home/admin/.rbenv/versions/2.6.2/lib -L. -L/home/admin/.rbenv/versions/2.6.2/lib  -fstack-protector-strong -rdynamic -Wl,-export-dynamic     -Wl,-rpath,/home/admin/.rbenv/versions/2.6.2/lib -L/home/admin/.rbenv/versions/2.6.2/lib -lruby-static -lz -lpthread -lrt -lrt -ldl -lcrypt -lm  -llzma  -lm   -lc "
/bin/ld: -llzma が見つかりません
collect2: エラー: ld はステータス 1 で終了しました
checked program was:
/* begin */
 1: #include "ruby.h"
 2: 
 3: /*top*/
 4: extern int t(void);
 5: int main(int argc, char **argv)
 6: {
 7:   if (argc > 1000000) {
 8:     int (* volatile tp)(void)=(int (*)(void))&t;
 9:     printf("%d", (*tp)());
10:   }
11: 
12:   return 0;
13: }
14: 
15: int t(void) { ; return 0; }
/* end */

--------------------

have_func: checking for xmlParseDoc() in libxml/parser.h... -------------------- yes

"gcc -o conftest -I/home/admin/.rbenv/versions/2.6.2/include/ruby-2.6.0/x86_64-linux -I/home/admin/.rbenv/versions/2.6.2/include/ruby-2.6.0/ruby/backward -I/home/admin/.rbenv/versions/2.6.2/include/ruby-2.6.0 -I. -I/var/www/app/bundle/vender/ruby/2.6.0/gems/nokogiri-1.10.3/ports/x86_64-pc-linux-gnu/libxslt/1.1.33/include -I/var/www/app/bundle/vender/ruby/2.6.0/gems/nokogiri-1.10.3/ports/x86_64-pc-linux-gnu/libxml2/2.9.9/include/libxml2 -I/var/www/app/bundle/vender/ruby/2.6.0/gems/nokogiri-1.10.3/ports/x86_64-pc-linux-gnu/libxml2/2.9.9/include/libxml2 -I/home/admin/.rbenv/versions/2.6.2/include    "-DNOKOGIRI_LIBXML2_PATH=\"/var/www/app/bundle/vender/ruby/2.6.0/gems/nokogiri-1.10.3/ports/x86_64-pc-linux-gnu/libxml2/2.9.9\"" "-DNOKOGIRI_LIBXML2_PATCHES=\"0001-Revert-Do-not-URI-escape-in-server-side-includes.patch 0002-Remove-script-macro-support.patch 0003-Update-entities-to-remove-handling-of-ssi.patch\"" "-DNOKOGIRI_LIBXSLT_PATH=\"/var/www/app/bundle/vender/ruby/2.6.0/gems/nokogiri-1.10.3/ports/x86_64-pc-linux-gnu/libxslt/1.1.33\"" "-DNOKOGIRI_LIBXSLT_PATCHES=\"0001-Fix-security-framework-bypass.patch\"" -O3 -ggdb3 -Wall -Wextra -Wdeclaration-after-statement -Wdeprecated-declarations -Wimplicit-function-declaration -Wimplicit-int -Wpointer-arith -Wwrite-strings -Wmissing-noreturn -Wno-cast-function-type -Wno-constant-logical-operand -Wno-long-long -Wno-missing-field-initializers -Wno-overlength-strings -Wno-packed-bitfield-compat -Wno-parentheses-equality -Wno-self-assign -Wno-tautological-compare -Wno-unused-parameter -Wno-unused-value -Wsuggest-attribute=format -Wsuggest-attribute=noreturn -Wunused-variable  -g -DXP_UNIX -O3 -Wall -Wcast-qual -Wwrite-strings -Wmissing-noreturn -Winline -DNOKOGIRI_USE_PACKAGED_LIBRARIES conftest.c  -L. -L/home/admin/.rbenv/versions/2.6.2/lib -Wl,-rpath,/home/admin/.rbenv/versions/2.6.2/lib -L/var/www/app/bundle/vender/ruby/2.6.0/gems/nokogiri-1.10.3/ports/x86_64-pc-linux-gnu/libxml2/2.9.9/lib -Wl,-rpath,/var/www/app/bundle/vender/ruby/2.6.0/gems/nokogiri-1.10.3/ports/x86_64-pc-linux-gnu/libxml2/2.9.9/lib -L/var/www/app/bundle/vender/ruby/2.6.0/gems/nokogiri-1.10.3/ports/x86_64-pc-linux-gnu/libxslt/1.1.33/lib -Wl,-rpath,/var/www/app/bundle/vender/ruby/2.6.0/gems/nokogiri-1.10.3/ports/x86_64-pc-linux-gnu/libxslt/1.1.33/lib -L. -L/home/admin/.rbenv/versions/2.6.2/lib  -fstack-protector-strong -rdynamic -Wl,-export-dynamic    /var/www/app/bundle/vender/ruby/2.6.0/gems/nokogiri-1.10.3/ports/x86_64-pc-linux-gnu/libxslt/1.1.33/lib/libexslt.a -lm -ldl -lz /var/www/app/bundle/vender/ruby/2.6.0/gems/nokogiri-1.10.3/ports/x86_64-pc-linux-gnu/libxml2/2.9.9/lib/libxml2.a /var/www/app/bundle/vender/ruby/2.6.0/gems/nokogiri-1.10.3/ports/x86_64-pc-linux-gnu/libxslt/1.1.33/lib/libxslt.a -ldl -lm -lz /var/www/app/bundle/vender/ruby/2.6.0/gems/nokogiri-1.10.3/ports/x86_64-pc-linux-gnu/libxml2/2.9.9/lib/libxml2.a -Wl,-rpath,/home/admin/.rbenv/versions/2.6.2/lib -L/home/admin/.rbenv/versions/2.6.2/lib -lruby-static -lz -lpthread -lrt -lrt -ldl -lcrypt -lm  /var/www/app/bundle/vender/ruby/2.6.0/gems/nokogiri-1.10.3/ports/x86_64-pc-linux-gnu/libxslt/1.1.33/lib/libexslt.a -lm -ldl -lz /var/www/app/bundle/vender/ruby/2.6.0/gems/nokogiri-1.10.3/ports/x86_64-pc-linux-gnu/libxml2/2.9.9/lib/libxml2.a /var/www/app/bundle/vender/ruby/2.6.0/gems/nokogiri-1.10.3/ports/x86_64-pc-linux-gnu/libxslt/1.1.33/lib/libxslt.a -ldl -lm -lz /var/www/app/bundle/vender/ruby/2.6.0/gems/nokogiri-1.10.3/ports/x86_64-pc-linux-gnu/libxml2/2.9.9/lib/libxml2.a -lm   -lc "
checked program was:
/* begin */
 1: #include "ruby.h"
 2: 
 3: #include <libxml/parser.h>
 4: 
 5: /*top*/
 6: extern int t(void);
 7: int main(int argc, char **argv)
 8: {
 9:   if (argc > 1000000) {
10:     int (* volatile tp)(void)=(int (*)(void))&t;
11:     printf("%d", (*tp)());
12:   }
13: 
14:   return 0;
15: }
16: int t(void) { void ((*volatile p)()); p = (void ((*)()))xmlParseDoc; return !p; }
/* end */

--------------------

have_func: checking for xsltParseStylesheetDoc() in libxslt/xslt.h... -------------------- yes

"gcc -o conftest -I/home/admin/.rbenv/versions/2.6.2/include/ruby-2.6.0/x86_64-linux -I/home/admin/.rbenv/versions/2.6.2/include/ruby-2.6.0/ruby/backward -I/home/admin/.rbenv/versions/2.6.2/include/ruby-2.6.0 -I. -I/var/www/app/bundle/vender/ruby/2.6.0/gems/nokogiri-1.10.3/ports/x86_64-pc-linux-gnu/libxslt/1.1.33/include -I/var/www/app/bundle/vender/ruby/2.6.0/gems/nokogiri-1.10.3/ports/x86_64-pc-linux-gnu/libxml2/2.9.9/include/libxml2 -I/var/www/app/bundle/vender/ruby/2.6.0/gems/nokogiri-1.10.3/ports/x86_64-pc-linux-gnu/libxml2/2.9.9/include/libxml2 -I/home/admin/.rbenv/versions/2.6.2/include    "-DNOKOGIRI_LIBXML2_PATH=\"/var/www/app/bundle/vender/ruby/2.6.0/gems/nokogiri-1.10.3/ports/x86_64-pc-linux-gnu/libxml2/2.9.9\"" "-DNOKOGIRI_LIBXML2_PATCHES=\"0001-Revert-Do-not-URI-escape-in-server-side-includes.patch 0002-Remove-script-macro-support.patch 0003-Update-entities-to-remove-handling-of-ssi.patch\"" "-DNOKOGIRI_LIBXSLT_PATH=\"/var/www/app/bundle/vender/ruby/2.6.0/gems/nokogiri-1.10.3/ports/x86_64-pc-linux-gnu/libxslt/1.1.33\"" "-DNOKOGIRI_LIBXSLT_PATCHES=\"0001-Fix-security-framework-bypass.patch\"" -O3 -ggdb3 -Wall -Wextra -Wdeclaration-after-statement -Wdeprecated-declarations -Wimplicit-function-declaration -Wimplicit-int -Wpointer-arith -Wwrite-strings -Wmissing-noreturn -Wno-cast-function-type -Wno-constant-logical-operand -Wno-long-long -Wno-missing-field-initializers -Wno-overlength-strings -Wno-packed-bitfield-compat -Wno-parentheses-equality -Wno-self-assign -Wno-tautological-compare -Wno-unused-parameter -Wno-unused-value -Wsuggest-attribute=format -Wsuggest-attribute=noreturn -Wunused-variable  -g -DXP_UNIX -O3 -Wall -Wcast-qual -Wwrite-strings -Wmissing-noreturn -Winline -DNOKOGIRI_USE_PACKAGED_LIBRARIES conftest.c  -L. -L/home/admin/.rbenv/versions/2.6.2/lib -Wl,-rpath,/home/admin/.rbenv/versions/2.6.2/lib -L/var/www/app/bundle/vender/ruby/2.6.0/gems/nokogiri-1.10.3/ports/x86_64-pc-linux-gnu/libxml2/2.9.9/lib -Wl,-rpath,/var/www/app/bundle/vender/ruby/2.6.0/gems/nokogiri-1.10.3/ports/x86_64-pc-linux-gnu/libxml2/2.9.9/lib -L/var/www/app/bundle/vender/ruby/2.6.0/gems/nokogiri-1.10.3/ports/x86_64-pc-linux-gnu/libxslt/1.1.33/lib -Wl,-rpath,/var/www/app/bundle/vender/ruby/2.6.0/gems/nokogiri-1.10.3/ports/x86_64-pc-linux-gnu/libxslt/1.1.33/lib -L. -L/home/admin/.rbenv/versions/2.6.2/lib  -fstack-protector-strong -rdynamic -Wl,-export-dynamic    /var/www/app/bundle/vender/ruby/2.6.0/gems/nokogiri-1.10.3/ports/x86_64-pc-linux-gnu/libxslt/1.1.33/lib/libexslt.a -lm -ldl -lz /var/www/app/bundle/vender/ruby/2.6.0/gems/nokogiri-1.10.3/ports/x86_64-pc-linux-gnu/libxml2/2.9.9/lib/libxml2.a /var/www/app/bundle/vender/ruby/2.6.0/gems/nokogiri-1.10.3/ports/x86_64-pc-linux-gnu/libxslt/1.1.33/lib/libxslt.a -ldl -lm -lz /var/www/app/bundle/vender/ruby/2.6.0/gems/nokogiri-1.10.3/ports/x86_64-pc-linux-gnu/libxml2/2.9.9/lib/libxml2.a -Wl,-rpath,/home/admin/.rbenv/versions/2.6.2/lib -L/home/admin/.rbenv/versions/2.6.2/lib -lruby-static -lz -lpthread -lrt -lrt -ldl -lcrypt -lm  /var/www/app/bundle/vender/ruby/2.6.0/gems/nokogiri-1.10.3/ports/x86_64-pc-linux-gnu/libxslt/1.1.33/lib/libexslt.a -lm -ldl -lz /var/www/app/bundle/vender/ruby/2.6.0/gems/nokogiri-1.10.3/ports/x86_64-pc-linux-gnu/libxml2/2.9.9/lib/libxml2.a /var/www/app/bundle/vender/ruby/2.6.0/gems/nokogiri-1.10.3/ports/x86_64-pc-linux-gnu/libxslt/1.1.33/lib/libxslt.a -ldl -lm -lz /var/www/app/bundle/vender/ruby/2.6.0/gems/nokogiri-1.10.3/ports/x86_64-pc-linux-gnu/libxml2/2.9.9/lib/libxml2.a -lm   -lc "
conftest.c: 関数 ‘t’ 内:
conftest.c:16:57: エラー: ‘xsltParseStylesheetDoc’ が宣言されていません (この関数内での最初の使用)
 int t(void) { void ((*volatile p)()); p = (void ((*)()))xsltParseStylesheetDoc; return !p; }
                                                         ^
conftest.c:16:57: 備考: 未宣言の識別子は出現した各関数内で一回のみ報告されます
conftest.c: トップレベル:
cc1: 警告: 認識できないコマンドラインオプション "-Wno-tautological-compare" です [デフォルトで有効]
cc1: 警告: 認識できないコマンドラインオプション "-Wno-self-assign" です [デフォルトで有効]
cc1: 警告: 認識できないコマンドラインオプション "-Wno-parentheses-equality" です [デフォルトで有効]
cc1: 警告: 認識できないコマンドラインオプション "-Wno-constant-logical-operand" です [デフォルトで有効]
cc1: 警告: 認識できないコマンドラインオプション "-Wno-cast-function-type" です [デフォルトで有効]
checked program was:
/* begin */
 1: #include "ruby.h"
 2: 
 3: #include <libxslt/xslt.h>
 4: 
 5: /*top*/
 6: extern int t(void);
 7: int main(int argc, char **argv)
 8: {
 9:   if (argc > 1000000) {
10:     int (* volatile tp)(void)=(int (*)(void))&t;
11:     printf("%d", (*tp)());
12:   }
13: 
14:   return 0;
15: }
16: int t(void) { void ((*volatile p)()); p = (void ((*)()))xsltParseStylesheetDoc; return !p; }
/* end */

"gcc -o conftest -I/home/admin/.rbenv/versions/2.6.2/include/ruby-2.6.0/x86_64-linux -I/home/admin/.rbenv/versions/2.6.2/include/ruby-2.6.0/ruby/backward -I/home/admin/.rbenv/versions/2.6.2/include/ruby-2.6.0 -I. -I/var/www/app/bundle/vender/ruby/2.6.0/gems/nokogiri-1.10.3/ports/x86_64-pc-linux-gnu/libxslt/1.1.33/include -I/var/www/app/bundle/vender/ruby/2.6.0/gems/nokogiri-1.10.3/ports/x86_64-pc-linux-gnu/libxml2/2.9.9/include/libxml2 -I/var/www/app/bundle/vender/ruby/2.6.0/gems/nokogiri-1.10.3/ports/x86_64-pc-linux-gnu/libxml2/2.9.9/include/libxml2 -I/home/admin/.rbenv/versions/2.6.2/include    "-DNOKOGIRI_LIBXML2_PATH=\"/var/www/app/bundle/vender/ruby/2.6.0/gems/nokogiri-1.10.3/ports/x86_64-pc-linux-gnu/libxml2/2.9.9\"" "-DNOKOGIRI_LIBXML2_PATCHES=\"0001-Revert-Do-not-URI-escape-in-server-side-includes.patch 0002-Remove-script-macro-support.patch 0003-Update-entities-to-remove-handling-of-ssi.patch\"" "-DNOKOGIRI_LIBXSLT_PATH=\"/var/www/app/bundle/vender/ruby/2.6.0/gems/nokogiri-1.10.3/ports/x86_64-pc-linux-gnu/libxslt/1.1.33\"" "-DNOKOGIRI_LIBXSLT_PATCHES=\"0001-Fix-security-framework-bypass.patch\"" -O3 -ggdb3 -Wall -Wextra -Wdeclaration-after-statement -Wdeprecated-declarations -Wimplicit-function-declaration -Wimplicit-int -Wpointer-arith -Wwrite-strings -Wmissing-noreturn -Wno-cast-function-type -Wno-constant-logical-operand -Wno-long-long -Wno-missing-field-initializers -Wno-overlength-strings -Wno-packed-bitfield-compat -Wno-parentheses-equality -Wno-self-assign -Wno-tautological-compare -Wno-unused-parameter -Wno-unused-value -Wsuggest-attribute=format -Wsuggest-attribute=noreturn -Wunused-variable  -g -DXP_UNIX -O3 -Wall -Wcast-qual -Wwrite-strings -Wmissing-noreturn -Winline -DNOKOGIRI_USE_PACKAGED_LIBRARIES conftest.c  -L. -L/home/admin/.rbenv/versions/2.6.2/lib -Wl,-rpath,/home/admin/.rbenv/versions/2.6.2/lib -L/var/www/app/bundle/vender/ruby/2.6.0/gems/nokogiri-1.10.3/ports/x86_64-pc-linux-gnu/libxml2/2.9.9/lib -Wl,-rpath,/var/www/app/bundle/vender/ruby/2.6.0/gems/nokogiri-1.10.3/ports/x86_64-pc-linux-gnu/libxml2/2.9.9/lib -L/var/www/app/bundle/vender/ruby/2.6.0/gems/nokogiri-1.10.3/ports/x86_64-pc-linux-gnu/libxslt/1.1.33/lib -Wl,-rpath,/var/www/app/bundle/vender/ruby/2.6.0/gems/nokogiri-1.10.3/ports/x86_64-pc-linux-gnu/libxslt/1.1.33/lib -L. -L/home/admin/.rbenv/versions/2.6.2/lib  -fstack-protector-strong -rdynamic -Wl,-export-dynamic    /var/www/app/bundle/vender/ruby/2.6.0/gems/nokogiri-1.10.3/ports/x86_64-pc-linux-gnu/libxslt/1.1.33/lib/libexslt.a -lm -ldl -lz /var/www/app/bundle/vender/ruby/2.6.0/gems/nokogiri-1.10.3/ports/x86_64-pc-linux-gnu/libxml2/2.9.9/lib/libxml2.a /var/www/app/bundle/vender/ruby/2.6.0/gems/nokogiri-1.10.3/ports/x86_64-pc-linux-gnu/libxslt/1.1.33/lib/libxslt.a -ldl -lm -lz /var/www/app/bundle/vender/ruby/2.6.0/gems/nokogiri-1.10.3/ports/x86_64-pc-linux-gnu/libxml2/2.9.9/lib/libxml2.a -Wl,-rpath,/home/admin/.rbenv/versions/2.6.2/lib -L/home/admin/.rbenv/versions/2.6.2/lib -lruby-static -lz -lpthread -lrt -lrt -ldl -lcrypt -lm  /var/www/app/bundle/vender/ruby/2.6.0/gems/nokogiri-1.10.3/ports/x86_64-pc-linux-gnu/libxslt/1.1.33/lib/libexslt.a -lm -ldl -lz /var/www/app/bundle/vender/ruby/2.6.0/gems/nokogiri-1.10.3/ports/x86_64-pc-linux-gnu/libxml2/2.9.9/lib/libxml2.a /var/www/app/bundle/vender/ruby/2.6.0/gems/nokogiri-1.10.3/ports/x86_64-pc-linux-gnu/libxslt/1.1.33/lib/libxslt.a -ldl -lm -lz /var/www/app/bundle/vender/ruby/2.6.0/gems/nokogiri-1.10.3/ports/x86_64-pc-linux-gnu/libxml2/2.9.9/lib/libxml2.a -lm   -lc "
checked program was:
/* begin */
 1: #include "ruby.h"
 2: 
 3: #include <libxslt/xslt.h>
 4: 
 5: /*top*/
 6: extern int t(void);
 7: int main(int argc, char **argv)
 8: {
 9:   if (argc > 1000000) {
10:     int (* volatile tp)(void)=(int (*)(void))&t;
11:     printf("%d", (*tp)());
12:   }
13: 
14:   return 0;
15: }
16: extern void xsltParseStylesheetDoc();
17: int t(void) { xsltParseStylesheetDoc(); return 0; }
/* end */

--------------------

have_func: checking for exsltFuncRegister() in libexslt/exslt.h... -------------------- yes

"gcc -o conftest -I/home/admin/.rbenv/versions/2.6.2/include/ruby-2.6.0/x86_64-linux -I/home/admin/.rbenv/versions/2.6.2/include/ruby-2.6.0/ruby/backward -I/home/admin/.rbenv/versions/2.6.2/include/ruby-2.6.0 -I. -I/var/www/app/bundle/vender/ruby/2.6.0/gems/nokogiri-1.10.3/ports/x86_64-pc-linux-gnu/libxslt/1.1.33/include -I/var/www/app/bundle/vender/ruby/2.6.0/gems/nokogiri-1.10.3/ports/x86_64-pc-linux-gnu/libxml2/2.9.9/include/libxml2 -I/var/www/app/bundle/vender/ruby/2.6.0/gems/nokogiri-1.10.3/ports/x86_64-pc-linux-gnu/libxml2/2.9.9/include/libxml2 -I/home/admin/.rbenv/versions/2.6.2/include    "-DNOKOGIRI_LIBXML2_PATH=\"/var/www/app/bundle/vender/ruby/2.6.0/gems/nokogiri-1.10.3/ports/x86_64-pc-linux-gnu/libxml2/2.9.9\"" "-DNOKOGIRI_LIBXML2_PATCHES=\"0001-Revert-Do-not-URI-escape-in-server-side-includes.patch 0002-Remove-script-macro-support.patch 0003-Update-entities-to-remove-handling-of-ssi.patch\"" "-DNOKOGIRI_LIBXSLT_PATH=\"/var/www/app/bundle/vender/ruby/2.6.0/gems/nokogiri-1.10.3/ports/x86_64-pc-linux-gnu/libxslt/1.1.33\"" "-DNOKOGIRI_LIBXSLT_PATCHES=\"0001-Fix-security-framework-bypass.patch\"" -O3 -ggdb3 -Wall -Wextra -Wdeclaration-after-statement -Wdeprecated-declarations -Wimplicit-function-declaration -Wimplicit-int -Wpointer-arith -Wwrite-strings -Wmissing-noreturn -Wno-cast-function-type -Wno-constant-logical-operand -Wno-long-long -Wno-missing-field-initializers -Wno-overlength-strings -Wno-packed-bitfield-compat -Wno-parentheses-equality -Wno-self-assign -Wno-tautological-compare -Wno-unused-parameter -Wno-unused-value -Wsuggest-attribute=format -Wsuggest-attribute=noreturn -Wunused-variable  -g -DXP_UNIX -O3 -Wall -Wcast-qual -Wwrite-strings -Wmissing-noreturn -Winline -DNOKOGIRI_USE_PACKAGED_LIBRARIES conftest.c  -L. -L/home/admin/.rbenv/versions/2.6.2/lib -Wl,-rpath,/home/admin/.rbenv/versions/2.6.2/lib -L/var/www/app/bundle/vender/ruby/2.6.0/gems/nokogiri-1.10.3/ports/x86_64-pc-linux-gnu/libxml2/2.9.9/lib -Wl,-rpath,/var/www/app/bundle/vender/ruby/2.6.0/gems/nokogiri-1.10.3/ports/x86_64-pc-linux-gnu/libxml2/2.9.9/lib -L/var/www/app/bundle/vender/ruby/2.6.0/gems/nokogiri-1.10.3/ports/x86_64-pc-linux-gnu/libxslt/1.1.33/lib -Wl,-rpath,/var/www/app/bundle/vender/ruby/2.6.0/gems/nokogiri-1.10.3/ports/x86_64-pc-linux-gnu/libxslt/1.1.33/lib -L. -L/home/admin/.rbenv/versions/2.6.2/lib  -fstack-protector-strong -rdynamic -Wl,-export-dynamic    /var/www/app/bundle/vender/ruby/2.6.0/gems/nokogiri-1.10.3/ports/x86_64-pc-linux-gnu/libxslt/1.1.33/lib/libexslt.a -lm -ldl -lz /var/www/app/bundle/vender/ruby/2.6.0/gems/nokogiri-1.10.3/ports/x86_64-pc-linux-gnu/libxml2/2.9.9/lib/libxml2.a /var/www/app/bundle/vender/ruby/2.6.0/gems/nokogiri-1.10.3/ports/x86_64-pc-linux-gnu/libxslt/1.1.33/lib/libxslt.a -ldl -lm -lz /var/www/app/bundle/vender/ruby/2.6.0/gems/nokogiri-1.10.3/ports/x86_64-pc-linux-gnu/libxml2/2.9.9/lib/libxml2.a -Wl,-rpath,/home/admin/.rbenv/versions/2.6.2/lib -L/home/admin/.rbenv/versions/2.6.2/lib -lruby-static -lz -lpthread -lrt -lrt -ldl -lcrypt -lm  /var/www/app/bundle/vender/ruby/2.6.0/gems/nokogiri-1.10.3/ports/x86_64-pc-linux-gnu/libxslt/1.1.33/lib/libexslt.a -lm -ldl -lz /var/www/app/bundle/vender/ruby/2.6.0/gems/nokogiri-1.10.3/ports/x86_64-pc-linux-gnu/libxml2/2.9.9/lib/libxml2.a /var/www/app/bundle/vender/ruby/2.6.0/gems/nokogiri-1.10.3/ports/x86_64-pc-linux-gnu/libxslt/1.1.33/lib/libxslt.a -ldl -lm -lz /var/www/app/bundle/vender/ruby/2.6.0/gems/nokogiri-1.10.3/ports/x86_64-pc-linux-gnu/libxml2/2.9.9/lib/libxml2.a -lm   -lc "
checked program was:
/* begin */
 1: #include "ruby.h"
 2: 
 3: #include <libexslt/exslt.h>
 4: 
 5: /*top*/
 6: extern int t(void);
 7: int main(int argc, char **argv)
 8: {
 9:   if (argc > 1000000) {
10:     int (* volatile tp)(void)=(int (*)(void))&t;
11:     printf("%d", (*tp)());
12:   }
13: 
14:   return 0;
15: }
16: int t(void) { void ((*volatile p)()); p = (void ((*)()))exsltFuncRegister; return !p; }
/* end */

--------------------

have_func: checking for xmlHasFeature()... -------------------- yes

"gcc -o conftest -I/home/admin/.rbenv/versions/2.6.2/include/ruby-2.6.0/x86_64-linux -I/home/admin/.rbenv/versions/2.6.2/include/ruby-2.6.0/ruby/backward -I/home/admin/.rbenv/versions/2.6.2/include/ruby-2.6.0 -I. -I/var/www/app/bundle/vender/ruby/2.6.0/gems/nokogiri-1.10.3/ports/x86_64-pc-linux-gnu/libxslt/1.1.33/include -I/var/www/app/bundle/vender/ruby/2.6.0/gems/nokogiri-1.10.3/ports/x86_64-pc-linux-gnu/libxml2/2.9.9/include/libxml2 -I/var/www/app/bundle/vender/ruby/2.6.0/gems/nokogiri-1.10.3/ports/x86_64-pc-linux-gnu/libxml2/2.9.9/include/libxml2 -I/home/admin/.rbenv/versions/2.6.2/include    "-DNOKOGIRI_LIBXML2_PATH=\"/var/www/app/bundle/vender/ruby/2.6.0/gems/nokogiri-1.10.3/ports/x86_64-pc-linux-gnu/libxml2/2.9.9\"" "-DNOKOGIRI_LIBXML2_PATCHES=\"0001-Revert-Do-not-URI-escape-in-server-side-includes.patch 0002-Remove-script-macro-support.patch 0003-Update-entities-to-remove-handling-of-ssi.patch\"" "-DNOKOGIRI_LIBXSLT_PATH=\"/var/www/app/bundle/vender/ruby/2.6.0/gems/nokogiri-1.10.3/ports/x86_64-pc-linux-gnu/libxslt/1.1.33\"" "-DNOKOGIRI_LIBXSLT_PATCHES=\"0001-Fix-security-framework-bypass.patch\"" -O3 -ggdb3 -Wall -Wextra -Wdeclaration-after-statement -Wdeprecated-declarations -Wimplicit-function-declaration -Wimplicit-int -Wpointer-arith -Wwrite-strings -Wmissing-noreturn -Wno-cast-function-type -Wno-constant-logical-operand -Wno-long-long -Wno-missing-field-initializers -Wno-overlength-strings -Wno-packed-bitfield-compat -Wno-parentheses-equality -Wno-self-assign -Wno-tautological-compare -Wno-unused-parameter -Wno-unused-value -Wsuggest-attribute=format -Wsuggest-attribute=noreturn -Wunused-variable  -g -DXP_UNIX -O3 -Wall -Wcast-qual -Wwrite-strings -Wmissing-noreturn -Winline -DNOKOGIRI_USE_PACKAGED_LIBRARIES conftest.c  -L. -L/home/admin/.rbenv/versions/2.6.2/lib -Wl,-rpath,/home/admin/.rbenv/versions/2.6.2/lib -L/var/www/app/bundle/vender/ruby/2.6.0/gems/nokogiri-1.10.3/ports/x86_64-pc-linux-gnu/libxml2/2.9.9/lib -Wl,-rpath,/var/www/app/bundle/vender/ruby/2.6.0/gems/nokogiri-1.10.3/ports/x86_64-pc-linux-gnu/libxml2/2.9.9/lib -L/var/www/app/bundle/vender/ruby/2.6.0/gems/nokogiri-1.10.3/ports/x86_64-pc-linux-gnu/libxslt/1.1.33/lib -Wl,-rpath,/var/www/app/bundle/vender/ruby/2.6.0/gems/nokogiri-1.10.3/ports/x86_64-pc-linux-gnu/libxslt/1.1.33/lib -L. -L/home/admin/.rbenv/versions/2.6.2/lib  -fstack-protector-strong -rdynamic -Wl,-export-dynamic    /var/www/app/bundle/vender/ruby/2.6.0/gems/nokogiri-1.10.3/ports/x86_64-pc-linux-gnu/libxslt/1.1.33/lib/libexslt.a -lm -ldl -lz /var/www/app/bundle/vender/ruby/2.6.0/gems/nokogiri-1.10.3/ports/x86_64-pc-linux-gnu/libxml2/2.9.9/lib/libxml2.a /var/www/app/bundle/vender/ruby/2.6.0/gems/nokogiri-1.10.3/ports/x86_64-pc-linux-gnu/libxslt/1.1.33/lib/libxslt.a -ldl -lm -lz /var/www/app/bundle/vender/ruby/2.6.0/gems/nokogiri-1.10.3/ports/x86_64-pc-linux-gnu/libxml2/2.9.9/lib/libxml2.a -Wl,-rpath,/home/admin/.rbenv/versions/2.6.2/lib -L/home/admin/.rbenv/versions/2.6.2/lib -lruby-static -lz -lpthread -lrt -lrt -ldl -lcrypt -lm  /var/www/app/bundle/vender/ruby/2.6.0/gems/nokogiri-1.10.3/ports/x86_64-pc-linux-gnu/libxslt/1.1.33/lib/libexslt.a -lm -ldl -lz /var/www/app/bundle/vender/ruby/2.6.0/gems/nokogiri-1.10.3/ports/x86_64-pc-linux-gnu/libxml2/2.9.9/lib/libxml2.a /var/www/app/bundle/vender/ruby/2.6.0/gems/nokogiri-1.10.3/ports/x86_64-pc-linux-gnu/libxslt/1.1.33/lib/libxslt.a -ldl -lm -lz /var/www/app/bundle/vender/ruby/2.6.0/gems/nokogiri-1.10.3/ports/x86_64-pc-linux-gnu/libxml2/2.9.9/lib/libxml2.a -lm   -lc "
conftest.c: 関数 ‘t’ 内:
conftest.c:14:57: エラー: ‘xmlHasFeature’ が宣言されていません (この関数内での最初の使用)
 int t(void) { void ((*volatile p)()); p = (void ((*)()))xmlHasFeature; return !p; }
                                                         ^
conftest.c:14:57: 備考: 未宣言の識別子は出現した各関数内で一回のみ報告されます
conftest.c: トップレベル:
cc1: 警告: 認識できないコマンドラインオプション "-Wno-tautological-compare" です [デフォルトで有効]
cc1: 警告: 認識できないコマンドラインオプション "-Wno-self-assign" です [デフォルトで有効]
cc1: 警告: 認識できないコマンドラインオプション "-Wno-parentheses-equality" です [デフォルトで有効]
cc1: 警告: 認識できないコマンドラインオプション "-Wno-constant-logical-operand" です [デフォルトで有効]
cc1: 警告: 認識できないコマンドラインオプション "-Wno-cast-function-type" です [デフォルトで有効]
checked program was:
/* begin */
 1: #include "ruby.h"
 2: 
 3: /*top*/
 4: extern int t(void);
 5: int main(int argc, char **argv)
 6: {
 7:   if (argc > 1000000) {
 8:     int (* volatile tp)(void)=(int (*)(void))&t;
 9:     printf("%d", (*tp)());
10:   }
11: 
12:   return 0;
13: }
14: int t(void) { void ((*volatile p)()); p = (void ((*)()))xmlHasFeature; return !p; }
/* end */

"gcc -o conftest -I/home/admin/.rbenv/versions/2.6.2/include/ruby-2.6.0/x86_64-linux -I/home/admin/.rbenv/versions/2.6.2/include/ruby-2.6.0/ruby/backward -I/home/admin/.rbenv/versions/2.6.2/include/ruby-2.6.0 -I. -I/var/www/app/bundle/vender/ruby/2.6.0/gems/nokogiri-1.10.3/ports/x86_64-pc-linux-gnu/libxslt/1.1.33/include -I/var/www/app/bundle/vender/ruby/2.6.0/gems/nokogiri-1.10.3/ports/x86_64-pc-linux-gnu/libxml2/2.9.9/include/libxml2 -I/var/www/app/bundle/vender/ruby/2.6.0/gems/nokogiri-1.10.3/ports/x86_64-pc-linux-gnu/libxml2/2.9.9/include/libxml2 -I/home/admin/.rbenv/versions/2.6.2/include    "-DNOKOGIRI_LIBXML2_PATH=\"/var/www/app/bundle/vender/ruby/2.6.0/gems/nokogiri-1.10.3/ports/x86_64-pc-linux-gnu/libxml2/2.9.9\"" "-DNOKOGIRI_LIBXML2_PATCHES=\"0001-Revert-Do-not-URI-escape-in-server-side-includes.patch 0002-Remove-script-macro-support.patch 0003-Update-entities-to-remove-handling-of-ssi.patch\"" "-DNOKOGIRI_LIBXSLT_PATH=\"/var/www/app/bundle/vender/ruby/2.6.0/gems/nokogiri-1.10.3/ports/x86_64-pc-linux-gnu/libxslt/1.1.33\"" "-DNOKOGIRI_LIBXSLT_PATCHES=\"0001-Fix-security-framework-bypass.patch\"" -O3 -ggdb3 -Wall -Wextra -Wdeclaration-after-statement -Wdeprecated-declarations -Wimplicit-function-declaration -Wimplicit-int -Wpointer-arith -Wwrite-strings -Wmissing-noreturn -Wno-cast-function-type -Wno-constant-logical-operand -Wno-long-long -Wno-missing-field-initializers -Wno-overlength-strings -Wno-packed-bitfield-compat -Wno-parentheses-equality -Wno-self-assign -Wno-tautological-compare -Wno-unused-parameter -Wno-unused-value -Wsuggest-attribute=format -Wsuggest-attribute=noreturn -Wunused-variable  -g -DXP_UNIX -O3 -Wall -Wcast-qual -Wwrite-strings -Wmissing-noreturn -Winline -DNOKOGIRI_USE_PACKAGED_LIBRARIES conftest.c  -L. -L/home/admin/.rbenv/versions/2.6.2/lib -Wl,-rpath,/home/admin/.rbenv/versions/2.6.2/lib -L/var/www/app/bundle/vender/ruby/2.6.0/gems/nokogiri-1.10.3/ports/x86_64-pc-linux-gnu/libxml2/2.9.9/lib -Wl,-rpath,/var/www/app/bundle/vender/ruby/2.6.0/gems/nokogiri-1.10.3/ports/x86_64-pc-linux-gnu/libxml2/2.9.9/lib -L/var/www/app/bundle/vender/ruby/2.6.0/gems/nokogiri-1.10.3/ports/x86_64-pc-linux-gnu/libxslt/1.1.33/lib -Wl,-rpath,/var/www/app/bundle/vender/ruby/2.6.0/gems/nokogiri-1.10.3/ports/x86_64-pc-linux-gnu/libxslt/1.1.33/lib -L. -L/home/admin/.rbenv/versions/2.6.2/lib  -fstack-protector-strong -rdynamic -Wl,-export-dynamic    /var/www/app/bundle/vender/ruby/2.6.0/gems/nokogiri-1.10.3/ports/x86_64-pc-linux-gnu/libxslt/1.1.33/lib/libexslt.a -lm -ldl -lz /var/www/app/bundle/vender/ruby/2.6.0/gems/nokogiri-1.10.3/ports/x86_64-pc-linux-gnu/libxml2/2.9.9/lib/libxml2.a /var/www/app/bundle/vender/ruby/2.6.0/gems/nokogiri-1.10.3/ports/x86_64-pc-linux-gnu/libxslt/1.1.33/lib/libxslt.a -ldl -lm -lz /var/www/app/bundle/vender/ruby/2.6.0/gems/nokogiri-1.10.3/ports/x86_64-pc-linux-gnu/libxml2/2.9.9/lib/libxml2.a -Wl,-rpath,/home/admin/.rbenv/versions/2.6.2/lib -L/home/admin/.rbenv/versions/2.6.2/lib -lruby-static -lz -lpthread -lrt -lrt -ldl -lcrypt -lm  /var/www/app/bundle/vender/ruby/2.6.0/gems/nokogiri-1.10.3/ports/x86_64-pc-linux-gnu/libxslt/1.1.33/lib/libexslt.a -lm -ldl -lz /var/www/app/bundle/vender/ruby/2.6.0/gems/nokogiri-1.10.3/ports/x86_64-pc-linux-gnu/libxml2/2.9.9/lib/libxml2.a /var/www/app/bundle/vender/ruby/2.6.0/gems/nokogiri-1.10.3/ports/x86_64-pc-linux-gnu/libxslt/1.1.33/lib/libxslt.a -ldl -lm -lz /var/www/app/bundle/vender/ruby/2.6.0/gems/nokogiri-1.10.3/ports/x86_64-pc-linux-gnu/libxml2/2.9.9/lib/libxml2.a -lm   -lc "
checked program was:
/* begin */
 1: #include "ruby.h"
 2: 
 3: /*top*/
 4: extern int t(void);
 5: int main(int argc, char **argv)
 6: {
 7:   if (argc > 1000000) {
 8:     int (* volatile tp)(void)=(int (*)(void))&t;
 9:     printf("%d", (*tp)());
10:   }
11: 
12:   return 0;
13: }
14: extern void xmlHasFeature();
15: int t(void) { xmlHasFeature(); return 0; }
/* end */

--------------------

have_func: checking for xmlFirstElementChild()... -------------------- yes

"gcc -o conftest -I/home/admin/.rbenv/versions/2.6.2/include/ruby-2.6.0/x86_64-linux -I/home/admin/.rbenv/versions/2.6.2/include/ruby-2.6.0/ruby/backward -I/home/admin/.rbenv/versions/2.6.2/include/ruby-2.6.0 -I. -I/var/www/app/bundle/vender/ruby/2.6.0/gems/nokogiri-1.10.3/ports/x86_64-pc-linux-gnu/libxslt/1.1.33/include -I/var/www/app/bundle/vender/ruby/2.6.0/gems/nokogiri-1.10.3/ports/x86_64-pc-linux-gnu/libxml2/2.9.9/include/libxml2 -I/var/www/app/bundle/vender/ruby/2.6.0/gems/nokogiri-1.10.3/ports/x86_64-pc-linux-gnu/libxml2/2.9.9/include/libxml2 -I/home/admin/.rbenv/versions/2.6.2/include    "-DNOKOGIRI_LIBXML2_PATH=\"/var/www/app/bundle/vender/ruby/2.6.0/gems/nokogiri-1.10.3/ports/x86_64-pc-linux-gnu/libxml2/2.9.9\"" "-DNOKOGIRI_LIBXML2_PATCHES=\"0001-Revert-Do-not-URI-escape-in-server-side-includes.patch 0002-Remove-script-macro-support.patch 0003-Update-entities-to-remove-handling-of-ssi.patch\"" "-DNOKOGIRI_LIBXSLT_PATH=\"/var/www/app/bundle/vender/ruby/2.6.0/gems/nokogiri-1.10.3/ports/x86_64-pc-linux-gnu/libxslt/1.1.33\"" "-DNOKOGIRI_LIBXSLT_PATCHES=\"0001-Fix-security-framework-bypass.patch\"" -O3 -ggdb3 -Wall -Wextra -Wdeclaration-after-statement -Wdeprecated-declarations -Wimplicit-function-declaration -Wimplicit-int -Wpointer-arith -Wwrite-strings -Wmissing-noreturn -Wno-cast-function-type -Wno-constant-logical-operand -Wno-long-long -Wno-missing-field-initializers -Wno-overlength-strings -Wno-packed-bitfield-compat -Wno-parentheses-equality -Wno-self-assign -Wno-tautological-compare -Wno-unused-parameter -Wno-unused-value -Wsuggest-attribute=format -Wsuggest-attribute=noreturn -Wunused-variable  -g -DXP_UNIX -O3 -Wall -Wcast-qual -Wwrite-strings -Wmissing-noreturn -Winline -DNOKOGIRI_USE_PACKAGED_LIBRARIES conftest.c  -L. -L/home/admin/.rbenv/versions/2.6.2/lib -Wl,-rpath,/home/admin/.rbenv/versions/2.6.2/lib -L/var/www/app/bundle/vender/ruby/2.6.0/gems/nokogiri-1.10.3/ports/x86_64-pc-linux-gnu/libxml2/2.9.9/lib -Wl,-rpath,/var/www/app/bundle/vender/ruby/2.6.0/gems/nokogiri-1.10.3/ports/x86_64-pc-linux-gnu/libxml2/2.9.9/lib -L/var/www/app/bundle/vender/ruby/2.6.0/gems/nokogiri-1.10.3/ports/x86_64-pc-linux-gnu/libxslt/1.1.33/lib -Wl,-rpath,/var/www/app/bundle/vender/ruby/2.6.0/gems/nokogiri-1.10.3/ports/x86_64-pc-linux-gnu/libxslt/1.1.33/lib -L. -L/home/admin/.rbenv/versions/2.6.2/lib  -fstack-protector-strong -rdynamic -Wl,-export-dynamic    /var/www/app/bundle/vender/ruby/2.6.0/gems/nokogiri-1.10.3/ports/x86_64-pc-linux-gnu/libxslt/1.1.33/lib/libexslt.a -lm -ldl -lz /var/www/app/bundle/vender/ruby/2.6.0/gems/nokogiri-1.10.3/ports/x86_64-pc-linux-gnu/libxml2/2.9.9/lib/libxml2.a /var/www/app/bundle/vender/ruby/2.6.0/gems/nokogiri-1.10.3/ports/x86_64-pc-linux-gnu/libxslt/1.1.33/lib/libxslt.a -ldl -lm -lz /var/www/app/bundle/vender/ruby/2.6.0/gems/nokogiri-1.10.3/ports/x86_64-pc-linux-gnu/libxml2/2.9.9/lib/libxml2.a -Wl,-rpath,/home/admin/.rbenv/versions/2.6.2/lib -L/home/admin/.rbenv/versions/2.6.2/lib -lruby-static -lz -lpthread -lrt -lrt -ldl -lcrypt -lm  /var/www/app/bundle/vender/ruby/2.6.0/gems/nokogiri-1.10.3/ports/x86_64-pc-linux-gnu/libxslt/1.1.33/lib/libexslt.a -lm -ldl -lz /var/www/app/bundle/vender/ruby/2.6.0/gems/nokogiri-1.10.3/ports/x86_64-pc-linux-gnu/libxml2/2.9.9/lib/libxml2.a /var/www/app/bundle/vender/ruby/2.6.0/gems/nokogiri-1.10.3/ports/x86_64-pc-linux-gnu/libxslt/1.1.33/lib/libxslt.a -ldl -lm -lz /var/www/app/bundle/vender/ruby/2.6.0/gems/nokogiri-1.10.3/ports/x86_64-pc-linux-gnu/libxml2/2.9.9/lib/libxml2.a -lm   -lc "
conftest.c: 関数 ‘t’ 内:
conftest.c:14:57: エラー: ‘xmlFirstElementChild’ が宣言されていません (この関数内での最初の使用)
 int t(void) { void ((*volatile p)()); p = (void ((*)()))xmlFirstElementChild; return !p; }
                                                         ^
conftest.c:14:57: 備考: 未宣言の識別子は出現した各関数内で一回のみ報告されます
conftest.c: トップレベル:
cc1: 警告: 認識できないコマンドラインオプション "-Wno-tautological-compare" です [デフォルトで有効]
cc1: 警告: 認識できないコマンドラインオプション "-Wno-self-assign" です [デフォルトで有効]
cc1: 警告: 認識できないコマンドラインオプション "-Wno-parentheses-equality" です [デフォルトで有効]
cc1: 警告: 認識できないコマンドラインオプション "-Wno-constant-logical-operand" です [デフォルトで有効]
cc1: 警告: 認識できないコマンドラインオプション "-Wno-cast-function-type" です [デフォルトで有効]
checked program was:
/* begin */
 1: #include "ruby.h"
 2: 
 3: /*top*/
 4: extern int t(void);
 5: int main(int argc, char **argv)
 6: {
 7:   if (argc > 1000000) {
 8:     int (* volatile tp)(void)=(int (*)(void))&t;
 9:     printf("%d", (*tp)());
10:   }
11: 
12:   return 0;
13: }
14: int t(void) { void ((*volatile p)()); p = (void ((*)()))xmlFirstElementChild; return !p; }
/* end */

"gcc -o conftest -I/home/admin/.rbenv/versions/2.6.2/include/ruby-2.6.0/x86_64-linux -I/home/admin/.rbenv/versions/2.6.2/include/ruby-2.6.0/ruby/backward -I/home/admin/.rbenv/versions/2.6.2/include/ruby-2.6.0 -I. -I/var/www/app/bundle/vender/ruby/2.6.0/gems/nokogiri-1.10.3/ports/x86_64-pc-linux-gnu/libxslt/1.1.33/include -I/var/www/app/bundle/vender/ruby/2.6.0/gems/nokogiri-1.10.3/ports/x86_64-pc-linux-gnu/libxml2/2.9.9/include/libxml2 -I/var/www/app/bundle/vender/ruby/2.6.0/gems/nokogiri-1.10.3/ports/x86_64-pc-linux-gnu/libxml2/2.9.9/include/libxml2 -I/home/admin/.rbenv/versions/2.6.2/include    "-DNOKOGIRI_LIBXML2_PATH=\"/var/www/app/bundle/vender/ruby/2.6.0/gems/nokogiri-1.10.3/ports/x86_64-pc-linux-gnu/libxml2/2.9.9\"" "-DNOKOGIRI_LIBXML2_PATCHES=\"0001-Revert-Do-not-URI-escape-in-server-side-includes.patch 0002-Remove-script-macro-support.patch 0003-Update-entities-to-remove-handling-of-ssi.patch\"" "-DNOKOGIRI_LIBXSLT_PATH=\"/var/www/app/bundle/vender/ruby/2.6.0/gems/nokogiri-1.10.3/ports/x86_64-pc-linux-gnu/libxslt/1.1.33\"" "-DNOKOGIRI_LIBXSLT_PATCHES=\"0001-Fix-security-framework-bypass.patch\"" -O3 -ggdb3 -Wall -Wextra -Wdeclaration-after-statement -Wdeprecated-declarations -Wimplicit-function-declaration -Wimplicit-int -Wpointer-arith -Wwrite-strings -Wmissing-noreturn -Wno-cast-function-type -Wno-constant-logical-operand -Wno-long-long -Wno-missing-field-initializers -Wno-overlength-strings -Wno-packed-bitfield-compat -Wno-parentheses-equality -Wno-self-assign -Wno-tautological-compare -Wno-unused-parameter -Wno-unused-value -Wsuggest-attribute=format -Wsuggest-attribute=noreturn -Wunused-variable  -g -DXP_UNIX -O3 -Wall -Wcast-qual -Wwrite-strings -Wmissing-noreturn -Winline -DNOKOGIRI_USE_PACKAGED_LIBRARIES conftest.c  -L. -L/home/admin/.rbenv/versions/2.6.2/lib -Wl,-rpath,/home/admin/.rbenv/versions/2.6.2/lib -L/var/www/app/bundle/vender/ruby/2.6.0/gems/nokogiri-1.10.3/ports/x86_64-pc-linux-gnu/libxml2/2.9.9/lib -Wl,-rpath,/var/www/app/bundle/vender/ruby/2.6.0/gems/nokogiri-1.10.3/ports/x86_64-pc-linux-gnu/libxml2/2.9.9/lib -L/var/www/app/bundle/vender/ruby/2.6.0/gems/nokogiri-1.10.3/ports/x86_64-pc-linux-gnu/libxslt/1.1.33/lib -Wl,-rpath,/var/www/app/bundle/vender/ruby/2.6.0/gems/nokogiri-1.10.3/ports/x86_64-pc-linux-gnu/libxslt/1.1.33/lib -L. -L/home/admin/.rbenv/versions/2.6.2/lib  -fstack-protector-strong -rdynamic -Wl,-export-dynamic    /var/www/app/bundle/vender/ruby/2.6.0/gems/nokogiri-1.10.3/ports/x86_64-pc-linux-gnu/libxslt/1.1.33/lib/libexslt.a -lm -ldl -lz /var/www/app/bundle/vender/ruby/2.6.0/gems/nokogiri-1.10.3/ports/x86_64-pc-linux-gnu/libxml2/2.9.9/lib/libxml2.a /var/www/app/bundle/vender/ruby/2.6.0/gems/nokogiri-1.10.3/ports/x86_64-pc-linux-gnu/libxslt/1.1.33/lib/libxslt.a -ldl -lm -lz /var/www/app/bundle/vender/ruby/2.6.0/gems/nokogiri-1.10.3/ports/x86_64-pc-linux-gnu/libxml2/2.9.9/lib/libxml2.a -Wl,-rpath,/home/admin/.rbenv/versions/2.6.2/lib -L/home/admin/.rbenv/versions/2.6.2/lib -lruby-static -lz -lpthread -lrt -lrt -ldl -lcrypt -lm  /var/www/app/bundle/vender/ruby/2.6.0/gems/nokogiri-1.10.3/ports/x86_64-pc-linux-gnu/libxslt/1.1.33/lib/libexslt.a -lm -ldl -lz /var/www/app/bundle/vender/ruby/2.6.0/gems/nokogiri-1.10.3/ports/x86_64-pc-linux-gnu/libxml2/2.9.9/lib/libxml2.a /var/www/app/bundle/vender/ruby/2.6.0/gems/nokogiri-1.10.3/ports/x86_64-pc-linux-gnu/libxslt/1.1.33/lib/libxslt.a -ldl -lm -lz /var/www/app/bundle/vender/ruby/2.6.0/gems/nokogiri-1.10.3/ports/x86_64-pc-linux-gnu/libxml2/2.9.9/lib/libxml2.a -lm   -lc "
checked program was:
/* begin */
 1: #include "ruby.h"
 2: 
 3: /*top*/
 4: extern int t(void);
 5: int main(int argc, char **argv)
 6: {
 7:   if (argc > 1000000) {
 8:     int (* volatile tp)(void)=(int (*)(void))&t;
 9:     printf("%d", (*tp)());
10:   }
11: 
12:   return 0;
13: }
14: extern void xmlFirstElementChild();
15: int t(void) { xmlFirstElementChild(); return 0; }
/* end */

--------------------

have_func: checking for xmlRelaxNGSetParserStructuredErrors()... -------------------- yes

"gcc -o conftest -I/home/admin/.rbenv/versions/2.6.2/include/ruby-2.6.0/x86_64-linux -I/home/admin/.rbenv/versions/2.6.2/include/ruby-2.6.0/ruby/backward -I/home/admin/.rbenv/versions/2.6.2/include/ruby-2.6.0 -I. -I/var/www/app/bundle/vender/ruby/2.6.0/gems/nokogiri-1.10.3/ports/x86_64-pc-linux-gnu/libxslt/1.1.33/include -I/var/www/app/bundle/vender/ruby/2.6.0/gems/nokogiri-1.10.3/ports/x86_64-pc-linux-gnu/libxml2/2.9.9/include/libxml2 -I/var/www/app/bundle/vender/ruby/2.6.0/gems/nokogiri-1.10.3/ports/x86_64-pc-linux-gnu/libxml2/2.9.9/include/libxml2 -I/home/admin/.rbenv/versions/2.6.2/include    "-DNOKOGIRI_LIBXML2_PATH=\"/var/www/app/bundle/vender/ruby/2.6.0/gems/nokogiri-1.10.3/ports/x86_64-pc-linux-gnu/libxml2/2.9.9\"" "-DNOKOGIRI_LIBXML2_PATCHES=\"0001-Revert-Do-not-URI-escape-in-server-side-includes.patch 0002-Remove-script-macro-support.patch 0003-Update-entities-to-remove-handling-of-ssi.patch\"" "-DNOKOGIRI_LIBXSLT_PATH=\"/var/www/app/bundle/vender/ruby/2.6.0/gems/nokogiri-1.10.3/ports/x86_64-pc-linux-gnu/libxslt/1.1.33\"" "-DNOKOGIRI_LIBXSLT_PATCHES=\"0001-Fix-security-framework-bypass.patch\"" -O3 -ggdb3 -Wall -Wextra -Wdeclaration-after-statement -Wdeprecated-declarations -Wimplicit-function-declaration -Wimplicit-int -Wpointer-arith -Wwrite-strings -Wmissing-noreturn -Wno-cast-function-type -Wno-constant-logical-operand -Wno-long-long -Wno-missing-field-initializers -Wno-overlength-strings -Wno-packed-bitfield-compat -Wno-parentheses-equality -Wno-self-assign -Wno-tautological-compare -Wno-unused-parameter -Wno-unused-value -Wsuggest-attribute=format -Wsuggest-attribute=noreturn -Wunused-variable  -g -DXP_UNIX -O3 -Wall -Wcast-qual -Wwrite-strings -Wmissing-noreturn -Winline -DNOKOGIRI_USE_PACKAGED_LIBRARIES conftest.c  -L. -L/home/admin/.rbenv/versions/2.6.2/lib -Wl,-rpath,/home/admin/.rbenv/versions/2.6.2/lib -L/var/www/app/bundle/vender/ruby/2.6.0/gems/nokogiri-1.10.3/ports/x86_64-pc-linux-gnu/libxml2/2.9.9/lib -Wl,-rpath,/var/www/app/bundle/vender/ruby/2.6.0/gems/nokogiri-1.10.3/ports/x86_64-pc-linux-gnu/libxml2/2.9.9/lib -L/var/www/app/bundle/vender/ruby/2.6.0/gems/nokogiri-1.10.3/ports/x86_64-pc-linux-gnu/libxslt/1.1.33/lib -Wl,-rpath,/var/www/app/bundle/vender/ruby/2.6.0/gems/nokogiri-1.10.3/ports/x86_64-pc-linux-gnu/libxslt/1.1.33/lib -L. -L/home/admin/.rbenv/versions/2.6.2/lib  -fstack-protector-strong -rdynamic -Wl,-export-dynamic    /var/www/app/bundle/vender/ruby/2.6.0/gems/nokogiri-1.10.3/ports/x86_64-pc-linux-gnu/libxslt/1.1.33/lib/libexslt.a -lm -ldl -lz /var/www/app/bundle/vender/ruby/2.6.0/gems/nokogiri-1.10.3/ports/x86_64-pc-linux-gnu/libxml2/2.9.9/lib/libxml2.a /var/www/app/bundle/vender/ruby/2.6.0/gems/nokogiri-1.10.3/ports/x86_64-pc-linux-gnu/libxslt/1.1.33/lib/libxslt.a -ldl -lm -lz /var/www/app/bundle/vender/ruby/2.6.0/gems/nokogiri-1.10.3/ports/x86_64-pc-linux-gnu/libxml2/2.9.9/lib/libxml2.a -Wl,-rpath,/home/admin/.rbenv/versions/2.6.2/lib -L/home/admin/.rbenv/versions/2.6.2/lib -lruby-static -lz -lpthread -lrt -lrt -ldl -lcrypt -lm  /var/www/app/bundle/vender/ruby/2.6.0/gems/nokogiri-1.10.3/ports/x86_64-pc-linux-gnu/libxslt/1.1.33/lib/libexslt.a -lm -ldl -lz /var/www/app/bundle/vender/ruby/2.6.0/gems/nokogiri-1.10.3/ports/x86_64-pc-linux-gnu/libxml2/2.9.9/lib/libxml2.a /var/www/app/bundle/vender/ruby/2.6.0/gems/nokogiri-1.10.3/ports/x86_64-pc-linux-gnu/libxslt/1.1.33/lib/libxslt.a -ldl -lm -lz /var/www/app/bundle/vender/ruby/2.6.0/gems/nokogiri-1.10.3/ports/x86_64-pc-linux-gnu/libxml2/2.9.9/lib/libxml2.a -lm   -lc "
conftest.c: 関数 ‘t’ 内:
conftest.c:14:57: エラー: ‘xmlRelaxNGSetParserStructuredErrors’ が宣言されていません (この関数内での最初の使用)
 int t(void) { void ((*volatile p)()); p = (void ((*)()))xmlRelaxNGSetParserStructuredErrors; return !p; }
                                                         ^
conftest.c:14:57: 備考: 未宣言の識別子は出現した各関数内で一回のみ報告されます
conftest.c: トップレベル:
cc1: 警告: 認識できないコマンドラインオプション "-Wno-tautological-compare" です [デフォルトで有効]
cc1: 警告: 認識できないコマンドラインオプション "-Wno-self-assign" です [デフォルトで有効]
cc1: 警告: 認識できないコマンドラインオプション "-Wno-parentheses-equality" です [デフォルトで有効]
cc1: 警告: 認識できないコマンドラインオプション "-Wno-constant-logical-operand" です [デフォルトで有効]
cc1: 警告: 認識できないコマンドラインオプション "-Wno-cast-function-type" です [デフォルトで有効]
checked program was:
/* begin */
 1: #include "ruby.h"
 2: 
 3: /*top*/
 4: extern int t(void);
 5: int main(int argc, char **argv)
 6: {
 7:   if (argc > 1000000) {
 8:     int (* volatile tp)(void)=(int (*)(void))&t;
 9:     printf("%d", (*tp)());
10:   }
11: 
12:   return 0;
13: }
14: int t(void) { void ((*volatile p)()); p = (void ((*)()))xmlRelaxNGSetParserStructuredErrors; return !p; }
/* end */

"gcc -o conftest -I/home/admin/.rbenv/versions/2.6.2/include/ruby-2.6.0/x86_64-linux -I/home/admin/.rbenv/versions/2.6.2/include/ruby-2.6.0/ruby/backward -I/home/admin/.rbenv/versions/2.6.2/include/ruby-2.6.0 -I. -I/var/www/app/bundle/vender/ruby/2.6.0/gems/nokogiri-1.10.3/ports/x86_64-pc-linux-gnu/libxslt/1.1.33/include -I/var/www/app/bundle/vender/ruby/2.6.0/gems/nokogiri-1.10.3/ports/x86_64-pc-linux-gnu/libxml2/2.9.9/include/libxml2 -I/var/www/app/bundle/vender/ruby/2.6.0/gems/nokogiri-1.10.3/ports/x86_64-pc-linux-gnu/libxml2/2.9.9/include/libxml2 -I/home/admin/.rbenv/versions/2.6.2/include    "-DNOKOGIRI_LIBXML2_PATH=\"/var/www/app/bundle/vender/ruby/2.6.0/gems/nokogiri-1.10.3/ports/x86_64-pc-linux-gnu/libxml2/2.9.9\"" "-DNOKOGIRI_LIBXML2_PATCHES=\"0001-Revert-Do-not-URI-escape-in-server-side-includes.patch 0002-Remove-script-macro-support.patch 0003-Update-entities-to-remove-handling-of-ssi.patch\"" "-DNOKOGIRI_LIBXSLT_PATH=\"/var/www/app/bundle/vender/ruby/2.6.0/gems/nokogiri-1.10.3/ports/x86_64-pc-linux-gnu/libxslt/1.1.33\"" "-DNOKOGIRI_LIBXSLT_PATCHES=\"0001-Fix-security-framework-bypass.patch\"" -O3 -ggdb3 -Wall -Wextra -Wdeclaration-after-statement -Wdeprecated-declarations -Wimplicit-function-declaration -Wimplicit-int -Wpointer-arith -Wwrite-strings -Wmissing-noreturn -Wno-cast-function-type -Wno-constant-logical-operand -Wno-long-long -Wno-missing-field-initializers -Wno-overlength-strings -Wno-packed-bitfield-compat -Wno-parentheses-equality -Wno-self-assign -Wno-tautological-compare -Wno-unused-parameter -Wno-unused-value -Wsuggest-attribute=format -Wsuggest-attribute=noreturn -Wunused-variable  -g -DXP_UNIX -O3 -Wall -Wcast-qual -Wwrite-strings -Wmissing-noreturn -Winline -DNOKOGIRI_USE_PACKAGED_LIBRARIES conftest.c  -L. -L/home/admin/.rbenv/versions/2.6.2/lib -Wl,-rpath,/home/admin/.rbenv/versions/2.6.2/lib -L/var/www/app/bundle/vender/ruby/2.6.0/gems/nokogiri-1.10.3/ports/x86_64-pc-linux-gnu/libxml2/2.9.9/lib -Wl,-rpath,/var/www/app/bundle/vender/ruby/2.6.0/gems/nokogiri-1.10.3/ports/x86_64-pc-linux-gnu/libxml2/2.9.9/lib -L/var/www/app/bundle/vender/ruby/2.6.0/gems/nokogiri-1.10.3/ports/x86_64-pc-linux-gnu/libxslt/1.1.33/lib -Wl,-rpath,/var/www/app/bundle/vender/ruby/2.6.0/gems/nokogiri-1.10.3/ports/x86_64-pc-linux-gnu/libxslt/1.1.33/lib -L. -L/home/admin/.rbenv/versions/2.6.2/lib  -fstack-protector-strong -rdynamic -Wl,-export-dynamic    /var/www/app/bundle/vender/ruby/2.6.0/gems/nokogiri-1.10.3/ports/x86_64-pc-linux-gnu/libxslt/1.1.33/lib/libexslt.a -lm -ldl -lz /var/www/app/bundle/vender/ruby/2.6.0/gems/nokogiri-1.10.3/ports/x86_64-pc-linux-gnu/libxml2/2.9.9/lib/libxml2.a /var/www/app/bundle/vender/ruby/2.6.0/gems/nokogiri-1.10.3/ports/x86_64-pc-linux-gnu/libxslt/1.1.33/lib/libxslt.a -ldl -lm -lz /var/www/app/bundle/vender/ruby/2.6.0/gems/nokogiri-1.10.3/ports/x86_64-pc-linux-gnu/libxml2/2.9.9/lib/libxml2.a -Wl,-rpath,/home/admin/.rbenv/versions/2.6.2/lib -L/home/admin/.rbenv/versions/2.6.2/lib -lruby-static -lz -lpthread -lrt -lrt -ldl -lcrypt -lm  /var/www/app/bundle/vender/ruby/2.6.0/gems/nokogiri-1.10.3/ports/x86_64-pc-linux-gnu/libxslt/1.1.33/lib/libexslt.a -lm -ldl -lz /var/www/app/bundle/vender/ruby/2.6.0/gems/nokogiri-1.10.3/ports/x86_64-pc-linux-gnu/libxml2/2.9.9/lib/libxml2.a /var/www/app/bundle/vender/ruby/2.6.0/gems/nokogiri-1.10.3/ports/x86_64-pc-linux-gnu/libxslt/1.1.33/lib/libxslt.a -ldl -lm -lz /var/www/app/bundle/vender/ruby/2.6.0/gems/nokogiri-1.10.3/ports/x86_64-pc-linux-gnu/libxml2/2.9.9/lib/libxml2.a -lm   -lc "
checked program was:
/* begin */
 1: #include "ruby.h"
 2: 
 3: /*top*/
 4: extern int t(void);
 5: int main(int argc, char **argv)
 6: {
 7:   if (argc > 1000000) {
 8:     int (* volatile tp)(void)=(int (*)(void))&t;
 9:     printf("%d", (*tp)());
10:   }
11: 
12:   return 0;
13: }
14: extern void xmlRelaxNGSetParserStructuredErrors();
15: int t(void) { xmlRelaxNGSetParserStructuredErrors(); return 0; }
/* end */

--------------------

have_func: checking for xmlRelaxNGSetParserStructuredErrors()... -------------------- yes

"gcc -o conftest -I/home/admin/.rbenv/versions/2.6.2/include/ruby-2.6.0/x86_64-linux -I/home/admin/.rbenv/versions/2.6.2/include/ruby-2.6.0/ruby/backward -I/home/admin/.rbenv/versions/2.6.2/include/ruby-2.6.0 -I. -I/var/www/app/bundle/vender/ruby/2.6.0/gems/nokogiri-1.10.3/ports/x86_64-pc-linux-gnu/libxslt/1.1.33/include -I/var/www/app/bundle/vender/ruby/2.6.0/gems/nokogiri-1.10.3/ports/x86_64-pc-linux-gnu/libxml2/2.9.9/include/libxml2 -I/var/www/app/bundle/vender/ruby/2.6.0/gems/nokogiri-1.10.3/ports/x86_64-pc-linux-gnu/libxml2/2.9.9/include/libxml2 -I/home/admin/.rbenv/versions/2.6.2/include    "-DNOKOGIRI_LIBXML2_PATH=\"/var/www/app/bundle/vender/ruby/2.6.0/gems/nokogiri-1.10.3/ports/x86_64-pc-linux-gnu/libxml2/2.9.9\"" "-DNOKOGIRI_LIBXML2_PATCHES=\"0001-Revert-Do-not-URI-escape-in-server-side-includes.patch 0002-Remove-script-macro-support.patch 0003-Update-entities-to-remove-handling-of-ssi.patch\"" "-DNOKOGIRI_LIBXSLT_PATH=\"/var/www/app/bundle/vender/ruby/2.6.0/gems/nokogiri-1.10.3/ports/x86_64-pc-linux-gnu/libxslt/1.1.33\"" "-DNOKOGIRI_LIBXSLT_PATCHES=\"0001-Fix-security-framework-bypass.patch\"" -O3 -ggdb3 -Wall -Wextra -Wdeclaration-after-statement -Wdeprecated-declarations -Wimplicit-function-declaration -Wimplicit-int -Wpointer-arith -Wwrite-strings -Wmissing-noreturn -Wno-cast-function-type -Wno-constant-logical-operand -Wno-long-long -Wno-missing-field-initializers -Wno-overlength-strings -Wno-packed-bitfield-compat -Wno-parentheses-equality -Wno-self-assign -Wno-tautological-compare -Wno-unused-parameter -Wno-unused-value -Wsuggest-attribute=format -Wsuggest-attribute=noreturn -Wunused-variable  -g -DXP_UNIX -O3 -Wall -Wcast-qual -Wwrite-strings -Wmissing-noreturn -Winline -DNOKOGIRI_USE_PACKAGED_LIBRARIES conftest.c  -L. -L/home/admin/.rbenv/versions/2.6.2/lib -Wl,-rpath,/home/admin/.rbenv/versions/2.6.2/lib -L/var/www/app/bundle/vender/ruby/2.6.0/gems/nokogiri-1.10.3/ports/x86_64-pc-linux-gnu/libxml2/2.9.9/lib -Wl,-rpath,/var/www/app/bundle/vender/ruby/2.6.0/gems/nokogiri-1.10.3/ports/x86_64-pc-linux-gnu/libxml2/2.9.9/lib -L/var/www/app/bundle/vender/ruby/2.6.0/gems/nokogiri-1.10.3/ports/x86_64-pc-linux-gnu/libxslt/1.1.33/lib -Wl,-rpath,/var/www/app/bundle/vender/ruby/2.6.0/gems/nokogiri-1.10.3/ports/x86_64-pc-linux-gnu/libxslt/1.1.33/lib -L. -L/home/admin/.rbenv/versions/2.6.2/lib  -fstack-protector-strong -rdynamic -Wl,-export-dynamic    /var/www/app/bundle/vender/ruby/2.6.0/gems/nokogiri-1.10.3/ports/x86_64-pc-linux-gnu/libxslt/1.1.33/lib/libexslt.a -lm -ldl -lz /var/www/app/bundle/vender/ruby/2.6.0/gems/nokogiri-1.10.3/ports/x86_64-pc-linux-gnu/libxml2/2.9.9/lib/libxml2.a /var/www/app/bundle/vender/ruby/2.6.0/gems/nokogiri-1.10.3/ports/x86_64-pc-linux-gnu/libxslt/1.1.33/lib/libxslt.a -ldl -lm -lz /var/www/app/bundle/vender/ruby/2.6.0/gems/nokogiri-1.10.3/ports/x86_64-pc-linux-gnu/libxml2/2.9.9/lib/libxml2.a -Wl,-rpath,/home/admin/.rbenv/versions/2.6.2/lib -L/home/admin/.rbenv/versions/2.6.2/lib -lruby-static -lz -lpthread -lrt -lrt -ldl -lcrypt -lm  /var/www/app/bundle/vender/ruby/2.6.0/gems/nokogiri-1.10.3/ports/x86_64-pc-linux-gnu/libxslt/1.1.33/lib/libexslt.a -lm -ldl -lz /var/www/app/bundle/vender/ruby/2.6.0/gems/nokogiri-1.10.3/ports/x86_64-pc-linux-gnu/libxml2/2.9.9/lib/libxml2.a /var/www/app/bundle/vender/ruby/2.6.0/gems/nokogiri-1.10.3/ports/x86_64-pc-linux-gnu/libxslt/1.1.33/lib/libxslt.a -ldl -lm -lz /var/www/app/bundle/vender/ruby/2.6.0/gems/nokogiri-1.10.3/ports/x86_64-pc-linux-gnu/libxml2/2.9.9/lib/libxml2.a -lm   -lc "
conftest.c: 関数 ‘t’ 内:
conftest.c:14:57: エラー: ‘xmlRelaxNGSetParserStructuredErrors’ が宣言されていません (この関数内での最初の使用)
 int t(void) { void ((*volatile p)()); p = (void ((*)()))xmlRelaxNGSetParserStructuredErrors; return !p; }
                                                         ^
conftest.c:14:57: 備考: 未宣言の識別子は出現した各関数内で一回のみ報告されます
conftest.c: トップレベル:
cc1: 警告: 認識できないコマンドラインオプション "-Wno-tautological-compare" です [デフォルトで有効]
cc1: 警告: 認識できないコマンドラインオプション "-Wno-self-assign" です [デフォルトで有効]
cc1: 警告: 認識できないコマンドラインオプション "-Wno-parentheses-equality" です [デフォルトで有効]
cc1: 警告: 認識できないコマンドラインオプション "-Wno-constant-logical-operand" です [デフォルトで有効]
cc1: 警告: 認識できないコマンドラインオプション "-Wno-cast-function-type" です [デフォルトで有効]
checked program was:
/* begin */
 1: #include "ruby.h"
 2: 
 3: /*top*/
 4: extern int t(void);
 5: int main(int argc, char **argv)
 6: {
 7:   if (argc > 1000000) {
 8:     int (* volatile tp)(void)=(int (*)(void))&t;
 9:     printf("%d", (*tp)());
10:   }
11: 
12:   return 0;
13: }
14: int t(void) { void ((*volatile p)()); p = (void ((*)()))xmlRelaxNGSetParserStructuredErrors; return !p; }
/* end */

"gcc -o conftest -I/home/admin/.rbenv/versions/2.6.2/include/ruby-2.6.0/x86_64-linux -I/home/admin/.rbenv/versions/2.6.2/include/ruby-2.6.0/ruby/backward -I/home/admin/.rbenv/versions/2.6.2/include/ruby-2.6.0 -I. -I/var/www/app/bundle/vender/ruby/2.6.0/gems/nokogiri-1.10.3/ports/x86_64-pc-linux-gnu/libxslt/1.1.33/include -I/var/www/app/bundle/vender/ruby/2.6.0/gems/nokogiri-1.10.3/ports/x86_64-pc-linux-gnu/libxml2/2.9.9/include/libxml2 -I/var/www/app/bundle/vender/ruby/2.6.0/gems/nokogiri-1.10.3/ports/x86_64-pc-linux-gnu/libxml2/2.9.9/include/libxml2 -I/home/admin/.rbenv/versions/2.6.2/include    "-DNOKOGIRI_LIBXML2_PATH=\"/var/www/app/bundle/vender/ruby/2.6.0/gems/nokogiri-1.10.3/ports/x86_64-pc-linux-gnu/libxml2/2.9.9\"" "-DNOKOGIRI_LIBXML2_PATCHES=\"0001-Revert-Do-not-URI-escape-in-server-side-includes.patch 0002-Remove-script-macro-support.patch 0003-Update-entities-to-remove-handling-of-ssi.patch\"" "-DNOKOGIRI_LIBXSLT_PATH=\"/var/www/app/bundle/vender/ruby/2.6.0/gems/nokogiri-1.10.3/ports/x86_64-pc-linux-gnu/libxslt/1.1.33\"" "-DNOKOGIRI_LIBXSLT_PATCHES=\"0001-Fix-security-framework-bypass.patch\"" -O3 -ggdb3 -Wall -Wextra -Wdeclaration-after-statement -Wdeprecated-declarations -Wimplicit-function-declaration -Wimplicit-int -Wpointer-arith -Wwrite-strings -Wmissing-noreturn -Wno-cast-function-type -Wno-constant-logical-operand -Wno-long-long -Wno-missing-field-initializers -Wno-overlength-strings -Wno-packed-bitfield-compat -Wno-parentheses-equality -Wno-self-assign -Wno-tautological-compare -Wno-unused-parameter -Wno-unused-value -Wsuggest-attribute=format -Wsuggest-attribute=noreturn -Wunused-variable  -g -DXP_UNIX -O3 -Wall -Wcast-qual -Wwrite-strings -Wmissing-noreturn -Winline -DNOKOGIRI_USE_PACKAGED_LIBRARIES conftest.c  -L. -L/home/admin/.rbenv/versions/2.6.2/lib -Wl,-rpath,/home/admin/.rbenv/versions/2.6.2/lib -L/var/www/app/bundle/vender/ruby/2.6.0/gems/nokogiri-1.10.3/ports/x86_64-pc-linux-gnu/libxml2/2.9.9/lib -Wl,-rpath,/var/www/app/bundle/vender/ruby/2.6.0/gems/nokogiri-1.10.3/ports/x86_64-pc-linux-gnu/libxml2/2.9.9/lib -L/var/www/app/bundle/vender/ruby/2.6.0/gems/nokogiri-1.10.3/ports/x86_64-pc-linux-gnu/libxslt/1.1.33/lib -Wl,-rpath,/var/www/app/bundle/vender/ruby/2.6.0/gems/nokogiri-1.10.3/ports/x86_64-pc-linux-gnu/libxslt/1.1.33/lib -L. -L/home/admin/.rbenv/versions/2.6.2/lib  -fstack-protector-strong -rdynamic -Wl,-export-dynamic    /var/www/app/bundle/vender/ruby/2.6.0/gems/nokogiri-1.10.3/ports/x86_64-pc-linux-gnu/libxslt/1.1.33/lib/libexslt.a -lm -ldl -lz /var/www/app/bundle/vender/ruby/2.6.0/gems/nokogiri-1.10.3/ports/x86_64-pc-linux-gnu/libxml2/2.9.9/lib/libxml2.a /var/www/app/bundle/vender/ruby/2.6.0/gems/nokogiri-1.10.3/ports/x86_64-pc-linux-gnu/libxslt/1.1.33/lib/libxslt.a -ldl -lm -lz /var/www/app/bundle/vender/ruby/2.6.0/gems/nokogiri-1.10.3/ports/x86_64-pc-linux-gnu/libxml2/2.9.9/lib/libxml2.a -Wl,-rpath,/home/admin/.rbenv/versions/2.6.2/lib -L/home/admin/.rbenv/versions/2.6.2/lib -lruby-static -lz -lpthread -lrt -lrt -ldl -lcrypt -lm  /var/www/app/bundle/vender/ruby/2.6.0/gems/nokogiri-1.10.3/ports/x86_64-pc-linux-gnu/libxslt/1.1.33/lib/libexslt.a -lm -ldl -lz /var/www/app/bundle/vender/ruby/2.6.0/gems/nokogiri-1.10.3/ports/x86_64-pc-linux-gnu/libxml2/2.9.9/lib/libxml2.a /var/www/app/bundle/vender/ruby/2.6.0/gems/nokogiri-1.10.3/ports/x86_64-pc-linux-gnu/libxslt/1.1.33/lib/libxslt.a -ldl -lm -lz /var/www/app/bundle/vender/ruby/2.6.0/gems/nokogiri-1.10.3/ports/x86_64-pc-linux-gnu/libxml2/2.9.9/lib/libxml2.a -lm   -lc "
checked program was:
/* begin */
 1: #include "ruby.h"
 2: 
 3: /*top*/
 4: extern int t(void);
 5: int main(int argc, char **argv)
 6: {
 7:   if (argc > 1000000) {
 8:     int (* volatile tp)(void)=(int (*)(void))&t;
 9:     printf("%d", (*tp)());
10:   }
11: 
12:   return 0;
13: }
14: extern void xmlRelaxNGSetParserStructuredErrors();
15: int t(void) { xmlRelaxNGSetParserStructuredErrors(); return 0; }
/* end */

--------------------

have_func: checking for xmlRelaxNGSetValidStructuredErrors()... -------------------- yes

"gcc -o conftest -I/home/admin/.rbenv/versions/2.6.2/include/ruby-2.6.0/x86_64-linux -I/home/admin/.rbenv/versions/2.6.2/include/ruby-2.6.0/ruby/backward -I/home/admin/.rbenv/versions/2.6.2/include/ruby-2.6.0 -I. -I/var/www/app/bundle/vender/ruby/2.6.0/gems/nokogiri-1.10.3/ports/x86_64-pc-linux-gnu/libxslt/1.1.33/include -I/var/www/app/bundle/vender/ruby/2.6.0/gems/nokogiri-1.10.3/ports/x86_64-pc-linux-gnu/libxml2/2.9.9/include/libxml2 -I/var/www/app/bundle/vender/ruby/2.6.0/gems/nokogiri-1.10.3/ports/x86_64-pc-linux-gnu/libxml2/2.9.9/include/libxml2 -I/home/admin/.rbenv/versions/2.6.2/include    "-DNOKOGIRI_LIBXML2_PATH=\"/var/www/app/bundle/vender/ruby/2.6.0/gems/nokogiri-1.10.3/ports/x86_64-pc-linux-gnu/libxml2/2.9.9\"" "-DNOKOGIRI_LIBXML2_PATCHES=\"0001-Revert-Do-not-URI-escape-in-server-side-includes.patch 0002-Remove-script-macro-support.patch 0003-Update-entities-to-remove-handling-of-ssi.patch\"" "-DNOKOGIRI_LIBXSLT_PATH=\"/var/www/app/bundle/vender/ruby/2.6.0/gems/nokogiri-1.10.3/ports/x86_64-pc-linux-gnu/libxslt/1.1.33\"" "-DNOKOGIRI_LIBXSLT_PATCHES=\"0001-Fix-security-framework-bypass.patch\"" -O3 -ggdb3 -Wall -Wextra -Wdeclaration-after-statement -Wdeprecated-declarations -Wimplicit-function-declaration -Wimplicit-int -Wpointer-arith -Wwrite-strings -Wmissing-noreturn -Wno-cast-function-type -Wno-constant-logical-operand -Wno-long-long -Wno-missing-field-initializers -Wno-overlength-strings -Wno-packed-bitfield-compat -Wno-parentheses-equality -Wno-self-assign -Wno-tautological-compare -Wno-unused-parameter -Wno-unused-value -Wsuggest-attribute=format -Wsuggest-attribute=noreturn -Wunused-variable  -g -DXP_UNIX -O3 -Wall -Wcast-qual -Wwrite-strings -Wmissing-noreturn -Winline -DNOKOGIRI_USE_PACKAGED_LIBRARIES conftest.c  -L. -L/home/admin/.rbenv/versions/2.6.2/lib -Wl,-rpath,/home/admin/.rbenv/versions/2.6.2/lib -L/var/www/app/bundle/vender/ruby/2.6.0/gems/nokogiri-1.10.3/ports/x86_64-pc-linux-gnu/libxml2/2.9.9/lib -Wl,-rpath,/var/www/app/bundle/vender/ruby/2.6.0/gems/nokogiri-1.10.3/ports/x86_64-pc-linux-gnu/libxml2/2.9.9/lib -L/var/www/app/bundle/vender/ruby/2.6.0/gems/nokogiri-1.10.3/ports/x86_64-pc-linux-gnu/libxslt/1.1.33/lib -Wl,-rpath,/var/www/app/bundle/vender/ruby/2.6.0/gems/nokogiri-1.10.3/ports/x86_64-pc-linux-gnu/libxslt/1.1.33/lib -L. -L/home/admin/.rbenv/versions/2.6.2/lib  -fstack-protector-strong -rdynamic -Wl,-export-dynamic    /var/www/app/bundle/vender/ruby/2.6.0/gems/nokogiri-1.10.3/ports/x86_64-pc-linux-gnu/libxslt/1.1.33/lib/libexslt.a -lm -ldl -lz /var/www/app/bundle/vender/ruby/2.6.0/gems/nokogiri-1.10.3/ports/x86_64-pc-linux-gnu/libxml2/2.9.9/lib/libxml2.a /var/www/app/bundle/vender/ruby/2.6.0/gems/nokogiri-1.10.3/ports/x86_64-pc-linux-gnu/libxslt/1.1.33/lib/libxslt.a -ldl -lm -lz /var/www/app/bundle/vender/ruby/2.6.0/gems/nokogiri-1.10.3/ports/x86_64-pc-linux-gnu/libxml2/2.9.9/lib/libxml2.a -Wl,-rpath,/home/admin/.rbenv/versions/2.6.2/lib -L/home/admin/.rbenv/versions/2.6.2/lib -lruby-static -lz -lpthread -lrt -lrt -ldl -lcrypt -lm  /var/www/app/bundle/vender/ruby/2.6.0/gems/nokogiri-1.10.3/ports/x86_64-pc-linux-gnu/libxslt/1.1.33/lib/libexslt.a -lm -ldl -lz /var/www/app/bundle/vender/ruby/2.6.0/gems/nokogiri-1.10.3/ports/x86_64-pc-linux-gnu/libxml2/2.9.9/lib/libxml2.a /var/www/app/bundle/vender/ruby/2.6.0/gems/nokogiri-1.10.3/ports/x86_64-pc-linux-gnu/libxslt/1.1.33/lib/libxslt.a -ldl -lm -lz /var/www/app/bundle/vender/ruby/2.6.0/gems/nokogiri-1.10.3/ports/x86_64-pc-linux-gnu/libxml2/2.9.9/lib/libxml2.a -lm   -lc "
conftest.c: 関数 ‘t’ 内:
conftest.c:14:57: エラー: ‘xmlRelaxNGSetValidStructuredErrors’ が宣言されていません (この関数内での最初の使用)
 int t(void) { void ((*volatile p)()); p = (void ((*)()))xmlRelaxNGSetValidStructuredErrors; return !p; }
                                                         ^
conftest.c:14:57: 備考: 未宣言の識別子は出現した各関数内で一回のみ報告されます
conftest.c: トップレベル:
cc1: 警告: 認識できないコマンドラインオプション "-Wno-tautological-compare" です [デフォルトで有効]
cc1: 警告: 認識できないコマンドラインオプション "-Wno-self-assign" です [デフォルトで有効]
cc1: 警告: 認識できないコマンドラインオプション "-Wno-parentheses-equality" です [デフォルトで有効]
cc1: 警告: 認識できないコマンドラインオプション "-Wno-constant-logical-operand" です [デフォルトで有効]
cc1: 警告: 認識できないコマンドラインオプション "-Wno-cast-function-type" です [デフォルトで有効]
checked program was:
/* begin */
 1: #include "ruby.h"
 2: 
 3: /*top*/
 4: extern int t(void);
 5: int main(int argc, char **argv)
 6: {
 7:   if (argc > 1000000) {
 8:     int (* volatile tp)(void)=(int (*)(void))&t;
 9:     printf("%d", (*tp)());
10:   }
11: 
12:   return 0;
13: }
14: int t(void) { void ((*volatile p)()); p = (void ((*)()))xmlRelaxNGSetValidStructuredErrors; return !p; }
/* end */

"gcc -o conftest -I/home/admin/.rbenv/versions/2.6.2/include/ruby-2.6.0/x86_64-linux -I/home/admin/.rbenv/versions/2.6.2/include/ruby-2.6.0/ruby/backward -I/home/admin/.rbenv/versions/2.6.2/include/ruby-2.6.0 -I. -I/var/www/app/bundle/vender/ruby/2.6.0/gems/nokogiri-1.10.3/ports/x86_64-pc-linux-gnu/libxslt/1.1.33/include -I/var/www/app/bundle/vender/ruby/2.6.0/gems/nokogiri-1.10.3/ports/x86_64-pc-linux-gnu/libxml2/2.9.9/include/libxml2 -I/var/www/app/bundle/vender/ruby/2.6.0/gems/nokogiri-1.10.3/ports/x86_64-pc-linux-gnu/libxml2/2.9.9/include/libxml2 -I/home/admin/.rbenv/versions/2.6.2/include    "-DNOKOGIRI_LIBXML2_PATH=\"/var/www/app/bundle/vender/ruby/2.6.0/gems/nokogiri-1.10.3/ports/x86_64-pc-linux-gnu/libxml2/2.9.9\"" "-DNOKOGIRI_LIBXML2_PATCHES=\"0001-Revert-Do-not-URI-escape-in-server-side-includes.patch 0002-Remove-script-macro-support.patch 0003-Update-entities-to-remove-handling-of-ssi.patch\"" "-DNOKOGIRI_LIBXSLT_PATH=\"/var/www/app/bundle/vender/ruby/2.6.0/gems/nokogiri-1.10.3/ports/x86_64-pc-linux-gnu/libxslt/1.1.33\"" "-DNOKOGIRI_LIBXSLT_PATCHES=\"0001-Fix-security-framework-bypass.patch\"" -O3 -ggdb3 -Wall -Wextra -Wdeclaration-after-statement -Wdeprecated-declarations -Wimplicit-function-declaration -Wimplicit-int -Wpointer-arith -Wwrite-strings -Wmissing-noreturn -Wno-cast-function-type -Wno-constant-logical-operand -Wno-long-long -Wno-missing-field-initializers -Wno-overlength-strings -Wno-packed-bitfield-compat -Wno-parentheses-equality -Wno-self-assign -Wno-tautological-compare -Wno-unused-parameter -Wno-unused-value -Wsuggest-attribute=format -Wsuggest-attribute=noreturn -Wunused-variable  -g -DXP_UNIX -O3 -Wall -Wcast-qual -Wwrite-strings -Wmissing-noreturn -Winline -DNOKOGIRI_USE_PACKAGED_LIBRARIES conftest.c  -L. -L/home/admin/.rbenv/versions/2.6.2/lib -Wl,-rpath,/home/admin/.rbenv/versions/2.6.2/lib -L/var/www/app/bundle/vender/ruby/2.6.0/gems/nokogiri-1.10.3/ports/x86_64-pc-linux-gnu/libxml2/2.9.9/lib -Wl,-rpath,/var/www/app/bundle/vender/ruby/2.6.0/gems/nokogiri-1.10.3/ports/x86_64-pc-linux-gnu/libxml2/2.9.9/lib -L/var/www/app/bundle/vender/ruby/2.6.0/gems/nokogiri-1.10.3/ports/x86_64-pc-linux-gnu/libxslt/1.1.33/lib -Wl,-rpath,/var/www/app/bundle/vender/ruby/2.6.0/gems/nokogiri-1.10.3/ports/x86_64-pc-linux-gnu/libxslt/1.1.33/lib -L. -L/home/admin/.rbenv/versions/2.6.2/lib  -fstack-protector-strong -rdynamic -Wl,-export-dynamic    /var/www/app/bundle/vender/ruby/2.6.0/gems/nokogiri-1.10.3/ports/x86_64-pc-linux-gnu/libxslt/1.1.33/lib/libexslt.a -lm -ldl -lz /var/www/app/bundle/vender/ruby/2.6.0/gems/nokogiri-1.10.3/ports/x86_64-pc-linux-gnu/libxml2/2.9.9/lib/libxml2.a /var/www/app/bundle/vender/ruby/2.6.0/gems/nokogiri-1.10.3/ports/x86_64-pc-linux-gnu/libxslt/1.1.33/lib/libxslt.a -ldl -lm -lz /var/www/app/bundle/vender/ruby/2.6.0/gems/nokogiri-1.10.3/ports/x86_64-pc-linux-gnu/libxml2/2.9.9/lib/libxml2.a -Wl,-rpath,/home/admin/.rbenv/versions/2.6.2/lib -L/home/admin/.rbenv/versions/2.6.2/lib -lruby-static -lz -lpthread -lrt -lrt -ldl -lcrypt -lm  /var/www/app/bundle/vender/ruby/2.6.0/gems/nokogiri-1.10.3/ports/x86_64-pc-linux-gnu/libxslt/1.1.33/lib/libexslt.a -lm -ldl -lz /var/www/app/bundle/vender/ruby/2.6.0/gems/nokogiri-1.10.3/ports/x86_64-pc-linux-gnu/libxml2/2.9.9/lib/libxml2.a /var/www/app/bundle/vender/ruby/2.6.0/gems/nokogiri-1.10.3/ports/x86_64-pc-linux-gnu/libxslt/1.1.33/lib/libxslt.a -ldl -lm -lz /var/www/app/bundle/vender/ruby/2.6.0/gems/nokogiri-1.10.3/ports/x86_64-pc-linux-gnu/libxml2/2.9.9/lib/libxml2.a -lm   -lc "
checked program was:
/* begin */
 1: #include "ruby.h"
 2: 
 3: /*top*/
 4: extern int t(void);
 5: int main(int argc, char **argv)
 6: {
 7:   if (argc > 1000000) {
 8:     int (* volatile tp)(void)=(int (*)(void))&t;
 9:     printf("%d", (*tp)());
10:   }
11: 
12:   return 0;
13: }
14: extern void xmlRelaxNGSetValidStructuredErrors();
15: int t(void) { xmlRelaxNGSetValidStructuredErrors(); return 0; }
/* end */

--------------------

have_func: checking for xmlSchemaSetValidStructuredErrors()... -------------------- yes

"gcc -o conftest -I/home/admin/.rbenv/versions/2.6.2/include/ruby-2.6.0/x86_64-linux -I/home/admin/.rbenv/versions/2.6.2/include/ruby-2.6.0/ruby/backward -I/home/admin/.rbenv/versions/2.6.2/include/ruby-2.6.0 -I. -I/var/www/app/bundle/vender/ruby/2.6.0/gems/nokogiri-1.10.3/ports/x86_64-pc-linux-gnu/libxslt/1.1.33/include -I/var/www/app/bundle/vender/ruby/2.6.0/gems/nokogiri-1.10.3/ports/x86_64-pc-linux-gnu/libxml2/2.9.9/include/libxml2 -I/var/www/app/bundle/vender/ruby/2.6.0/gems/nokogiri-1.10.3/ports/x86_64-pc-linux-gnu/libxml2/2.9.9/include/libxml2 -I/home/admin/.rbenv/versions/2.6.2/include    "-DNOKOGIRI_LIBXML2_PATH=\"/var/www/app/bundle/vender/ruby/2.6.0/gems/nokogiri-1.10.3/ports/x86_64-pc-linux-gnu/libxml2/2.9.9\"" "-DNOKOGIRI_LIBXML2_PATCHES=\"0001-Revert-Do-not-URI-escape-in-server-side-includes.patch 0002-Remove-script-macro-support.patch 0003-Update-entities-to-remove-handling-of-ssi.patch\"" "-DNOKOGIRI_LIBXSLT_PATH=\"/var/www/app/bundle/vender/ruby/2.6.0/gems/nokogiri-1.10.3/ports/x86_64-pc-linux-gnu/libxslt/1.1.33\"" "-DNOKOGIRI_LIBXSLT_PATCHES=\"0001-Fix-security-framework-bypass.patch\"" -O3 -ggdb3 -Wall -Wextra -Wdeclaration-after-statement -Wdeprecated-declarations -Wimplicit-function-declaration -Wimplicit-int -Wpointer-arith -Wwrite-strings -Wmissing-noreturn -Wno-cast-function-type -Wno-constant-logical-operand -Wno-long-long -Wno-missing-field-initializers -Wno-overlength-strings -Wno-packed-bitfield-compat -Wno-parentheses-equality -Wno-self-assign -Wno-tautological-compare -Wno-unused-parameter -Wno-unused-value -Wsuggest-attribute=format -Wsuggest-attribute=noreturn -Wunused-variable  -g -DXP_UNIX -O3 -Wall -Wcast-qual -Wwrite-strings -Wmissing-noreturn -Winline -DNOKOGIRI_USE_PACKAGED_LIBRARIES conftest.c  -L. -L/home/admin/.rbenv/versions/2.6.2/lib -Wl,-rpath,/home/admin/.rbenv/versions/2.6.2/lib -L/var/www/app/bundle/vender/ruby/2.6.0/gems/nokogiri-1.10.3/ports/x86_64-pc-linux-gnu/libxml2/2.9.9/lib -Wl,-rpath,/var/www/app/bundle/vender/ruby/2.6.0/gems/nokogiri-1.10.3/ports/x86_64-pc-linux-gnu/libxml2/2.9.9/lib -L/var/www/app/bundle/vender/ruby/2.6.0/gems/nokogiri-1.10.3/ports/x86_64-pc-linux-gnu/libxslt/1.1.33/lib -Wl,-rpath,/var/www/app/bundle/vender/ruby/2.6.0/gems/nokogiri-1.10.3/ports/x86_64-pc-linux-gnu/libxslt/1.1.33/lib -L. -L/home/admin/.rbenv/versions/2.6.2/lib  -fstack-protector-strong -rdynamic -Wl,-export-dynamic    /var/www/app/bundle/vender/ruby/2.6.0/gems/nokogiri-1.10.3/ports/x86_64-pc-linux-gnu/libxslt/1.1.33/lib/libexslt.a -lm -ldl -lz /var/www/app/bundle/vender/ruby/2.6.0/gems/nokogiri-1.10.3/ports/x86_64-pc-linux-gnu/libxml2/2.9.9/lib/libxml2.a /var/www/app/bundle/vender/ruby/2.6.0/gems/nokogiri-1.10.3/ports/x86_64-pc-linux-gnu/libxslt/1.1.33/lib/libxslt.a -ldl -lm -lz /var/www/app/bundle/vender/ruby/2.6.0/gems/nokogiri-1.10.3/ports/x86_64-pc-linux-gnu/libxml2/2.9.9/lib/libxml2.a -Wl,-rpath,/home/admin/.rbenv/versions/2.6.2/lib -L/home/admin/.rbenv/versions/2.6.2/lib -lruby-static -lz -lpthread -lrt -lrt -ldl -lcrypt -lm  /var/www/app/bundle/vender/ruby/2.6.0/gems/nokogiri-1.10.3/ports/x86_64-pc-linux-gnu/libxslt/1.1.33/lib/libexslt.a -lm -ldl -lz /var/www/app/bundle/vender/ruby/2.6.0/gems/nokogiri-1.10.3/ports/x86_64-pc-linux-gnu/libxml2/2.9.9/lib/libxml2.a /var/www/app/bundle/vender/ruby/2.6.0/gems/nokogiri-1.10.3/ports/x86_64-pc-linux-gnu/libxslt/1.1.33/lib/libxslt.a -ldl -lm -lz /var/www/app/bundle/vender/ruby/2.6.0/gems/nokogiri-1.10.3/ports/x86_64-pc-linux-gnu/libxml2/2.9.9/lib/libxml2.a -lm   -lc "
conftest.c: 関数 ‘t’ 内:
conftest.c:14:57: エラー: ‘xmlSchemaSetValidStructuredErrors’ が宣言されていません (この関数内での最初の使用)
 int t(void) { void ((*volatile p)()); p = (void ((*)()))xmlSchemaSetValidStructuredErrors; return !p; }
                                                         ^
conftest.c:14:57: 備考: 未宣言の識別子は出現した各関数内で一回のみ報告されます
conftest.c: トップレベル:
cc1: 警告: 認識できないコマンドラインオプション "-Wno-tautological-compare" です [デフォルトで有効]
cc1: 警告: 認識できないコマンドラインオプション "-Wno-self-assign" です [デフォルトで有効]
cc1: 警告: 認識できないコマンドラインオプション "-Wno-parentheses-equality" です [デフォルトで有効]
cc1: 警告: 認識できないコマンドラインオプション "-Wno-constant-logical-operand" です [デフォルトで有効]
cc1: 警告: 認識できないコマンドラインオプション "-Wno-cast-function-type" です [デフォルトで有効]
checked program was:
/* begin */
 1: #include "ruby.h"
 2: 
 3: /*top*/
 4: extern int t(void);
 5: int main(int argc, char **argv)
 6: {
 7:   if (argc > 1000000) {
 8:     int (* volatile tp)(void)=(int (*)(void))&t;
 9:     printf("%d", (*tp)());
10:   }
11: 
12:   return 0;
13: }
14: int t(void) { void ((*volatile p)()); p = (void ((*)()))xmlSchemaSetValidStructuredErrors; return !p; }
/* end */

"gcc -o conftest -I/home/admin/.rbenv/versions/2.6.2/include/ruby-2.6.0/x86_64-linux -I/home/admin/.rbenv/versions/2.6.2/include/ruby-2.6.0/ruby/backward -I/home/admin/.rbenv/versions/2.6.2/include/ruby-2.6.0 -I. -I/var/www/app/bundle/vender/ruby/2.6.0/gems/nokogiri-1.10.3/ports/x86_64-pc-linux-gnu/libxslt/1.1.33/include -I/var/www/app/bundle/vender/ruby/2.6.0/gems/nokogiri-1.10.3/ports/x86_64-pc-linux-gnu/libxml2/2.9.9/include/libxml2 -I/var/www/app/bundle/vender/ruby/2.6.0/gems/nokogiri-1.10.3/ports/x86_64-pc-linux-gnu/libxml2/2.9.9/include/libxml2 -I/home/admin/.rbenv/versions/2.6.2/include    "-DNOKOGIRI_LIBXML2_PATH=\"/var/www/app/bundle/vender/ruby/2.6.0/gems/nokogiri-1.10.3/ports/x86_64-pc-linux-gnu/libxml2/2.9.9\"" "-DNOKOGIRI_LIBXML2_PATCHES=\"0001-Revert-Do-not-URI-escape-in-server-side-includes.patch 0002-Remove-script-macro-support.patch 0003-Update-entities-to-remove-handling-of-ssi.patch\"" "-DNOKOGIRI_LIBXSLT_PATH=\"/var/www/app/bundle/vender/ruby/2.6.0/gems/nokogiri-1.10.3/ports/x86_64-pc-linux-gnu/libxslt/1.1.33\"" "-DNOKOGIRI_LIBXSLT_PATCHES=\"0001-Fix-security-framework-bypass.patch\"" -O3 -ggdb3 -Wall -Wextra -Wdeclaration-after-statement -Wdeprecated-declarations -Wimplicit-function-declaration -Wimplicit-int -Wpointer-arith -Wwrite-strings -Wmissing-noreturn -Wno-cast-function-type -Wno-constant-logical-operand -Wno-long-long -Wno-missing-field-initializers -Wno-overlength-strings -Wno-packed-bitfield-compat -Wno-parentheses-equality -Wno-self-assign -Wno-tautological-compare -Wno-unused-parameter -Wno-unused-value -Wsuggest-attribute=format -Wsuggest-attribute=noreturn -Wunused-variable  -g -DXP_UNIX -O3 -Wall -Wcast-qual -Wwrite-strings -Wmissing-noreturn -Winline -DNOKOGIRI_USE_PACKAGED_LIBRARIES conftest.c  -L. -L/home/admin/.rbenv/versions/2.6.2/lib -Wl,-rpath,/home/admin/.rbenv/versions/2.6.2/lib -L/var/www/app/bundle/vender/ruby/2.6.0/gems/nokogiri-1.10.3/ports/x86_64-pc-linux-gnu/libxml2/2.9.9/lib -Wl,-rpath,/var/www/app/bundle/vender/ruby/2.6.0/gems/nokogiri-1.10.3/ports/x86_64-pc-linux-gnu/libxml2/2.9.9/lib -L/var/www/app/bundle/vender/ruby/2.6.0/gems/nokogiri-1.10.3/ports/x86_64-pc-linux-gnu/libxslt/1.1.33/lib -Wl,-rpath,/var/www/app/bundle/vender/ruby/2.6.0/gems/nokogiri-1.10.3/ports/x86_64-pc-linux-gnu/libxslt/1.1.33/lib -L. -L/home/admin/.rbenv/versions/2.6.2/lib  -fstack-protector-strong -rdynamic -Wl,-export-dynamic    /var/www/app/bundle/vender/ruby/2.6.0/gems/nokogiri-1.10.3/ports/x86_64-pc-linux-gnu/libxslt/1.1.33/lib/libexslt.a -lm -ldl -lz /var/www/app/bundle/vender/ruby/2.6.0/gems/nokogiri-1.10.3/ports/x86_64-pc-linux-gnu/libxml2/2.9.9/lib/libxml2.a /var/www/app/bundle/vender/ruby/2.6.0/gems/nokogiri-1.10.3/ports/x86_64-pc-linux-gnu/libxslt/1.1.33/lib/libxslt.a -ldl -lm -lz /var/www/app/bundle/vender/ruby/2.6.0/gems/nokogiri-1.10.3/ports/x86_64-pc-linux-gnu/libxml2/2.9.9/lib/libxml2.a -Wl,-rpath,/home/admin/.rbenv/versions/2.6.2/lib -L/home/admin/.rbenv/versions/2.6.2/lib -lruby-static -lz -lpthread -lrt -lrt -ldl -lcrypt -lm  /var/www/app/bundle/vender/ruby/2.6.0/gems/nokogiri-1.10.3/ports/x86_64-pc-linux-gnu/libxslt/1.1.33/lib/libexslt.a -lm -ldl -lz /var/www/app/bundle/vender/ruby/2.6.0/gems/nokogiri-1.10.3/ports/x86_64-pc-linux-gnu/libxml2/2.9.9/lib/libxml2.a /var/www/app/bundle/vender/ruby/2.6.0/gems/nokogiri-1.10.3/ports/x86_64-pc-linux-gnu/libxslt/1.1.33/lib/libxslt.a -ldl -lm -lz /var/www/app/bundle/vender/ruby/2.6.0/gems/nokogiri-1.10.3/ports/x86_64-pc-linux-gnu/libxml2/2.9.9/lib/libxml2.a -lm   -lc "
checked program was:
/* begin */
 1: #include "ruby.h"
 2: 
 3: /*top*/
 4: extern int t(void);
 5: int main(int argc, char **argv)
 6: {
 7:   if (argc > 1000000) {
 8:     int (* volatile tp)(void)=(int (*)(void))&t;
 9:     printf("%d", (*tp)());
10:   }
11: 
12:   return 0;
13: }
14: extern void xmlSchemaSetValidStructuredErrors();
15: int t(void) { xmlSchemaSetValidStructuredErrors(); return 0; }
/* end */

--------------------

have_func: checking for xmlSchemaSetParserStructuredErrors()... -------------------- yes

"gcc -o conftest -I/home/admin/.rbenv/versions/2.6.2/include/ruby-2.6.0/x86_64-linux -I/home/admin/.rbenv/versions/2.6.2/include/ruby-2.6.0/ruby/backward -I/home/admin/.rbenv/versions/2.6.2/include/ruby-2.6.0 -I. -I/var/www/app/bundle/vender/ruby/2.6.0/gems/nokogiri-1.10.3/ports/x86_64-pc-linux-gnu/libxslt/1.1.33/include -I/var/www/app/bundle/vender/ruby/2.6.0/gems/nokogiri-1.10.3/ports/x86_64-pc-linux-gnu/libxml2/2.9.9/include/libxml2 -I/var/www/app/bundle/vender/ruby/2.6.0/gems/nokogiri-1.10.3/ports/x86_64-pc-linux-gnu/libxml2/2.9.9/include/libxml2 -I/home/admin/.rbenv/versions/2.6.2/include    "-DNOKOGIRI_LIBXML2_PATH=\"/var/www/app/bundle/vender/ruby/2.6.0/gems/nokogiri-1.10.3/ports/x86_64-pc-linux-gnu/libxml2/2.9.9\"" "-DNOKOGIRI_LIBXML2_PATCHES=\"0001-Revert-Do-not-URI-escape-in-server-side-includes.patch 0002-Remove-script-macro-support.patch 0003-Update-entities-to-remove-handling-of-ssi.patch\"" "-DNOKOGIRI_LIBXSLT_PATH=\"/var/www/app/bundle/vender/ruby/2.6.0/gems/nokogiri-1.10.3/ports/x86_64-pc-linux-gnu/libxslt/1.1.33\"" "-DNOKOGIRI_LIBXSLT_PATCHES=\"0001-Fix-security-framework-bypass.patch\"" -O3 -ggdb3 -Wall -Wextra -Wdeclaration-after-statement -Wdeprecated-declarations -Wimplicit-function-declaration -Wimplicit-int -Wpointer-arith -Wwrite-strings -Wmissing-noreturn -Wno-cast-function-type -Wno-constant-logical-operand -Wno-long-long -Wno-missing-field-initializers -Wno-overlength-strings -Wno-packed-bitfield-compat -Wno-parentheses-equality -Wno-self-assign -Wno-tautological-compare -Wno-unused-parameter -Wno-unused-value -Wsuggest-attribute=format -Wsuggest-attribute=noreturn -Wunused-variable  -g -DXP_UNIX -O3 -Wall -Wcast-qual -Wwrite-strings -Wmissing-noreturn -Winline -DNOKOGIRI_USE_PACKAGED_LIBRARIES conftest.c  -L. -L/home/admin/.rbenv/versions/2.6.2/lib -Wl,-rpath,/home/admin/.rbenv/versions/2.6.2/lib -L/var/www/app/bundle/vender/ruby/2.6.0/gems/nokogiri-1.10.3/ports/x86_64-pc-linux-gnu/libxml2/2.9.9/lib -Wl,-rpath,/var/www/app/bundle/vender/ruby/2.6.0/gems/nokogiri-1.10.3/ports/x86_64-pc-linux-gnu/libxml2/2.9.9/lib -L/var/www/app/bundle/vender/ruby/2.6.0/gems/nokogiri-1.10.3/ports/x86_64-pc-linux-gnu/libxslt/1.1.33/lib -Wl,-rpath,/var/www/app/bundle/vender/ruby/2.6.0/gems/nokogiri-1.10.3/ports/x86_64-pc-linux-gnu/libxslt/1.1.33/lib -L. -L/home/admin/.rbenv/versions/2.6.2/lib  -fstack-protector-strong -rdynamic -Wl,-export-dynamic    /var/www/app/bundle/vender/ruby/2.6.0/gems/nokogiri-1.10.3/ports/x86_64-pc-linux-gnu/libxslt/1.1.33/lib/libexslt.a -lm -ldl -lz /var/www/app/bundle/vender/ruby/2.6.0/gems/nokogiri-1.10.3/ports/x86_64-pc-linux-gnu/libxml2/2.9.9/lib/libxml2.a /var/www/app/bundle/vender/ruby/2.6.0/gems/nokogiri-1.10.3/ports/x86_64-pc-linux-gnu/libxslt/1.1.33/lib/libxslt.a -ldl -lm -lz /var/www/app/bundle/vender/ruby/2.6.0/gems/nokogiri-1.10.3/ports/x86_64-pc-linux-gnu/libxml2/2.9.9/lib/libxml2.a -Wl,-rpath,/home/admin/.rbenv/versions/2.6.2/lib -L/home/admin/.rbenv/versions/2.6.2/lib -lruby-static -lz -lpthread -lrt -lrt -ldl -lcrypt -lm  /var/www/app/bundle/vender/ruby/2.6.0/gems/nokogiri-1.10.3/ports/x86_64-pc-linux-gnu/libxslt/1.1.33/lib/libexslt.a -lm -ldl -lz /var/www/app/bundle/vender/ruby/2.6.0/gems/nokogiri-1.10.3/ports/x86_64-pc-linux-gnu/libxml2/2.9.9/lib/libxml2.a /var/www/app/bundle/vender/ruby/2.6.0/gems/nokogiri-1.10.3/ports/x86_64-pc-linux-gnu/libxslt/1.1.33/lib/libxslt.a -ldl -lm -lz /var/www/app/bundle/vender/ruby/2.6.0/gems/nokogiri-1.10.3/ports/x86_64-pc-linux-gnu/libxml2/2.9.9/lib/libxml2.a -lm   -lc "
conftest.c: 関数 ‘t’ 内:
conftest.c:14:57: エラー: ‘xmlSchemaSetParserStructuredErrors’ が宣言されていません (この関数内での最初の使用)
 int t(void) { void ((*volatile p)()); p = (void ((*)()))xmlSchemaSetParserStructuredErrors; return !p; }
                                                         ^
conftest.c:14:57: 備考: 未宣言の識別子は出現した各関数内で一回のみ報告されます
conftest.c: トップレベル:
cc1: 警告: 認識できないコマンドラインオプション "-Wno-tautological-compare" です [デフォルトで有効]
cc1: 警告: 認識できないコマンドラインオプション "-Wno-self-assign" です [デフォルトで有効]
cc1: 警告: 認識できないコマンドラインオプション "-Wno-parentheses-equality" です [デフォルトで有効]
cc1: 警告: 認識できないコマンドラインオプション "-Wno-constant-logical-operand" です [デフォルトで有効]
cc1: 警告: 認識できないコマンドラインオプション "-Wno-cast-function-type" です [デフォルトで有効]
checked program was:
/* begin */
 1: #include "ruby.h"
 2: 
 3: /*top*/
 4: extern int t(void);
 5: int main(int argc, char **argv)
 6: {
 7:   if (argc > 1000000) {
 8:     int (* volatile tp)(void)=(int (*)(void))&t;
 9:     printf("%d", (*tp)());
10:   }
11: 
12:   return 0;
13: }
14: int t(void) { void ((*volatile p)()); p = (void ((*)()))xmlSchemaSetParserStructuredErrors; return !p; }
/* end */

"gcc -o conftest -I/home/admin/.rbenv/versions/2.6.2/include/ruby-2.6.0/x86_64-linux -I/home/admin/.rbenv/versions/2.6.2/include/ruby-2.6.0/ruby/backward -I/home/admin/.rbenv/versions/2.6.2/include/ruby-2.6.0 -I. -I/var/www/app/bundle/vender/ruby/2.6.0/gems/nokogiri-1.10.3/ports/x86_64-pc-linux-gnu/libxslt/1.1.33/include -I/var/www/app/bundle/vender/ruby/2.6.0/gems/nokogiri-1.10.3/ports/x86_64-pc-linux-gnu/libxml2/2.9.9/include/libxml2 -I/var/www/app/bundle/vender/ruby/2.6.0/gems/nokogiri-1.10.3/ports/x86_64-pc-linux-gnu/libxml2/2.9.9/include/libxml2 -I/home/admin/.rbenv/versions/2.6.2/include    "-DNOKOGIRI_LIBXML2_PATH=\"/var/www/app/bundle/vender/ruby/2.6.0/gems/nokogiri-1.10.3/ports/x86_64-pc-linux-gnu/libxml2/2.9.9\"" "-DNOKOGIRI_LIBXML2_PATCHES=\"0001-Revert-Do-not-URI-escape-in-server-side-includes.patch 0002-Remove-script-macro-support.patch 0003-Update-entities-to-remove-handling-of-ssi.patch\"" "-DNOKOGIRI_LIBXSLT_PATH=\"/var/www/app/bundle/vender/ruby/2.6.0/gems/nokogiri-1.10.3/ports/x86_64-pc-linux-gnu/libxslt/1.1.33\"" "-DNOKOGIRI_LIBXSLT_PATCHES=\"0001-Fix-security-framework-bypass.patch\"" -O3 -ggdb3 -Wall -Wextra -Wdeclaration-after-statement -Wdeprecated-declarations -Wimplicit-function-declaration -Wimplicit-int -Wpointer-arith -Wwrite-strings -Wmissing-noreturn -Wno-cast-function-type -Wno-constant-logical-operand -Wno-long-long -Wno-missing-field-initializers -Wno-overlength-strings -Wno-packed-bitfield-compat -Wno-parentheses-equality -Wno-self-assign -Wno-tautological-compare -Wno-unused-parameter -Wno-unused-value -Wsuggest-attribute=format -Wsuggest-attribute=noreturn -Wunused-variable  -g -DXP_UNIX -O3 -Wall -Wcast-qual -Wwrite-strings -Wmissing-noreturn -Winline -DNOKOGIRI_USE_PACKAGED_LIBRARIES conftest.c  -L. -L/home/admin/.rbenv/versions/2.6.2/lib -Wl,-rpath,/home/admin/.rbenv/versions/2.6.2/lib -L/var/www/app/bundle/vender/ruby/2.6.0/gems/nokogiri-1.10.3/ports/x86_64-pc-linux-gnu/libxml2/2.9.9/lib -Wl,-rpath,/var/www/app/bundle/vender/ruby/2.6.0/gems/nokogiri-1.10.3/ports/x86_64-pc-linux-gnu/libxml2/2.9.9/lib -L/var/www/app/bundle/vender/ruby/2.6.0/gems/nokogiri-1.10.3/ports/x86_64-pc-linux-gnu/libxslt/1.1.33/lib -Wl,-rpath,/var/www/app/bundle/vender/ruby/2.6.0/gems/nokogiri-1.10.3/ports/x86_64-pc-linux-gnu/libxslt/1.1.33/lib -L. -L/home/admin/.rbenv/versions/2.6.2/lib  -fstack-protector-strong -rdynamic -Wl,-export-dynamic    /var/www/app/bundle/vender/ruby/2.6.0/gems/nokogiri-1.10.3/ports/x86_64-pc-linux-gnu/libxslt/1.1.33/lib/libexslt.a -lm -ldl -lz /var/www/app/bundle/vender/ruby/2.6.0/gems/nokogiri-1.10.3/ports/x86_64-pc-linux-gnu/libxml2/2.9.9/lib/libxml2.a /var/www/app/bundle/vender/ruby/2.6.0/gems/nokogiri-1.10.3/ports/x86_64-pc-linux-gnu/libxslt/1.1.33/lib/libxslt.a -ldl -lm -lz /var/www/app/bundle/vender/ruby/2.6.0/gems/nokogiri-1.10.3/ports/x86_64-pc-linux-gnu/libxml2/2.9.9/lib/libxml2.a -Wl,-rpath,/home/admin/.rbenv/versions/2.6.2/lib -L/home/admin/.rbenv/versions/2.6.2/lib -lruby-static -lz -lpthread -lrt -lrt -ldl -lcrypt -lm  /var/www/app/bundle/vender/ruby/2.6.0/gems/nokogiri-1.10.3/ports/x86_64-pc-linux-gnu/libxslt/1.1.33/lib/libexslt.a -lm -ldl -lz /var/www/app/bundle/vender/ruby/2.6.0/gems/nokogiri-1.10.3/ports/x86_64-pc-linux-gnu/libxml2/2.9.9/lib/libxml2.a /var/www/app/bundle/vender/ruby/2.6.0/gems/nokogiri-1.10.3/ports/x86_64-pc-linux-gnu/libxslt/1.1.33/lib/libxslt.a -ldl -lm -lz /var/www/app/bundle/vender/ruby/2.6.0/gems/nokogiri-1.10.3/ports/x86_64-pc-linux-gnu/libxml2/2.9.9/lib/libxml2.a -lm   -lc "
checked program was:
/* begin */
 1: #include "ruby.h"
 2: 
 3: /*top*/
 4: extern int t(void);
 5: int main(int argc, char **argv)
 6: {
 7:   if (argc > 1000000) {
 8:     int (* volatile tp)(void)=(int (*)(void))&t;
 9:     printf("%d", (*tp)());
10:   }
11: 
12:   return 0;
13: }
14: extern void xmlSchemaSetParserStructuredErrors();
15: int t(void) { xmlSchemaSetParserStructuredErrors(); return 0; }
/* end */

--------------------

