current directory: /var/www/app/bundle/vender/ruby/2.6.0/gems/therubyracer-0.12.3/ext/v8
/home/admin/.rbenv/versions/2.6.2/bin/ruby -I /home/admin/.rbenv/versions/2.6.2/lib/ruby/2.6.0 -r ./siteconf20190628-4088-xtxyb4.rb extconf.rb
checking for -lpthread... yes
creating Makefile

current directory: /var/www/app/bundle/vender/ruby/2.6.0/gems/therubyracer-0.12.3/ext/v8
make "DESTDIR=" clean

current directory: /var/www/app/bundle/vender/ruby/2.6.0/gems/therubyracer-0.12.3/ext/v8
make "DESTDIR="
compiling accessor.cc
cc1plus: 警告: コマンドラインオプション ‘-Wimplicit-int’ は C/ObjC 用としては有効ですが、C++ 用としては有効ではありません [デフォルトで有効]
cc1plus: 警告: 認識できないコマンドラインオプション "-Wno-tautological-compare" です [デフォルトで有効]
cc1plus: 警告: 認識できないコマンドラインオプション "-Wno-self-assign" です [デフォルトで有効]
cc1plus: 警告: 認識できないコマンドラインオプション "-Wno-parentheses-equality" です [デフォルトで有効]
cc1plus: 警告: 認識できないコマンドラインオプション "-Wno-constant-logical-operand" です [デフォルトで有効]
cc1plus: 警告: 認識できないコマンドラインオプション "-Wno-cast-function-type" です [デフォルトで有効]
compiling array.cc
cc1plus: 警告: コマンドラインオプション ‘-Wimplicit-int’ は C/ObjC 用としては有効ですが、C++ 用としては有効ではありません [デフォルトで有効]
cc1plus: 警告: 認識できないコマンドラインオプション "-Wno-tautological-compare" です [デフォルトで有効]
cc1plus: 警告: 認識できないコマンドラインオプション "-Wno-self-assign" です [デフォルトで有効]
cc1plus: 警告: 認識できないコマンドラインオプション "-Wno-parentheses-equality" です [デフォルトで有効]
cc1plus: 警告: 認識できないコマンドラインオプション "-Wno-constant-logical-operand" です [デフォルトで有効]
cc1plus: 警告: 認識できないコマンドラインオプション "-Wno-cast-function-type" です [デフォルトで有効]
compiling backref.cc
cc1plus: 警告: コマンドラインオプション ‘-Wimplicit-int’ は C/ObjC 用としては有効ですが、C++ 用としては有効ではありません [デフォルトで有効]
cc1plus: 警告: 認識できないコマンドラインオプション "-Wno-tautological-compare" です [デフォルトで有効]
cc1plus: 警告: 認識できないコマンドラインオプション "-Wno-self-assign" です [デフォルトで有効]
cc1plus: 警告: 認識できないコマンドラインオプション "-Wno-parentheses-equality" です [デフォルトで有効]
cc1plus: 警告: 認識できないコマンドラインオプション "-Wno-constant-logical-operand" です [デフォルトで有効]
cc1plus: 警告: 認識できないコマンドラインオプション "-Wno-cast-function-type" です [デフォルトで有効]
compiling constants.cc
cc1plus: 警告: コマンドラインオプション ‘-Wimplicit-int’ は C/ObjC 用としては有効ですが、C++ 用としては有効ではありません [デフォルトで有効]
cc1plus: 警告: 認識できないコマンドラインオプション "-Wno-tautological-compare" です [デフォルトで有効]
cc1plus: 警告: 認識できないコマンドラインオプション "-Wno-self-assign" です [デフォルトで有効]
cc1plus: 警告: 認識できないコマンドラインオプション "-Wno-parentheses-equality" です [デフォルトで有効]
cc1plus: 警告: 認識できないコマンドラインオプション "-Wno-constant-logical-operand" です [デフォルトで有効]
cc1plus: 警告: 認識できないコマンドラインオプション "-Wno-cast-function-type" です [デフォルトで有効]
compiling constraints.cc
cc1plus: 警告: コマンドラインオプション ‘-Wimplicit-int’ は C/ObjC 用としては有効ですが、C++ 用としては有効ではありません [デフォルトで有効]
cc1plus: 警告: 認識できないコマンドラインオプション "-Wno-tautological-compare" です [デフォルトで有効]
cc1plus: 警告: 認識できないコマンドラインオプション "-Wno-self-assign" です [デフォルトで有効]
cc1plus: 警告: 認識できないコマンドラインオプション "-Wno-parentheses-equality" です [デフォルトで有効]
cc1plus: 警告: 認識できないコマンドラインオプション "-Wno-constant-logical-operand" です [デフォルトで有効]
cc1plus: 警告: 認識できないコマンドラインオプション "-Wno-cast-function-type" です [デフォルトで有効]
compiling context.cc
cc1plus: 警告: コマンドラインオプション ‘-Wimplicit-int’ は C/ObjC 用としては有効ですが、C++ 用としては有効ではありません [デフォルトで有効]
cc1plus: 警告: 認識できないコマンドラインオプション "-Wno-tautological-compare" です [デフォルトで有効]
cc1plus: 警告: 認識できないコマンドラインオプション "-Wno-self-assign" です [デフォルトで有効]
cc1plus: 警告: 認識できないコマンドラインオプション "-Wno-parentheses-equality" です [デフォルトで有効]
cc1plus: 警告: 認識できないコマンドラインオプション "-Wno-constant-logical-operand" です [デフォルトで有効]
cc1plus: 警告: 認識できないコマンドラインオプション "-Wno-cast-function-type" です [デフォルトで有効]
compiling date.cc
cc1plus: 警告: コマンドラインオプション ‘-Wimplicit-int’ は C/ObjC 用としては有効ですが、C++ 用としては有効ではありません [デフォルトで有効]
cc1plus: 警告: 認識できないコマンドラインオプション "-Wno-tautological-compare" です [デフォルトで有効]
cc1plus: 警告: 認識できないコマンドラインオプション "-Wno-self-assign" です [デフォルトで有効]
cc1plus: 警告: 認識できないコマンドラインオプション "-Wno-parentheses-equality" です [デフォルトで有効]
cc1plus: 警告: 認識できないコマンドラインオプション "-Wno-constant-logical-operand" です [デフォルトで有効]
cc1plus: 警告: 認識できないコマンドラインオプション "-Wno-cast-function-type" です [デフォルトで有効]
compiling exception.cc
cc1plus: 警告: コマンドラインオプション ‘-Wimplicit-int’ は C/ObjC 用としては有効ですが、C++ 用としては有効ではありません [デフォルトで有効]
cc1plus: 警告: 認識できないコマンドラインオプション "-Wno-tautological-compare" です [デフォルトで有効]
cc1plus: 警告: 認識できないコマンドラインオプション "-Wno-self-assign" です [デフォルトで有効]
cc1plus: 警告: 認識できないコマンドラインオプション "-Wno-parentheses-equality" です [デフォルトで有効]
cc1plus: 警告: 認識できないコマンドラインオプション "-Wno-constant-logical-operand" です [デフォルトで有効]
cc1plus: 警告: 認識できないコマンドラインオプション "-Wno-cast-function-type" です [デフォルトで有効]
compiling external.cc
cc1plus: 警告: コマンドラインオプション ‘-Wimplicit-int’ は C/ObjC 用としては有効ですが、C++ 用としては有効ではありません [デフォルトで有効]
cc1plus: 警告: 認識できないコマンドラインオプション "-Wno-tautological-compare" です [デフォルトで有効]
cc1plus: 警告: 認識できないコマンドラインオプション "-Wno-self-assign" です [デフォルトで有効]
cc1plus: 警告: 認識できないコマンドラインオプション "-Wno-parentheses-equality" です [デフォルトで有効]
cc1plus: 警告: 認識できないコマンドラインオプション "-Wno-constant-logical-operand" です [デフォルトで有効]
cc1plus: 警告: 認識できないコマンドラインオプション "-Wno-cast-function-type" です [デフォルトで有効]
compiling function.cc
cc1plus: 警告: コマンドラインオプション ‘-Wimplicit-int’ は C/ObjC 用としては有効ですが、C++ 用としては有効ではありません [デフォルトで有効]
cc1plus: 警告: 認識できないコマンドラインオプション "-Wno-tautological-compare" です [デフォルトで有効]
cc1plus: 警告: 認識できないコマンドラインオプション "-Wno-self-assign" です [デフォルトで有効]
cc1plus: 警告: 認識できないコマンドラインオプション "-Wno-parentheses-equality" です [デフォルトで有効]
cc1plus: 警告: 認識できないコマンドラインオプション "-Wno-constant-logical-operand" です [デフォルトで有効]
cc1plus: 警告: 認識できないコマンドラインオプション "-Wno-cast-function-type" です [デフォルトで有効]
compiling gc.cc
cc1plus: 警告: コマンドラインオプション ‘-Wimplicit-int’ は C/ObjC 用としては有効ですが、C++ 用としては有効ではありません [デフォルトで有効]
cc1plus: 警告: 認識できないコマンドラインオプション "-Wno-tautological-compare" です [デフォルトで有効]
cc1plus: 警告: 認識できないコマンドラインオプション "-Wno-self-assign" です [デフォルトで有効]
cc1plus: 警告: 認識できないコマンドラインオプション "-Wno-parentheses-equality" です [デフォルトで有効]
cc1plus: 警告: 認識できないコマンドラインオプション "-Wno-constant-logical-operand" です [デフォルトで有効]
cc1plus: 警告: 認識できないコマンドラインオプション "-Wno-cast-function-type" です [デフォルトで有効]
compiling handles.cc
cc1plus: 警告: コマンドラインオプション ‘-Wimplicit-int’ は C/ObjC 用としては有効ですが、C++ 用としては有効ではありません [デフォルトで有効]
cc1plus: 警告: 認識できないコマンドラインオプション "-Wno-tautological-compare" です [デフォルトで有効]
cc1plus: 警告: 認識できないコマンドラインオプション "-Wno-self-assign" です [デフォルトで有効]
cc1plus: 警告: 認識できないコマンドラインオプション "-Wno-parentheses-equality" です [デフォルトで有効]
cc1plus: 警告: 認識できないコマンドラインオプション "-Wno-constant-logical-operand" です [デフォルトで有効]
cc1plus: 警告: 認識できないコマンドラインオプション "-Wno-cast-function-type" です [デフォルトで有効]
compiling heap.cc
cc1plus: 警告: コマンドラインオプション ‘-Wimplicit-int’ は C/ObjC 用としては有効ですが、C++ 用としては有効ではありません [デフォルトで有効]
cc1plus: 警告: 認識できないコマンドラインオプション "-Wno-tautological-compare" です [デフォルトで有効]
cc1plus: 警告: 認識できないコマンドラインオプション "-Wno-self-assign" です [デフォルトで有効]
cc1plus: 警告: 認識できないコマンドラインオプション "-Wno-parentheses-equality" です [デフォルトで有効]
cc1plus: 警告: 認識できないコマンドラインオプション "-Wno-constant-logical-operand" です [デフォルトで有効]
cc1plus: 警告: 認識できないコマンドラインオプション "-Wno-cast-function-type" です [デフォルトで有効]
compiling init.cc
cc1plus: 警告: コマンドラインオプション ‘-Wimplicit-int’ は C/ObjC 用としては有効ですが、C++ 用としては有効ではありません [デフォルトで有効]
cc1plus: 警告: 認識できないコマンドラインオプション "-Wno-tautological-compare" です [デフォルトで有効]
cc1plus: 警告: 認識できないコマンドラインオプション "-Wno-self-assign" です [デフォルトで有効]
cc1plus: 警告: 認識できないコマンドラインオプション "-Wno-parentheses-equality" です [デフォルトで有効]
cc1plus: 警告: 認識できないコマンドラインオプション "-Wno-constant-logical-operand" です [デフォルトで有効]
cc1plus: 警告: 認識できないコマンドラインオプション "-Wno-cast-function-type" です [デフォルトで有効]
compiling invocation.cc
cc1plus: 警告: コマンドラインオプション ‘-Wimplicit-int’ は C/ObjC 用としては有効ですが、C++ 用としては有効ではありません [デフォルトで有効]
cc1plus: 警告: 認識できないコマンドラインオプション "-Wno-tautological-compare" です [デフォルトで有効]
cc1plus: 警告: 認識できないコマンドラインオプション "-Wno-self-assign" です [デフォルトで有効]
cc1plus: 警告: 認識できないコマンドラインオプション "-Wno-parentheses-equality" です [デフォルトで有効]
cc1plus: 警告: 認識できないコマンドラインオプション "-Wno-constant-logical-operand" です [デフォルトで有効]
cc1plus: 警告: 認識できないコマンドラインオプション "-Wno-cast-function-type" です [デフォルトで有効]
compiling locker.cc
cc1plus: 警告: コマンドラインオプション ‘-Wimplicit-int’ は C/ObjC 用としては有効ですが、C++ 用としては有効ではありません [デフォルトで有効]
cc1plus: 警告: 認識できないコマンドラインオプション "-Wno-tautological-compare" です [デフォルトで有効]
cc1plus: 警告: 認識できないコマンドラインオプション "-Wno-self-assign" です [デフォルトで有効]
cc1plus: 警告: 認識できないコマンドラインオプション "-Wno-parentheses-equality" です [デフォルトで有効]
cc1plus: 警告: 認識できないコマンドラインオプション "-Wno-constant-logical-operand" です [デフォルトで有効]
cc1plus: 警告: 認識できないコマンドラインオプション "-Wno-cast-function-type" です [デフォルトで有効]
compiling message.cc
cc1plus: 警告: コマンドラインオプション ‘-Wimplicit-int’ は C/ObjC 用としては有効ですが、C++ 用としては有効ではありません [デフォルトで有効]
cc1plus: 警告: 認識できないコマンドラインオプション "-Wno-tautological-compare" です [デフォルトで有効]
cc1plus: 警告: 認識できないコマンドラインオプション "-Wno-self-assign" です [デフォルトで有効]
cc1plus: 警告: 認識できないコマンドラインオプション "-Wno-parentheses-equality" です [デフォルトで有効]
cc1plus: 警告: 認識できないコマンドラインオプション "-Wno-constant-logical-operand" です [デフォルトで有効]
cc1plus: 警告: 認識できないコマンドラインオプション "-Wno-cast-function-type" です [デフォルトで有効]
compiling object.cc
cc1plus: 警告: コマンドラインオプション ‘-Wimplicit-int’ は C/ObjC 用としては有効ですが、C++ 用としては有効ではありません [デフォルトで有効]
cc1plus: 警告: 認識できないコマンドラインオプション "-Wno-tautological-compare" です [デフォルトで有効]
cc1plus: 警告: 認識できないコマンドラインオプション "-Wno-self-assign" です [デフォルトで有効]
cc1plus: 警告: 認識できないコマンドラインオプション "-Wno-parentheses-equality" です [デフォルトで有効]
cc1plus: 警告: 認識できないコマンドラインオプション "-Wno-constant-logical-operand" です [デフォルトで有効]
cc1plus: 警告: 認識できないコマンドラインオプション "-Wno-cast-function-type" です [デフォルトで有効]
compiling primitive.cc
cc1plus: 警告: コマンドラインオプション ‘-Wimplicit-int’ は C/ObjC 用としては有効ですが、C++ 用としては有効ではありません [デフォルトで有効]
cc1plus: 警告: 認識できないコマンドラインオプション "-Wno-tautological-compare" です [デフォルトで有効]
cc1plus: 警告: 認識できないコマンドラインオプション "-Wno-self-assign" です [デフォルトで有効]
cc1plus: 警告: 認識できないコマンドラインオプション "-Wno-parentheses-equality" です [デフォルトで有効]
cc1plus: 警告: 認識できないコマンドラインオプション "-Wno-constant-logical-operand" です [デフォルトで有効]
cc1plus: 警告: 認識できないコマンドラインオプション "-Wno-cast-function-type" です [デフォルトで有効]
compiling rr.cc
cc1plus: 警告: コマンドラインオプション ‘-Wimplicit-int’ は C/ObjC 用としては有効ですが、C++ 用としては有効ではありません [デフォルトで有効]
rr.cc: 関数 ‘VALUE rr::not_implemented(const char*)’ 内:
rr.cc:18:9: 警告: 関数は属性 ‘noreturn’ の候補のようです [-Wsuggest-attribute=noreturn]
   VALUE not_implemented(const char* message) {
         ^
大域スコープ:
cc1plus: 警告: 認識できないコマンドラインオプション "-Wno-tautological-compare" です [デフォルトで有効]
cc1plus: 警告: 認識できないコマンドラインオプション "-Wno-self-assign" です [デフォルトで有効]
cc1plus: 警告: 認識できないコマンドラインオプション "-Wno-parentheses-equality" です [デフォルトで有効]
cc1plus: 警告: 認識できないコマンドラインオプション "-Wno-constant-logical-operand" です [デフォルトで有効]
cc1plus: 警告: 認識できないコマンドラインオプション "-Wno-cast-function-type" です [デフォルトで有効]
compiling script.cc
cc1plus: 警告: コマンドラインオプション ‘-Wimplicit-int’ は C/ObjC 用としては有効ですが、C++ 用としては有効ではありません [デフォルトで有効]
cc1plus: 警告: 認識できないコマンドラインオプション "-Wno-tautological-compare" です [デフォルトで有効]
cc1plus: 警告: 認識できないコマンドラインオプション "-Wno-self-assign" です [デフォルトで有効]
cc1plus: 警告: 認識できないコマンドラインオプション "-Wno-parentheses-equality" です [デフォルトで有効]
cc1plus: 警告: 認識できないコマンドラインオプション "-Wno-constant-logical-operand" です [デフォルトで有効]
cc1plus: 警告: 認識できないコマンドラインオプション "-Wno-cast-function-type" です [デフォルトで有効]
compiling signature.cc
cc1plus: 警告: コマンドラインオプション ‘-Wimplicit-int’ は C/ObjC 用としては有効ですが、C++ 用としては有効ではありません [デフォルトで有効]
cc1plus: 警告: 認識できないコマンドラインオプション "-Wno-tautological-compare" です [デフォルトで有効]
cc1plus: 警告: 認識できないコマンドラインオプション "-Wno-self-assign" です [デフォルトで有効]
cc1plus: 警告: 認識できないコマンドラインオプション "-Wno-parentheses-equality" です [デフォルトで有効]
cc1plus: 警告: 認識できないコマンドラインオプション "-Wno-constant-logical-operand" です [デフォルトで有効]
cc1plus: 警告: 認識できないコマンドラインオプション "-Wno-cast-function-type" です [デフォルトで有効]
compiling stack.cc
cc1plus: 警告: コマンドラインオプション ‘-Wimplicit-int’ は C/ObjC 用としては有効ですが、C++ 用としては有効ではありません [デフォルトで有効]
cc1plus: 警告: 認識できないコマンドラインオプション "-Wno-tautological-compare" です [デフォルトで有効]
cc1plus: 警告: 認識できないコマンドラインオプション "-Wno-self-assign" です [デフォルトで有効]
cc1plus: 警告: 認識できないコマンドラインオプション "-Wno-parentheses-equality" です [デフォルトで有効]
cc1plus: 警告: 認識できないコマンドラインオプション "-Wno-constant-logical-operand" です [デフォルトで有効]
cc1plus: 警告: 認識できないコマンドラインオプション "-Wno-cast-function-type" です [デフォルトで有効]
compiling string.cc
cc1plus: 警告: コマンドラインオプション ‘-Wimplicit-int’ は C/ObjC 用としては有効ですが、C++ 用としては有効ではありません [デフォルトで有効]
cc1plus: 警告: 認識できないコマンドラインオプション "-Wno-tautological-compare" です [デフォルトで有効]
cc1plus: 警告: 認識できないコマンドラインオプション "-Wno-self-assign" です [デフォルトで有効]
cc1plus: 警告: 認識できないコマンドラインオプション "-Wno-parentheses-equality" です [デフォルトで有効]
cc1plus: 警告: 認識できないコマンドラインオプション "-Wno-constant-logical-operand" です [デフォルトで有効]
cc1plus: 警告: 認識できないコマンドラインオプション "-Wno-cast-function-type" です [デフォルトで有効]
compiling template.cc
cc1plus: 警告: コマンドラインオプション ‘-Wimplicit-int’ は C/ObjC 用としては有効ですが、C++ 用としては有効ではありません [デフォルトで有効]
cc1plus: 警告: 認識できないコマンドラインオプション "-Wno-tautological-compare" です [デフォルトで有効]
cc1plus: 警告: 認識できないコマンドラインオプション "-Wno-self-assign" です [デフォルトで有効]
cc1plus: 警告: 認識できないコマンドラインオプション "-Wno-parentheses-equality" です [デフォルトで有効]
cc1plus: 警告: 認識できないコマンドラインオプション "-Wno-constant-logical-operand" です [デフォルトで有効]
cc1plus: 警告: 認識できないコマンドラインオプション "-Wno-cast-function-type" です [デフォルトで有効]
compiling trycatch.cc
cc1plus: 警告: コマンドラインオプション ‘-Wimplicit-int’ は C/ObjC 用としては有効ですが、C++ 用としては有効ではありません [デフォルトで有効]
cc1plus: 警告: 認識できないコマンドラインオプション "-Wno-tautological-compare" です [デフォルトで有効]
cc1plus: 警告: 認識できないコマンドラインオプション "-Wno-self-assign" です [デフォルトで有効]
cc1plus: 警告: 認識できないコマンドラインオプション "-Wno-parentheses-equality" です [デフォルトで有効]
cc1plus: 警告: 認識できないコマンドラインオプション "-Wno-constant-logical-operand" です [デフォルトで有効]
cc1plus: 警告: 認識できないコマンドラインオプション "-Wno-cast-function-type" です [デフォルトで有効]
compiling v8.cc
cc1plus: 警告: コマンドラインオプション ‘-Wimplicit-int’ は C/ObjC 用としては有効ですが、C++ 用としては有効ではありません [デフォルトで有効]
cc1plus: 警告: 認識できないコマンドラインオプション "-Wno-tautological-compare" です [デフォルトで有効]
cc1plus: 警告: 認識できないコマンドラインオプション "-Wno-self-assign" です [デフォルトで有効]
cc1plus: 警告: 認識できないコマンドラインオプション "-Wno-parentheses-equality" です [デフォルトで有効]
cc1plus: 警告: 認識できないコマンドラインオプション "-Wno-constant-logical-operand" です [デフォルトで有効]
cc1plus: 警告: 認識できないコマンドラインオプション "-Wno-cast-function-type" です [デフォルトで有効]
compiling value.cc
cc1plus: 警告: コマンドラインオプション ‘-Wimplicit-int’ は C/ObjC 用としては有効ですが、C++ 用としては有効ではありません [デフォルトで有効]
cc1plus: 警告: 認識できないコマンドラインオプション "-Wno-tautological-compare" です [デフォルトで有効]
cc1plus: 警告: 認識できないコマンドラインオプション "-Wno-self-assign" です [デフォルトで有効]
cc1plus: 警告: 認識できないコマンドラインオプション "-Wno-parentheses-equality" です [デフォルトで有効]
cc1plus: 警告: 認識できないコマンドラインオプション "-Wno-constant-logical-operand" です [デフォルトで有効]
cc1plus: 警告: 認識できないコマンドラインオプション "-Wno-cast-function-type" です [デフォルトで有効]
linking shared-object v8/init.so

current directory: /var/www/app/bundle/vender/ruby/2.6.0/gems/therubyracer-0.12.3/ext/v8
make "DESTDIR=" install
/usr/bin/install -c -m 0755 init.so ./.gem.20190628-4088-kw6obw/v8
