have_library: checking for -lpthread... -------------------- yes

"gcc -o conftest -I/home/admin/.rbenv/versions/2.6.2/include/ruby-2.6.0/x86_64-linux -I/home/admin/.rbenv/versions/2.6.2/include/ruby-2.6.0/ruby/backward -I/home/admin/.rbenv/versions/2.6.2/include/ruby-2.6.0 -I. -I/home/admin/.rbenv/versions/2.6.2/include    -O3 -ggdb3 -Wall -Wextra -Wdeclaration-after-statement -Wdeprecated-declarations -Wimplicit-function-declaration -Wimplicit-int -Wpointer-arith -Wwrite-strings -Wmissing-noreturn -Wno-cast-function-type -Wno-constant-logical-operand -Wno-long-long -Wno-missing-field-initializers -Wno-overlength-strings -Wno-packed-bitfield-compat -Wno-parentheses-equality -Wno-self-assign -Wno-tautological-compare -Wno-unused-parameter -Wno-unused-value -Wsuggest-attribute=format -Wsuggest-attribute=noreturn -Wunused-variable conftest.c  -L. -L/home/admin/.rbenv/versions/2.6.2/lib -Wl,-rpath,/home/admin/.rbenv/versions/2.6.2/lib -L. -L/home/admin/.rbenv/versions/2.6.2/lib  -fstack-protector-strong -rdynamic -Wl,-export-dynamic     -Wl,-rpath,/home/admin/.rbenv/versions/2.6.2/lib -L/home/admin/.rbenv/versions/2.6.2/lib -lruby-static -lz -lpthread -lrt -lrt -ldl -lcrypt -lm   -lm   -lc"
checked program was:
/* begin */
1: #include "ruby.h"
2: 
3: int main(int argc, char **argv)
4: {
5:   return 0;
6: }
/* end */

"gcc -o conftest -I/home/admin/.rbenv/versions/2.6.2/include/ruby-2.6.0/x86_64-linux -I/home/admin/.rbenv/versions/2.6.2/include/ruby-2.6.0/ruby/backward -I/home/admin/.rbenv/versions/2.6.2/include/ruby-2.6.0 -I. -I/home/admin/.rbenv/versions/2.6.2/include    -O3 -ggdb3 -Wall -Wextra -Wdeclaration-after-statement -Wdeprecated-declarations -Wimplicit-function-declaration -Wimplicit-int -Wpointer-arith -Wwrite-strings -Wmissing-noreturn -Wno-cast-function-type -Wno-constant-logical-operand -Wno-long-long -Wno-missing-field-initializers -Wno-overlength-strings -Wno-packed-bitfield-compat -Wno-parentheses-equality -Wno-self-assign -Wno-tautological-compare -Wno-unused-parameter -Wno-unused-value -Wsuggest-attribute=format -Wsuggest-attribute=noreturn -Wunused-variable conftest.c  -L. -L/home/admin/.rbenv/versions/2.6.2/lib -Wl,-rpath,/home/admin/.rbenv/versions/2.6.2/lib -L. -L/home/admin/.rbenv/versions/2.6.2/lib  -fstack-protector-strong -rdynamic -Wl,-export-dynamic     -Wl,-rpath,/home/admin/.rbenv/versions/2.6.2/lib -L/home/admin/.rbenv/versions/2.6.2/lib -lruby-static -lz -lpthread -lrt -lrt -ldl -lcrypt -lm  -lpthread  -lm   -lc"
checked program was:
/* begin */
 1: #include "ruby.h"
 2: 
 3: /*top*/
 4: extern int t(void);
 5: int main(int argc, char **argv)
 6: {
 7:   if (argc > 1000000) {
 8:     int (* volatile tp)(void)=(int (*)(void))&t;
 9:     printf("%d", (*tp)());
10:   }
11: 
12:   return 0;
13: }
14: 
15: int t(void) { ; return 0; }
/* end */

--------------------

