have_header: checking for ruby/st.h... -------------------- yes

"gcc -o conftest -I/home/admin/.rbenv/versions/2.6.2/include/ruby-2.6.0/x86_64-linux -I/home/admin/.rbenv/versions/2.6.2/include/ruby-2.6.0/ruby/backward -I/home/admin/.rbenv/versions/2.6.2/include/ruby-2.6.0 -I. -I/home/admin/.rbenv/versions/2.6.2/include    -O3 -ggdb3 -Wall -Wextra -Wdeclaration-after-statement -Wdeprecated-declarations -Wimplicit-function-declaration -Wimplicit-int -Wpointer-arith -Wwrite-strings -Wmissing-noreturn -Wno-cast-function-type -Wno-constant-logical-operand -Wno-long-long -Wno-missing-field-initializers -Wno-overlength-strings -Wno-packed-bitfield-compat -Wno-parentheses-equality -Wno-self-assign -Wno-tautological-compare -Wno-unused-parameter -Wno-unused-value -Wsuggest-attribute=format -Wsuggest-attribute=noreturn -Wunused-variable conftest.c  -L. -L/home/admin/.rbenv/versions/2.6.2/lib -Wl,-rpath,/home/admin/.rbenv/versions/2.6.2/lib -L. -L/home/admin/.rbenv/versions/2.6.2/lib  -fstack-protector-strong -rdynamic -Wl,-export-dynamic     -Wl,-rpath,/home/admin/.rbenv/versions/2.6.2/lib -L/home/admin/.rbenv/versions/2.6.2/lib -lruby-static -lz -lpthread -lrt -lrt -ldl -lcrypt -lm   -lm   -lc"
checked program was:
/* begin */
1: #include "ruby.h"
2: 
3: int main(int argc, char **argv)
4: {
5:   return 0;
6: }
/* end */

"gcc -E -I/home/admin/.rbenv/versions/2.6.2/include/ruby-2.6.0/x86_64-linux -I/home/admin/.rbenv/versions/2.6.2/include/ruby-2.6.0/ruby/backward -I/home/admin/.rbenv/versions/2.6.2/include/ruby-2.6.0 -I. -I/home/admin/.rbenv/versions/2.6.2/include    -O3 -ggdb3 -Wall -Wextra -Wdeclaration-after-statement -Wdeprecated-declarations -Wimplicit-function-declaration -Wimplicit-int -Wpointer-arith -Wwrite-strings -Wmissing-noreturn -Wno-cast-function-type -Wno-constant-logical-operand -Wno-long-long -Wno-missing-field-initializers -Wno-overlength-strings -Wno-packed-bitfield-compat -Wno-parentheses-equality -Wno-self-assign -Wno-tautological-compare -Wno-unused-parameter -Wno-unused-value -Wsuggest-attribute=format -Wsuggest-attribute=noreturn -Wunused-variable  conftest.c -o conftest.i"
checked program was:
/* begin */
1: #include "ruby.h"
2: 
3: #include <ruby/st.h>
/* end */

--------------------

have_header: checking for st.h... -------------------- yes

"gcc -E -I/home/admin/.rbenv/versions/2.6.2/include/ruby-2.6.0/x86_64-linux -I/home/admin/.rbenv/versions/2.6.2/include/ruby-2.6.0/ruby/backward -I/home/admin/.rbenv/versions/2.6.2/include/ruby-2.6.0 -I. -I/home/admin/.rbenv/versions/2.6.2/include    -O3 -ggdb3 -Wall -Wextra -Wdeclaration-after-statement -Wdeprecated-declarations -Wimplicit-function-declaration -Wimplicit-int -Wpointer-arith -Wwrite-strings -Wmissing-noreturn -Wno-cast-function-type -Wno-constant-logical-operand -Wno-long-long -Wno-missing-field-initializers -Wno-overlength-strings -Wno-packed-bitfield-compat -Wno-parentheses-equality -Wno-self-assign -Wno-tautological-compare -Wno-unused-parameter -Wno-unused-value -Wsuggest-attribute=format -Wsuggest-attribute=noreturn -Wunused-variable  conftest.c -o conftest.i"
In file included from conftest.c:3:0:
/home/admin/.rbenv/versions/2.6.2/include/ruby-2.6.0/ruby/backward/st.h:2:2: 警告: #warning use "ruby/st.h" instead of bare "st.h" [-Wcpp]
 #warning use "ruby/st.h" instead of bare "st.h"
  ^
cc1: 警告: 認識できないコマンドラインオプション "-Wno-tautological-compare" です [デフォルトで有効]
cc1: 警告: 認識できないコマンドラインオプション "-Wno-self-assign" です [デフォルトで有効]
cc1: 警告: 認識できないコマンドラインオプション "-Wno-parentheses-equality" です [デフォルトで有効]
cc1: 警告: 認識できないコマンドラインオプション "-Wno-constant-logical-operand" です [デフォルトで有効]
cc1: 警告: 認識できないコマンドラインオプション "-Wno-cast-function-type" です [デフォルトで有効]
checked program was:
/* begin */
1: #include "ruby.h"
2: 
3: #include <st.h>
/* end */

--------------------

have_func: checking for rb_str_replace() in ruby.h... -------------------- yes

"gcc -o conftest -I/home/admin/.rbenv/versions/2.6.2/include/ruby-2.6.0/x86_64-linux -I/home/admin/.rbenv/versions/2.6.2/include/ruby-2.6.0/ruby/backward -I/home/admin/.rbenv/versions/2.6.2/include/ruby-2.6.0 -I. -I/home/admin/.rbenv/versions/2.6.2/include    -O3 -ggdb3 -Wall -Wextra -Wdeclaration-after-statement -Wdeprecated-declarations -Wimplicit-function-declaration -Wimplicit-int -Wpointer-arith -Wwrite-strings -Wmissing-noreturn -Wno-cast-function-type -Wno-constant-logical-operand -Wno-long-long -Wno-missing-field-initializers -Wno-overlength-strings -Wno-packed-bitfield-compat -Wno-parentheses-equality -Wno-self-assign -Wno-tautological-compare -Wno-unused-parameter -Wno-unused-value -Wsuggest-attribute=format -Wsuggest-attribute=noreturn -Wunused-variable conftest.c  -L. -L/home/admin/.rbenv/versions/2.6.2/lib -Wl,-rpath,/home/admin/.rbenv/versions/2.6.2/lib -L. -L/home/admin/.rbenv/versions/2.6.2/lib  -fstack-protector-strong -rdynamic -Wl,-export-dynamic     -Wl,-rpath,/home/admin/.rbenv/versions/2.6.2/lib -L/home/admin/.rbenv/versions/2.6.2/lib -lruby-static -lz -lpthread -lrt -lrt -ldl -lcrypt -lm   -lm   -lc"
checked program was:
/* begin */
 1: #include "ruby.h"
 2: 
 3: #include <ruby.h>
 4: 
 5: /*top*/
 6: extern int t(void);
 7: int main(int argc, char **argv)
 8: {
 9:   if (argc > 1000000) {
10:     int (* volatile tp)(void)=(int (*)(void))&t;
11:     printf("%d", (*tp)());
12:   }
13: 
14:   return 0;
15: }
16: int t(void) { void ((*volatile p)()); p = (void ((*)()))rb_str_replace; return !p; }
/* end */

--------------------

have_func: checking for rb_intern_str() in ruby.h... -------------------- yes

"gcc -o conftest -I/home/admin/.rbenv/versions/2.6.2/include/ruby-2.6.0/x86_64-linux -I/home/admin/.rbenv/versions/2.6.2/include/ruby-2.6.0/ruby/backward -I/home/admin/.rbenv/versions/2.6.2/include/ruby-2.6.0 -I. -I/home/admin/.rbenv/versions/2.6.2/include    -O3 -ggdb3 -Wall -Wextra -Wdeclaration-after-statement -Wdeprecated-declarations -Wimplicit-function-declaration -Wimplicit-int -Wpointer-arith -Wwrite-strings -Wmissing-noreturn -Wno-cast-function-type -Wno-constant-logical-operand -Wno-long-long -Wno-missing-field-initializers -Wno-overlength-strings -Wno-packed-bitfield-compat -Wno-parentheses-equality -Wno-self-assign -Wno-tautological-compare -Wno-unused-parameter -Wno-unused-value -Wsuggest-attribute=format -Wsuggest-attribute=noreturn -Wunused-variable conftest.c  -L. -L/home/admin/.rbenv/versions/2.6.2/lib -Wl,-rpath,/home/admin/.rbenv/versions/2.6.2/lib -L. -L/home/admin/.rbenv/versions/2.6.2/lib  -fstack-protector-strong -rdynamic -Wl,-export-dynamic     -Wl,-rpath,/home/admin/.rbenv/versions/2.6.2/lib -L/home/admin/.rbenv/versions/2.6.2/lib -lruby-static -lz -lpthread -lrt -lrt -ldl -lcrypt -lm   -lm   -lc"
checked program was:
/* begin */
 1: #include "ruby.h"
 2: 
 3: #include <ruby.h>
 4: 
 5: /*top*/
 6: extern int t(void);
 7: int main(int argc, char **argv)
 8: {
 9:   if (argc > 1000000) {
10:     int (* volatile tp)(void)=(int (*)(void))&t;
11:     printf("%d", (*tp)());
12:   }
13: 
14:   return 0;
15: }
16: int t(void) { void ((*volatile p)()); p = (void ((*)()))rb_intern_str; return !p; }
/* end */

--------------------

have_func: checking for rb_sym2str() in ruby.h... -------------------- yes

"gcc -o conftest -I/home/admin/.rbenv/versions/2.6.2/include/ruby-2.6.0/x86_64-linux -I/home/admin/.rbenv/versions/2.6.2/include/ruby-2.6.0/ruby/backward -I/home/admin/.rbenv/versions/2.6.2/include/ruby-2.6.0 -I. -I/home/admin/.rbenv/versions/2.6.2/include    -O3 -ggdb3 -Wall -Wextra -Wdeclaration-after-statement -Wdeprecated-declarations -Wimplicit-function-declaration -Wimplicit-int -Wpointer-arith -Wwrite-strings -Wmissing-noreturn -Wno-cast-function-type -Wno-constant-logical-operand -Wno-long-long -Wno-missing-field-initializers -Wno-overlength-strings -Wno-packed-bitfield-compat -Wno-parentheses-equality -Wno-self-assign -Wno-tautological-compare -Wno-unused-parameter -Wno-unused-value -Wsuggest-attribute=format -Wsuggest-attribute=noreturn -Wunused-variable conftest.c  -L. -L/home/admin/.rbenv/versions/2.6.2/lib -Wl,-rpath,/home/admin/.rbenv/versions/2.6.2/lib -L. -L/home/admin/.rbenv/versions/2.6.2/lib  -fstack-protector-strong -rdynamic -Wl,-export-dynamic     -Wl,-rpath,/home/admin/.rbenv/versions/2.6.2/lib -L/home/admin/.rbenv/versions/2.6.2/lib -lruby-static -lz -lpthread -lrt -lrt -ldl -lcrypt -lm   -lm   -lc"
checked program was:
/* begin */
 1: #include "ruby.h"
 2: 
 3: #include <ruby.h>
 4: 
 5: /*top*/
 6: extern int t(void);
 7: int main(int argc, char **argv)
 8: {
 9:   if (argc > 1000000) {
10:     int (* volatile tp)(void)=(int (*)(void))&t;
11:     printf("%d", (*tp)());
12:   }
13: 
14:   return 0;
15: }
16: int t(void) { void ((*volatile p)()); p = (void ((*)()))rb_sym2str; return !p; }
/* end */

--------------------

have_func: checking for rb_str_intern() in ruby.h... -------------------- yes

"gcc -o conftest -I/home/admin/.rbenv/versions/2.6.2/include/ruby-2.6.0/x86_64-linux -I/home/admin/.rbenv/versions/2.6.2/include/ruby-2.6.0/ruby/backward -I/home/admin/.rbenv/versions/2.6.2/include/ruby-2.6.0 -I. -I/home/admin/.rbenv/versions/2.6.2/include    -O3 -ggdb3 -Wall -Wextra -Wdeclaration-after-statement -Wdeprecated-declarations -Wimplicit-function-declaration -Wimplicit-int -Wpointer-arith -Wwrite-strings -Wmissing-noreturn -Wno-cast-function-type -Wno-constant-logical-operand -Wno-long-long -Wno-missing-field-initializers -Wno-overlength-strings -Wno-packed-bitfield-compat -Wno-parentheses-equality -Wno-self-assign -Wno-tautological-compare -Wno-unused-parameter -Wno-unused-value -Wsuggest-attribute=format -Wsuggest-attribute=noreturn -Wunused-variable conftest.c  -L. -L/home/admin/.rbenv/versions/2.6.2/lib -Wl,-rpath,/home/admin/.rbenv/versions/2.6.2/lib -L. -L/home/admin/.rbenv/versions/2.6.2/lib  -fstack-protector-strong -rdynamic -Wl,-export-dynamic     -Wl,-rpath,/home/admin/.rbenv/versions/2.6.2/lib -L/home/admin/.rbenv/versions/2.6.2/lib -lruby-static -lz -lpthread -lrt -lrt -ldl -lcrypt -lm   -lm   -lc"
checked program was:
/* begin */
 1: #include "ruby.h"
 2: 
 3: #include <ruby.h>
 4: 
 5: /*top*/
 6: extern int t(void);
 7: int main(int argc, char **argv)
 8: {
 9:   if (argc > 1000000) {
10:     int (* volatile tp)(void)=(int (*)(void))&t;
11:     printf("%d", (*tp)());
12:   }
13: 
14:   return 0;
15: }
16: int t(void) { void ((*volatile p)()); p = (void ((*)()))rb_str_intern; return !p; }
/* end */

--------------------

have_func: checking for rb_block_lambda() in ruby.h... -------------------- yes

"gcc -o conftest -I/home/admin/.rbenv/versions/2.6.2/include/ruby-2.6.0/x86_64-linux -I/home/admin/.rbenv/versions/2.6.2/include/ruby-2.6.0/ruby/backward -I/home/admin/.rbenv/versions/2.6.2/include/ruby-2.6.0 -I. -I/home/admin/.rbenv/versions/2.6.2/include    -O3 -ggdb3 -Wall -Wextra -Wdeclaration-after-statement -Wdeprecated-declarations -Wimplicit-function-declaration -Wimplicit-int -Wpointer-arith -Wwrite-strings -Wmissing-noreturn -Wno-cast-function-type -Wno-constant-logical-operand -Wno-long-long -Wno-missing-field-initializers -Wno-overlength-strings -Wno-packed-bitfield-compat -Wno-parentheses-equality -Wno-self-assign -Wno-tautological-compare -Wno-unused-parameter -Wno-unused-value -Wsuggest-attribute=format -Wsuggest-attribute=noreturn -Wunused-variable conftest.c  -L. -L/home/admin/.rbenv/versions/2.6.2/lib -Wl,-rpath,/home/admin/.rbenv/versions/2.6.2/lib -L. -L/home/admin/.rbenv/versions/2.6.2/lib  -fstack-protector-strong -rdynamic -Wl,-export-dynamic     -Wl,-rpath,/home/admin/.rbenv/versions/2.6.2/lib -L/home/admin/.rbenv/versions/2.6.2/lib -lruby-static -lz -lpthread -lrt -lrt -ldl -lcrypt -lm   -lm   -lc"
checked program was:
/* begin */
 1: #include "ruby.h"
 2: 
 3: #include <ruby.h>
 4: 
 5: /*top*/
 6: extern int t(void);
 7: int main(int argc, char **argv)
 8: {
 9:   if (argc > 1000000) {
10:     int (* volatile tp)(void)=(int (*)(void))&t;
11:     printf("%d", (*tp)());
12:   }
13: 
14:   return 0;
15: }
16: int t(void) { void ((*volatile p)()); p = (void ((*)()))rb_block_lambda; return !p; }
/* end */

--------------------

have_func: checking for rb_hash_dup() in ruby.h... -------------------- yes

"gcc -o conftest -I/home/admin/.rbenv/versions/2.6.2/include/ruby-2.6.0/x86_64-linux -I/home/admin/.rbenv/versions/2.6.2/include/ruby-2.6.0/ruby/backward -I/home/admin/.rbenv/versions/2.6.2/include/ruby-2.6.0 -I. -I/home/admin/.rbenv/versions/2.6.2/include    -O3 -ggdb3 -Wall -Wextra -Wdeclaration-after-statement -Wdeprecated-declarations -Wimplicit-function-declaration -Wimplicit-int -Wpointer-arith -Wwrite-strings -Wmissing-noreturn -Wno-cast-function-type -Wno-constant-logical-operand -Wno-long-long -Wno-missing-field-initializers -Wno-overlength-strings -Wno-packed-bitfield-compat -Wno-parentheses-equality -Wno-self-assign -Wno-tautological-compare -Wno-unused-parameter -Wno-unused-value -Wsuggest-attribute=format -Wsuggest-attribute=noreturn -Wunused-variable conftest.c  -L. -L/home/admin/.rbenv/versions/2.6.2/lib -Wl,-rpath,/home/admin/.rbenv/versions/2.6.2/lib -L. -L/home/admin/.rbenv/versions/2.6.2/lib  -fstack-protector-strong -rdynamic -Wl,-export-dynamic     -Wl,-rpath,/home/admin/.rbenv/versions/2.6.2/lib -L/home/admin/.rbenv/versions/2.6.2/lib -lruby-static -lz -lpthread -lrt -lrt -ldl -lcrypt -lm   -lm   -lc"
checked program was:
/* begin */
 1: #include "ruby.h"
 2: 
 3: #include <ruby.h>
 4: 
 5: /*top*/
 6: extern int t(void);
 7: int main(int argc, char **argv)
 8: {
 9:   if (argc > 1000000) {
10:     int (* volatile tp)(void)=(int (*)(void))&t;
11:     printf("%d", (*tp)());
12:   }
13: 
14:   return 0;
15: }
16: int t(void) { void ((*volatile p)()); p = (void ((*)()))rb_hash_dup; return !p; }
/* end */

--------------------

have_func: checking for rb_hash_clear() in ruby.h... -------------------- yes

"gcc -o conftest -I/home/admin/.rbenv/versions/2.6.2/include/ruby-2.6.0/x86_64-linux -I/home/admin/.rbenv/versions/2.6.2/include/ruby-2.6.0/ruby/backward -I/home/admin/.rbenv/versions/2.6.2/include/ruby-2.6.0 -I. -I/home/admin/.rbenv/versions/2.6.2/include    -O3 -ggdb3 -Wall -Wextra -Wdeclaration-after-statement -Wdeprecated-declarations -Wimplicit-function-declaration -Wimplicit-int -Wpointer-arith -Wwrite-strings -Wmissing-noreturn -Wno-cast-function-type -Wno-constant-logical-operand -Wno-long-long -Wno-missing-field-initializers -Wno-overlength-strings -Wno-packed-bitfield-compat -Wno-parentheses-equality -Wno-self-assign -Wno-tautological-compare -Wno-unused-parameter -Wno-unused-value -Wsuggest-attribute=format -Wsuggest-attribute=noreturn -Wunused-variable conftest.c  -L. -L/home/admin/.rbenv/versions/2.6.2/lib -Wl,-rpath,/home/admin/.rbenv/versions/2.6.2/lib -L. -L/home/admin/.rbenv/versions/2.6.2/lib  -fstack-protector-strong -rdynamic -Wl,-export-dynamic     -Wl,-rpath,/home/admin/.rbenv/versions/2.6.2/lib -L/home/admin/.rbenv/versions/2.6.2/lib -lruby-static -lz -lpthread -lrt -lrt -ldl -lcrypt -lm   -lm   -lc"
checked program was:
/* begin */
 1: #include "ruby.h"
 2: 
 3: #include <ruby.h>
 4: 
 5: /*top*/
 6: extern int t(void);
 7: int main(int argc, char **argv)
 8: {
 9:   if (argc > 1000000) {
10:     int (* volatile tp)(void)=(int (*)(void))&t;
11:     printf("%d", (*tp)());
12:   }
13: 
14:   return 0;
15: }
16: int t(void) { void ((*volatile p)()); p = (void ((*)()))rb_hash_clear; return !p; }
/* end */

--------------------

