have_func: checking for rb_absint_size()... -------------------- yes

"gcc -o conftest -I/home/admin/.rbenv/versions/2.6.2/include/ruby-2.6.0/x86_64-linux -I/home/admin/.rbenv/versions/2.6.2/include/ruby-2.6.0/ruby/backward -I/home/admin/.rbenv/versions/2.6.2/include/ruby-2.6.0 -I. -I/home/admin/.rbenv/versions/2.6.2/include    -O3 -ggdb3 -Wall -Wextra -Wdeclaration-after-statement -Wdeprecated-declarations -Wimplicit-function-declaration -Wimplicit-int -Wpointer-arith -Wwrite-strings -Wmissing-noreturn -Wno-cast-function-type -Wno-constant-logical-operand -Wno-long-long -Wno-missing-field-initializers -Wno-overlength-strings -Wno-packed-bitfield-compat -Wno-parentheses-equality -Wno-self-assign -Wno-tautological-compare -Wno-unused-parameter -Wno-unused-value -Wsuggest-attribute=format -Wsuggest-attribute=noreturn -Wunused-variable conftest.c  -L. -L/home/admin/.rbenv/versions/2.6.2/lib -Wl,-rpath,/home/admin/.rbenv/versions/2.6.2/lib -L. -L/home/admin/.rbenv/versions/2.6.2/lib  -fstack-protector-strong -rdynamic -Wl,-export-dynamic     -Wl,-rpath,/home/admin/.rbenv/versions/2.6.2/lib -L/home/admin/.rbenv/versions/2.6.2/lib -lruby-static -lz -lpthread -lrt -lrt -ldl -lcrypt -lm   -lm   -lc"
checked program was:
/* begin */
1: #include "ruby.h"
2: 
3: int main(int argc, char **argv)
4: {
5:   return 0;
6: }
/* end */

"gcc -o conftest -I/home/admin/.rbenv/versions/2.6.2/include/ruby-2.6.0/x86_64-linux -I/home/admin/.rbenv/versions/2.6.2/include/ruby-2.6.0/ruby/backward -I/home/admin/.rbenv/versions/2.6.2/include/ruby-2.6.0 -I. -I/home/admin/.rbenv/versions/2.6.2/include    -O3 -ggdb3 -Wall -Wextra -Wdeclaration-after-statement -Wdeprecated-declarations -Wimplicit-function-declaration -Wimplicit-int -Wpointer-arith -Wwrite-strings -Wmissing-noreturn -Wno-cast-function-type -Wno-constant-logical-operand -Wno-long-long -Wno-missing-field-initializers -Wno-overlength-strings -Wno-packed-bitfield-compat -Wno-parentheses-equality -Wno-self-assign -Wno-tautological-compare -Wno-unused-parameter -Wno-unused-value -Wsuggest-attribute=format -Wsuggest-attribute=noreturn -Wunused-variable conftest.c  -L. -L/home/admin/.rbenv/versions/2.6.2/lib -Wl,-rpath,/home/admin/.rbenv/versions/2.6.2/lib -L. -L/home/admin/.rbenv/versions/2.6.2/lib  -fstack-protector-strong -rdynamic -Wl,-export-dynamic     -Wl,-rpath,/home/admin/.rbenv/versions/2.6.2/lib -L/home/admin/.rbenv/versions/2.6.2/lib -lruby-static -lz -lpthread -lrt -lrt -ldl -lcrypt -lm   -lm   -lc"
checked program was:
/* begin */
 1: #include "ruby.h"
 2: 
 3: /*top*/
 4: extern int t(void);
 5: int main(int argc, char **argv)
 6: {
 7:   if (argc > 1000000) {
 8:     int (* volatile tp)(void)=(int (*)(void))&t;
 9:     printf("%d", (*tp)());
10:   }
11: 
12:   return 0;
13: }
14: int t(void) { void ((*volatile p)()); p = (void ((*)()))rb_absint_size; return !p; }
/* end */

--------------------

have_func: checking for rb_absint_singlebit_p()... -------------------- yes

"gcc -o conftest -I/home/admin/.rbenv/versions/2.6.2/include/ruby-2.6.0/x86_64-linux -I/home/admin/.rbenv/versions/2.6.2/include/ruby-2.6.0/ruby/backward -I/home/admin/.rbenv/versions/2.6.2/include/ruby-2.6.0 -I. -I/home/admin/.rbenv/versions/2.6.2/include    -O3 -ggdb3 -Wall -Wextra -Wdeclaration-after-statement -Wdeprecated-declarations -Wimplicit-function-declaration -Wimplicit-int -Wpointer-arith -Wwrite-strings -Wmissing-noreturn -Wno-cast-function-type -Wno-constant-logical-operand -Wno-long-long -Wno-missing-field-initializers -Wno-overlength-strings -Wno-packed-bitfield-compat -Wno-parentheses-equality -Wno-self-assign -Wno-tautological-compare -Wno-unused-parameter -Wno-unused-value -Wsuggest-attribute=format -Wsuggest-attribute=noreturn -Wunused-variable conftest.c  -L. -L/home/admin/.rbenv/versions/2.6.2/lib -Wl,-rpath,/home/admin/.rbenv/versions/2.6.2/lib -L. -L/home/admin/.rbenv/versions/2.6.2/lib  -fstack-protector-strong -rdynamic -Wl,-export-dynamic     -Wl,-rpath,/home/admin/.rbenv/versions/2.6.2/lib -L/home/admin/.rbenv/versions/2.6.2/lib -lruby-static -lz -lpthread -lrt -lrt -ldl -lcrypt -lm   -lm   -lc"
checked program was:
/* begin */
 1: #include "ruby.h"
 2: 
 3: /*top*/
 4: extern int t(void);
 5: int main(int argc, char **argv)
 6: {
 7:   if (argc > 1000000) {
 8:     int (* volatile tp)(void)=(int (*)(void))&t;
 9:     printf("%d", (*tp)());
10:   }
11: 
12:   return 0;
13: }
14: int t(void) { void ((*volatile p)()); p = (void ((*)()))rb_absint_singlebit_p; return !p; }
/* end */

--------------------

have_func: checking for rb_wait_for_single_fd()... -------------------- yes

"gcc -o conftest -I/home/admin/.rbenv/versions/2.6.2/include/ruby-2.6.0/x86_64-linux -I/home/admin/.rbenv/versions/2.6.2/include/ruby-2.6.0/ruby/backward -I/home/admin/.rbenv/versions/2.6.2/include/ruby-2.6.0 -I. -I/home/admin/.rbenv/versions/2.6.2/include    -O3 -ggdb3 -Wall -Wextra -Wdeclaration-after-statement -Wdeprecated-declarations -Wimplicit-function-declaration -Wimplicit-int -Wpointer-arith -Wwrite-strings -Wmissing-noreturn -Wno-cast-function-type -Wno-constant-logical-operand -Wno-long-long -Wno-missing-field-initializers -Wno-overlength-strings -Wno-packed-bitfield-compat -Wno-parentheses-equality -Wno-self-assign -Wno-tautological-compare -Wno-unused-parameter -Wno-unused-value -Wsuggest-attribute=format -Wsuggest-attribute=noreturn -Wunused-variable conftest.c  -L. -L/home/admin/.rbenv/versions/2.6.2/lib -Wl,-rpath,/home/admin/.rbenv/versions/2.6.2/lib -L. -L/home/admin/.rbenv/versions/2.6.2/lib  -fstack-protector-strong -rdynamic -Wl,-export-dynamic     -Wl,-rpath,/home/admin/.rbenv/versions/2.6.2/lib -L/home/admin/.rbenv/versions/2.6.2/lib -lruby-static -lz -lpthread -lrt -lrt -ldl -lcrypt -lm   -lm   -lc"
conftest.c: 関数 ‘t’ 内:
conftest.c:14:57: エラー: ‘rb_wait_for_single_fd’ が宣言されていません (この関数内での最初の使用)
 int t(void) { void ((*volatile p)()); p = (void ((*)()))rb_wait_for_single_fd; return !p; }
                                                         ^
conftest.c:14:57: 備考: 未宣言の識別子は出現した各関数内で一回のみ報告されます
conftest.c: トップレベル:
cc1: 警告: 認識できないコマンドラインオプション "-Wno-tautological-compare" です [デフォルトで有効]
cc1: 警告: 認識できないコマンドラインオプション "-Wno-self-assign" です [デフォルトで有効]
cc1: 警告: 認識できないコマンドラインオプション "-Wno-parentheses-equality" です [デフォルトで有効]
cc1: 警告: 認識できないコマンドラインオプション "-Wno-constant-logical-operand" です [デフォルトで有効]
cc1: 警告: 認識できないコマンドラインオプション "-Wno-cast-function-type" です [デフォルトで有効]
checked program was:
/* begin */
 1: #include "ruby.h"
 2: 
 3: /*top*/
 4: extern int t(void);
 5: int main(int argc, char **argv)
 6: {
 7:   if (argc > 1000000) {
 8:     int (* volatile tp)(void)=(int (*)(void))&t;
 9:     printf("%d", (*tp)());
10:   }
11: 
12:   return 0;
13: }
14: int t(void) { void ((*volatile p)()); p = (void ((*)()))rb_wait_for_single_fd; return !p; }
/* end */

"gcc -o conftest -I/home/admin/.rbenv/versions/2.6.2/include/ruby-2.6.0/x86_64-linux -I/home/admin/.rbenv/versions/2.6.2/include/ruby-2.6.0/ruby/backward -I/home/admin/.rbenv/versions/2.6.2/include/ruby-2.6.0 -I. -I/home/admin/.rbenv/versions/2.6.2/include    -O3 -ggdb3 -Wall -Wextra -Wdeclaration-after-statement -Wdeprecated-declarations -Wimplicit-function-declaration -Wimplicit-int -Wpointer-arith -Wwrite-strings -Wmissing-noreturn -Wno-cast-function-type -Wno-constant-logical-operand -Wno-long-long -Wno-missing-field-initializers -Wno-overlength-strings -Wno-packed-bitfield-compat -Wno-parentheses-equality -Wno-self-assign -Wno-tautological-compare -Wno-unused-parameter -Wno-unused-value -Wsuggest-attribute=format -Wsuggest-attribute=noreturn -Wunused-variable conftest.c  -L. -L/home/admin/.rbenv/versions/2.6.2/lib -Wl,-rpath,/home/admin/.rbenv/versions/2.6.2/lib -L. -L/home/admin/.rbenv/versions/2.6.2/lib  -fstack-protector-strong -rdynamic -Wl,-export-dynamic     -Wl,-rpath,/home/admin/.rbenv/versions/2.6.2/lib -L/home/admin/.rbenv/versions/2.6.2/lib -lruby-static -lz -lpthread -lrt -lrt -ldl -lcrypt -lm   -lm   -lc"
checked program was:
/* begin */
 1: #include "ruby.h"
 2: 
 3: /*top*/
 4: extern int t(void);
 5: int main(int argc, char **argv)
 6: {
 7:   if (argc > 1000000) {
 8:     int (* volatile tp)(void)=(int (*)(void))&t;
 9:     printf("%d", (*tp)());
10:   }
11: 
12:   return 0;
13: }
14: extern void rb_wait_for_single_fd();
15: int t(void) { rb_wait_for_single_fd(); return 0; }
/* end */

--------------------

have_header: checking for mysql.h... -------------------- yes

"gcc -E -I/home/admin/.rbenv/versions/2.6.2/include/ruby-2.6.0/x86_64-linux -I/home/admin/.rbenv/versions/2.6.2/include/ruby-2.6.0/ruby/backward -I/home/admin/.rbenv/versions/2.6.2/include/ruby-2.6.0 -I. -I/usr/include/mysql -I/home/admin/.rbenv/versions/2.6.2/include    -O3 -ggdb3 -Wall -Wextra -Wdeclaration-after-statement -Wdeprecated-declarations -Wimplicit-function-declaration -Wimplicit-int -Wpointer-arith -Wwrite-strings -Wmissing-noreturn -Wno-cast-function-type -Wno-constant-logical-operand -Wno-long-long -Wno-missing-field-initializers -Wno-overlength-strings -Wno-packed-bitfield-compat -Wno-parentheses-equality -Wno-self-assign -Wno-tautological-compare -Wno-unused-parameter -Wno-unused-value -Wsuggest-attribute=format -Wsuggest-attribute=noreturn -Wunused-variable  conftest.c -o conftest.i"
checked program was:
/* begin */
1: #include "ruby.h"
2: 
3: #include <mysql.h>
/* end */

--------------------

have_header: checking for errmsg.h... -------------------- yes

"gcc -E -I/home/admin/.rbenv/versions/2.6.2/include/ruby-2.6.0/x86_64-linux -I/home/admin/.rbenv/versions/2.6.2/include/ruby-2.6.0/ruby/backward -I/home/admin/.rbenv/versions/2.6.2/include/ruby-2.6.0 -I. -I/usr/include/mysql -I/home/admin/.rbenv/versions/2.6.2/include    -O3 -ggdb3 -Wall -Wextra -Wdeclaration-after-statement -Wdeprecated-declarations -Wimplicit-function-declaration -Wimplicit-int -Wpointer-arith -Wwrite-strings -Wmissing-noreturn -Wno-cast-function-type -Wno-constant-logical-operand -Wno-long-long -Wno-missing-field-initializers -Wno-overlength-strings -Wno-packed-bitfield-compat -Wno-parentheses-equality -Wno-self-assign -Wno-tautological-compare -Wno-unused-parameter -Wno-unused-value -Wsuggest-attribute=format -Wsuggest-attribute=noreturn -Wunused-variable  conftest.c -o conftest.i"
checked program was:
/* begin */
1: #include "ruby.h"
2: 
3: #include <errmsg.h>
/* end */

--------------------

have_const: checking for SSL_MODE_DISABLED in mysql.h... -------------------- no

"gcc -I/home/admin/.rbenv/versions/2.6.2/include/ruby-2.6.0/x86_64-linux -I/home/admin/.rbenv/versions/2.6.2/include/ruby-2.6.0/ruby/backward -I/home/admin/.rbenv/versions/2.6.2/include/ruby-2.6.0 -I. -I/usr/include/mysql -I/home/admin/.rbenv/versions/2.6.2/include    -O3 -ggdb3 -Wall -Wextra -Wdeclaration-after-statement -Wdeprecated-declarations -Wimplicit-function-declaration -Wimplicit-int -Wpointer-arith -Wwrite-strings -Wmissing-noreturn -Wno-cast-function-type -Wno-constant-logical-operand -Wno-long-long -Wno-missing-field-initializers -Wno-overlength-strings -Wno-packed-bitfield-compat -Wno-parentheses-equality -Wno-self-assign -Wno-tautological-compare -Wno-unused-parameter -Wno-unused-value -Wsuggest-attribute=format -Wsuggest-attribute=noreturn -Wunused-variable   -c conftest.c"
conftest.c:7:34: エラー: ‘SSL_MODE_DISABLED’ がここでは宣言されていません (関数内ではない)
 conftest_type conftestval = (int)SSL_MODE_DISABLED;
                                  ^
cc1: 警告: 認識できないコマンドラインオプション "-Wno-tautological-compare" です [デフォルトで有効]
cc1: 警告: 認識できないコマンドラインオプション "-Wno-self-assign" です [デフォルトで有効]
cc1: 警告: 認識できないコマンドラインオプション "-Wno-parentheses-equality" です [デフォルトで有効]
cc1: 警告: 認識できないコマンドラインオプション "-Wno-constant-logical-operand" です [デフォルトで有効]
cc1: 警告: 認識できないコマンドラインオプション "-Wno-cast-function-type" です [デフォルトで有効]
checked program was:
/* begin */
1: #include "ruby.h"
2: 
3: #include <mysql.h>
4: 
5: /*top*/
6: typedef int conftest_type;
7: conftest_type conftestval = (int)SSL_MODE_DISABLED;
/* end */

--------------------

have_const: checking for MYSQL_OPT_SSL_ENFORCE in mysql.h... -------------------- no

"gcc -I/home/admin/.rbenv/versions/2.6.2/include/ruby-2.6.0/x86_64-linux -I/home/admin/.rbenv/versions/2.6.2/include/ruby-2.6.0/ruby/backward -I/home/admin/.rbenv/versions/2.6.2/include/ruby-2.6.0 -I. -I/usr/include/mysql -I/home/admin/.rbenv/versions/2.6.2/include    -O3 -ggdb3 -Wall -Wextra -Wdeclaration-after-statement -Wdeprecated-declarations -Wimplicit-function-declaration -Wimplicit-int -Wpointer-arith -Wwrite-strings -Wmissing-noreturn -Wno-cast-function-type -Wno-constant-logical-operand -Wno-long-long -Wno-missing-field-initializers -Wno-overlength-strings -Wno-packed-bitfield-compat -Wno-parentheses-equality -Wno-self-assign -Wno-tautological-compare -Wno-unused-parameter -Wno-unused-value -Wsuggest-attribute=format -Wsuggest-attribute=noreturn -Wunused-variable   -c conftest.c"
conftest.c:7:34: エラー: ‘MYSQL_OPT_SSL_ENFORCE’ がここでは宣言されていません (関数内ではない)
 conftest_type conftestval = (int)MYSQL_OPT_SSL_ENFORCE;
                                  ^
cc1: 警告: 認識できないコマンドラインオプション "-Wno-tautological-compare" です [デフォルトで有効]
cc1: 警告: 認識できないコマンドラインオプション "-Wno-self-assign" です [デフォルトで有効]
cc1: 警告: 認識できないコマンドラインオプション "-Wno-parentheses-equality" です [デフォルトで有効]
cc1: 警告: 認識できないコマンドラインオプション "-Wno-constant-logical-operand" です [デフォルトで有効]
cc1: 警告: 認識できないコマンドラインオプション "-Wno-cast-function-type" です [デフォルトで有効]
checked program was:
/* begin */
1: #include "ruby.h"
2: 
3: #include <mysql.h>
4: 
5: /*top*/
6: typedef int conftest_type;
7: conftest_type conftestval = (int)MYSQL_OPT_SSL_ENFORCE;
/* end */

--------------------

have_struct_member: checking for MYSQL.net.vio in mysql.h... -------------------- yes

"gcc -I/home/admin/.rbenv/versions/2.6.2/include/ruby-2.6.0/x86_64-linux -I/home/admin/.rbenv/versions/2.6.2/include/ruby-2.6.0/ruby/backward -I/home/admin/.rbenv/versions/2.6.2/include/ruby-2.6.0 -I. -I/usr/include/mysql -I/home/admin/.rbenv/versions/2.6.2/include    -O3 -ggdb3 -Wall -Wextra -Wdeclaration-after-statement -Wdeprecated-declarations -Wimplicit-function-declaration -Wimplicit-int -Wpointer-arith -Wwrite-strings -Wmissing-noreturn -Wno-cast-function-type -Wno-constant-logical-operand -Wno-long-long -Wno-missing-field-initializers -Wno-overlength-strings -Wno-packed-bitfield-compat -Wno-parentheses-equality -Wno-self-assign -Wno-tautological-compare -Wno-unused-parameter -Wno-unused-value -Wsuggest-attribute=format -Wsuggest-attribute=noreturn -Wunused-variable -DNO_SSL_MODE_SUPPORT   -c conftest.c"
checked program was:
/* begin */
 1: #include "ruby.h"
 2: 
 3: #include <mysql.h>
 4: 
 5: /*top*/
 6: int s = (char *)&((MYSQL*)0)->net.vio - (char *)0;
 7: int main(int argc, char **argv)
 8: {
 9:   return 0;
10: }
/* end */

--------------------

have_struct_member: checking for MYSQL.net.pvio in mysql.h... -------------------- no

"gcc -I/home/admin/.rbenv/versions/2.6.2/include/ruby-2.6.0/x86_64-linux -I/home/admin/.rbenv/versions/2.6.2/include/ruby-2.6.0/ruby/backward -I/home/admin/.rbenv/versions/2.6.2/include/ruby-2.6.0 -I. -I/usr/include/mysql -I/home/admin/.rbenv/versions/2.6.2/include    -O3 -ggdb3 -Wall -Wextra -Wdeclaration-after-statement -Wdeprecated-declarations -Wimplicit-function-declaration -Wimplicit-int -Wpointer-arith -Wwrite-strings -Wmissing-noreturn -Wno-cast-function-type -Wno-constant-logical-operand -Wno-long-long -Wno-missing-field-initializers -Wno-overlength-strings -Wno-packed-bitfield-compat -Wno-parentheses-equality -Wno-self-assign -Wno-tautological-compare -Wno-unused-parameter -Wno-unused-value -Wsuggest-attribute=format -Wsuggest-attribute=noreturn -Wunused-variable -DNO_SSL_MODE_SUPPORT   -c conftest.c"
conftest.c:6:34: エラー: ‘NET’ は ‘pvio’ という名前のメンバを持っていません
 int s = (char *)&((MYSQL*)0)->net.pvio - (char *)0;
                                  ^
cc1: 警告: 認識できないコマンドラインオプション "-Wno-tautological-compare" です [デフォルトで有効]
cc1: 警告: 認識できないコマンドラインオプション "-Wno-self-assign" です [デフォルトで有効]
cc1: 警告: 認識できないコマンドラインオプション "-Wno-parentheses-equality" です [デフォルトで有効]
cc1: 警告: 認識できないコマンドラインオプション "-Wno-constant-logical-operand" です [デフォルトで有効]
cc1: 警告: 認識できないコマンドラインオプション "-Wno-cast-function-type" です [デフォルトで有効]
checked program was:
/* begin */
 1: #include "ruby.h"
 2: 
 3: #include <mysql.h>
 4: 
 5: /*top*/
 6: int s = (char *)&((MYSQL*)0)->net.pvio - (char *)0;
 7: int main(int argc, char **argv)
 8: {
 9:   return 0;
10: }
/* end */

--------------------

have_const: checking for MYSQL_ENABLE_CLEARTEXT_PLUGIN in mysql.h... -------------------- yes

"gcc -I/home/admin/.rbenv/versions/2.6.2/include/ruby-2.6.0/x86_64-linux -I/home/admin/.rbenv/versions/2.6.2/include/ruby-2.6.0/ruby/backward -I/home/admin/.rbenv/versions/2.6.2/include/ruby-2.6.0 -I. -I/usr/include/mysql -I/home/admin/.rbenv/versions/2.6.2/include    -O3 -ggdb3 -Wall -Wextra -Wdeclaration-after-statement -Wdeprecated-declarations -Wimplicit-function-declaration -Wimplicit-int -Wpointer-arith -Wwrite-strings -Wmissing-noreturn -Wno-cast-function-type -Wno-constant-logical-operand -Wno-long-long -Wno-missing-field-initializers -Wno-overlength-strings -Wno-packed-bitfield-compat -Wno-parentheses-equality -Wno-self-assign -Wno-tautological-compare -Wno-unused-parameter -Wno-unused-value -Wsuggest-attribute=format -Wsuggest-attribute=noreturn -Wunused-variable -DNO_SSL_MODE_SUPPORT   -c conftest.c"
checked program was:
/* begin */
1: #include "ruby.h"
2: 
3: #include <mysql.h>
4: 
5: /*top*/
6: typedef int conftest_type;
7: conftest_type conftestval = (int)MYSQL_ENABLE_CLEARTEXT_PLUGIN;
/* end */

--------------------

have_const: checking for SERVER_QUERY_NO_GOOD_INDEX_USED in mysql.h... -------------------- yes

"gcc -I/home/admin/.rbenv/versions/2.6.2/include/ruby-2.6.0/x86_64-linux -I/home/admin/.rbenv/versions/2.6.2/include/ruby-2.6.0/ruby/backward -I/home/admin/.rbenv/versions/2.6.2/include/ruby-2.6.0 -I. -I/usr/include/mysql -I/home/admin/.rbenv/versions/2.6.2/include    -O3 -ggdb3 -Wall -Wextra -Wdeclaration-after-statement -Wdeprecated-declarations -Wimplicit-function-declaration -Wimplicit-int -Wpointer-arith -Wwrite-strings -Wmissing-noreturn -Wno-cast-function-type -Wno-constant-logical-operand -Wno-long-long -Wno-missing-field-initializers -Wno-overlength-strings -Wno-packed-bitfield-compat -Wno-parentheses-equality -Wno-self-assign -Wno-tautological-compare -Wno-unused-parameter -Wno-unused-value -Wsuggest-attribute=format -Wsuggest-attribute=noreturn -Wunused-variable -DNO_SSL_MODE_SUPPORT   -c conftest.c"
checked program was:
/* begin */
1: #include "ruby.h"
2: 
3: #include <mysql.h>
4: 
5: /*top*/
6: typedef int conftest_type;
7: conftest_type conftestval = (int)SERVER_QUERY_NO_GOOD_INDEX_USED;
/* end */

--------------------

have_const: checking for SERVER_QUERY_NO_INDEX_USED in mysql.h... -------------------- yes

"gcc -I/home/admin/.rbenv/versions/2.6.2/include/ruby-2.6.0/x86_64-linux -I/home/admin/.rbenv/versions/2.6.2/include/ruby-2.6.0/ruby/backward -I/home/admin/.rbenv/versions/2.6.2/include/ruby-2.6.0 -I. -I/usr/include/mysql -I/home/admin/.rbenv/versions/2.6.2/include    -O3 -ggdb3 -Wall -Wextra -Wdeclaration-after-statement -Wdeprecated-declarations -Wimplicit-function-declaration -Wimplicit-int -Wpointer-arith -Wwrite-strings -Wmissing-noreturn -Wno-cast-function-type -Wno-constant-logical-operand -Wno-long-long -Wno-missing-field-initializers -Wno-overlength-strings -Wno-packed-bitfield-compat -Wno-parentheses-equality -Wno-self-assign -Wno-tautological-compare -Wno-unused-parameter -Wno-unused-value -Wsuggest-attribute=format -Wsuggest-attribute=noreturn -Wunused-variable -DNO_SSL_MODE_SUPPORT   -c conftest.c"
checked program was:
/* begin */
1: #include "ruby.h"
2: 
3: #include <mysql.h>
4: 
5: /*top*/
6: typedef int conftest_type;
7: conftest_type conftestval = (int)SERVER_QUERY_NO_INDEX_USED;
/* end */

--------------------

have_const: checking for SERVER_QUERY_WAS_SLOW in mysql.h... -------------------- yes

"gcc -I/home/admin/.rbenv/versions/2.6.2/include/ruby-2.6.0/x86_64-linux -I/home/admin/.rbenv/versions/2.6.2/include/ruby-2.6.0/ruby/backward -I/home/admin/.rbenv/versions/2.6.2/include/ruby-2.6.0 -I. -I/usr/include/mysql -I/home/admin/.rbenv/versions/2.6.2/include    -O3 -ggdb3 -Wall -Wextra -Wdeclaration-after-statement -Wdeprecated-declarations -Wimplicit-function-declaration -Wimplicit-int -Wpointer-arith -Wwrite-strings -Wmissing-noreturn -Wno-cast-function-type -Wno-constant-logical-operand -Wno-long-long -Wno-missing-field-initializers -Wno-overlength-strings -Wno-packed-bitfield-compat -Wno-parentheses-equality -Wno-self-assign -Wno-tautological-compare -Wno-unused-parameter -Wno-unused-value -Wsuggest-attribute=format -Wsuggest-attribute=noreturn -Wunused-variable -DNO_SSL_MODE_SUPPORT   -c conftest.c"
checked program was:
/* begin */
1: #include "ruby.h"
2: 
3: #include <mysql.h>
4: 
5: /*top*/
6: typedef int conftest_type;
7: conftest_type conftestval = (int)SERVER_QUERY_WAS_SLOW;
/* end */

--------------------

have_const: checking for MYSQL_OPTION_MULTI_STATEMENTS_ON in mysql.h... -------------------- yes

"gcc -I/home/admin/.rbenv/versions/2.6.2/include/ruby-2.6.0/x86_64-linux -I/home/admin/.rbenv/versions/2.6.2/include/ruby-2.6.0/ruby/backward -I/home/admin/.rbenv/versions/2.6.2/include/ruby-2.6.0 -I. -I/usr/include/mysql -I/home/admin/.rbenv/versions/2.6.2/include    -O3 -ggdb3 -Wall -Wextra -Wdeclaration-after-statement -Wdeprecated-declarations -Wimplicit-function-declaration -Wimplicit-int -Wpointer-arith -Wwrite-strings -Wmissing-noreturn -Wno-cast-function-type -Wno-constant-logical-operand -Wno-long-long -Wno-missing-field-initializers -Wno-overlength-strings -Wno-packed-bitfield-compat -Wno-parentheses-equality -Wno-self-assign -Wno-tautological-compare -Wno-unused-parameter -Wno-unused-value -Wsuggest-attribute=format -Wsuggest-attribute=noreturn -Wunused-variable -DNO_SSL_MODE_SUPPORT   -c conftest.c"
checked program was:
/* begin */
1: #include "ruby.h"
2: 
3: #include <mysql.h>
4: 
5: /*top*/
6: typedef int conftest_type;
7: conftest_type conftestval = (int)MYSQL_OPTION_MULTI_STATEMENTS_ON;
/* end */

--------------------

have_const: checking for MYSQL_OPTION_MULTI_STATEMENTS_OFF in mysql.h... -------------------- yes

"gcc -I/home/admin/.rbenv/versions/2.6.2/include/ruby-2.6.0/x86_64-linux -I/home/admin/.rbenv/versions/2.6.2/include/ruby-2.6.0/ruby/backward -I/home/admin/.rbenv/versions/2.6.2/include/ruby-2.6.0 -I. -I/usr/include/mysql -I/home/admin/.rbenv/versions/2.6.2/include    -O3 -ggdb3 -Wall -Wextra -Wdeclaration-after-statement -Wdeprecated-declarations -Wimplicit-function-declaration -Wimplicit-int -Wpointer-arith -Wwrite-strings -Wmissing-noreturn -Wno-cast-function-type -Wno-constant-logical-operand -Wno-long-long -Wno-missing-field-initializers -Wno-overlength-strings -Wno-packed-bitfield-compat -Wno-parentheses-equality -Wno-self-assign -Wno-tautological-compare -Wno-unused-parameter -Wno-unused-value -Wsuggest-attribute=format -Wsuggest-attribute=noreturn -Wunused-variable -DNO_SSL_MODE_SUPPORT   -c conftest.c"
checked program was:
/* begin */
1: #include "ruby.h"
2: 
3: #include <mysql.h>
4: 
5: /*top*/
6: typedef int conftest_type;
7: conftest_type conftestval = (int)MYSQL_OPTION_MULTI_STATEMENTS_OFF;
/* end */

--------------------

have_type: checking for my_bool in mysql.h... -------------------- yes

"gcc -I/home/admin/.rbenv/versions/2.6.2/include/ruby-2.6.0/x86_64-linux -I/home/admin/.rbenv/versions/2.6.2/include/ruby-2.6.0/ruby/backward -I/home/admin/.rbenv/versions/2.6.2/include/ruby-2.6.0 -I. -I/usr/include/mysql -I/home/admin/.rbenv/versions/2.6.2/include    -O3 -ggdb3 -Wall -Wextra -Wdeclaration-after-statement -Wdeprecated-declarations -Wimplicit-function-declaration -Wimplicit-int -Wpointer-arith -Wwrite-strings -Wmissing-noreturn -Wno-cast-function-type -Wno-constant-logical-operand -Wno-long-long -Wno-missing-field-initializers -Wno-overlength-strings -Wno-packed-bitfield-compat -Wno-parentheses-equality -Wno-self-assign -Wno-tautological-compare -Wno-unused-parameter -Wno-unused-value -Wsuggest-attribute=format -Wsuggest-attribute=noreturn -Wunused-variable -DNO_SSL_MODE_SUPPORT   -c conftest.c"
checked program was:
/* begin */
1: #include "ruby.h"
2: 
3: #include <mysql.h>
4: 
5: /*top*/
6: typedef my_bool conftest_type;
7: int conftestval[sizeof(conftest_type)?1:-1];
/* end */

--------------------

"gcc -o conftest -I/home/admin/.rbenv/versions/2.6.2/include/ruby-2.6.0/x86_64-linux -I/home/admin/.rbenv/versions/2.6.2/include/ruby-2.6.0/ruby/backward -I/home/admin/.rbenv/versions/2.6.2/include/ruby-2.6.0 -I. -I/usr/include/mysql -I/home/admin/.rbenv/versions/2.6.2/include    -O3 -ggdb3 -Wall -Wextra -Wdeclaration-after-statement -Wdeprecated-declarations -Wimplicit-function-declaration -Wimplicit-int -Wpointer-arith -Wwrite-strings -Wmissing-noreturn -Wno-cast-function-type -Wno-constant-logical-operand -Wno-long-long -Wno-missing-field-initializers -Wno-overlength-strings -Wno-packed-bitfield-compat -Wno-parentheses-equality -Wno-self-assign -Wno-tautological-compare -Wno-unused-parameter -Wno-unused-value -Wsuggest-attribute=format -Wsuggest-attribute=noreturn -Wunused-variable -DNO_SSL_MODE_SUPPORT conftest.c  -L. -L/home/admin/.rbenv/versions/2.6.2/lib -Wl,-rpath,/home/admin/.rbenv/versions/2.6.2/lib -L. -L/home/admin/.rbenv/versions/2.6.2/lib  -fstack-protector-strong -rdynamic -Wl,-export-dynamic    -L/usr/lib64/mysql -lmysqlclient -lpthread -lz -lm -ldl -lssl -lcrypto  -Wl,-rpath,/home/admin/.rbenv/versions/2.6.2/lib -L/home/admin/.rbenv/versions/2.6.2/lib -lruby-static -lz -lpthread -lrt -lrt -ldl -lcrypt -lm  -Werror -Weverything -lm   -lc"
gcc: エラー: unrecognized command line option ‘-Weverything’
checked program was:
/* begin */
1: #include "ruby.h"
2: 
3: int main() {return 0;}
/* end */

"gcc -o conftest -I/home/admin/.rbenv/versions/2.6.2/include/ruby-2.6.0/x86_64-linux -I/home/admin/.rbenv/versions/2.6.2/include/ruby-2.6.0/ruby/backward -I/home/admin/.rbenv/versions/2.6.2/include/ruby-2.6.0 -I. -I/usr/include/mysql -I/home/admin/.rbenv/versions/2.6.2/include    -O3 -ggdb3 -Wall -Wextra -Wdeclaration-after-statement -Wdeprecated-declarations -Wimplicit-function-declaration -Wimplicit-int -Wpointer-arith -Wwrite-strings -Wmissing-noreturn -Wno-cast-function-type -Wno-constant-logical-operand -Wno-long-long -Wno-missing-field-initializers -Wno-overlength-strings -Wno-packed-bitfield-compat -Wno-parentheses-equality -Wno-self-assign -Wno-tautological-compare -Wno-unused-parameter -Wno-unused-value -Wsuggest-attribute=format -Wsuggest-attribute=noreturn -Wunused-variable -DNO_SSL_MODE_SUPPORT conftest.c  -L. -L/home/admin/.rbenv/versions/2.6.2/lib -Wl,-rpath,/home/admin/.rbenv/versions/2.6.2/lib -L. -L/home/admin/.rbenv/versions/2.6.2/lib  -fstack-protector-strong -rdynamic -Wl,-export-dynamic    -L/usr/lib64/mysql -lmysqlclient -lpthread -lz -lm -ldl -lssl -lcrypto  -Wl,-rpath,/home/admin/.rbenv/versions/2.6.2/lib -L/home/admin/.rbenv/versions/2.6.2/lib -lruby-static -lz -lpthread -lrt -lrt -ldl -lcrypt -lm  -Werror -Wno-bad-function-cast -lm   -lc"
checked program was:
/* begin */
1: #include "ruby.h"
2: 
3: int main() {return 0;}
/* end */

"gcc -o conftest -I/home/admin/.rbenv/versions/2.6.2/include/ruby-2.6.0/x86_64-linux -I/home/admin/.rbenv/versions/2.6.2/include/ruby-2.6.0/ruby/backward -I/home/admin/.rbenv/versions/2.6.2/include/ruby-2.6.0 -I. -I/usr/include/mysql -I/home/admin/.rbenv/versions/2.6.2/include    -O3 -ggdb3 -Wall -Wextra -Wdeclaration-after-statement -Wdeprecated-declarations -Wimplicit-function-declaration -Wimplicit-int -Wpointer-arith -Wwrite-strings -Wmissing-noreturn -Wno-cast-function-type -Wno-constant-logical-operand -Wno-long-long -Wno-missing-field-initializers -Wno-overlength-strings -Wno-packed-bitfield-compat -Wno-parentheses-equality -Wno-self-assign -Wno-tautological-compare -Wno-unused-parameter -Wno-unused-value -Wsuggest-attribute=format -Wsuggest-attribute=noreturn -Wunused-variable -DNO_SSL_MODE_SUPPORT conftest.c  -L. -L/home/admin/.rbenv/versions/2.6.2/lib -Wl,-rpath,/home/admin/.rbenv/versions/2.6.2/lib -L. -L/home/admin/.rbenv/versions/2.6.2/lib  -fstack-protector-strong -rdynamic -Wl,-export-dynamic    -L/usr/lib64/mysql -lmysqlclient -lpthread -lz -lm -ldl -lssl -lcrypto  -Wl,-rpath,/home/admin/.rbenv/versions/2.6.2/lib -L/home/admin/.rbenv/versions/2.6.2/lib -lruby-static -lz -lpthread -lrt -lrt -ldl -lcrypt -lm  -Werror -Wno-conditional-uninitialized -lm   -lc"
checked program was:
/* begin */
1: #include "ruby.h"
2: 
3: int main() {return 0;}
/* end */

"gcc -o conftest -I/home/admin/.rbenv/versions/2.6.2/include/ruby-2.6.0/x86_64-linux -I/home/admin/.rbenv/versions/2.6.2/include/ruby-2.6.0/ruby/backward -I/home/admin/.rbenv/versions/2.6.2/include/ruby-2.6.0 -I. -I/usr/include/mysql -I/home/admin/.rbenv/versions/2.6.2/include    -O3 -ggdb3 -Wall -Wextra -Wdeclaration-after-statement -Wdeprecated-declarations -Wimplicit-function-declaration -Wimplicit-int -Wpointer-arith -Wwrite-strings -Wmissing-noreturn -Wno-cast-function-type -Wno-constant-logical-operand -Wno-long-long -Wno-missing-field-initializers -Wno-overlength-strings -Wno-packed-bitfield-compat -Wno-parentheses-equality -Wno-self-assign -Wno-tautological-compare -Wno-unused-parameter -Wno-unused-value -Wsuggest-attribute=format -Wsuggest-attribute=noreturn -Wunused-variable -DNO_SSL_MODE_SUPPORT conftest.c  -L. -L/home/admin/.rbenv/versions/2.6.2/lib -Wl,-rpath,/home/admin/.rbenv/versions/2.6.2/lib -L. -L/home/admin/.rbenv/versions/2.6.2/lib  -fstack-protector-strong -rdynamic -Wl,-export-dynamic    -L/usr/lib64/mysql -lmysqlclient -lpthread -lz -lm -ldl -lssl -lcrypto  -Wl,-rpath,/home/admin/.rbenv/versions/2.6.2/lib -L/home/admin/.rbenv/versions/2.6.2/lib -lruby-static -lz -lpthread -lrt -lrt -ldl -lcrypt -lm  -Werror -Wno-covered-switch-default -lm   -lc"
checked program was:
/* begin */
1: #include "ruby.h"
2: 
3: int main() {return 0;}
/* end */

"gcc -o conftest -I/home/admin/.rbenv/versions/2.6.2/include/ruby-2.6.0/x86_64-linux -I/home/admin/.rbenv/versions/2.6.2/include/ruby-2.6.0/ruby/backward -I/home/admin/.rbenv/versions/2.6.2/include/ruby-2.6.0 -I. -I/usr/include/mysql -I/home/admin/.rbenv/versions/2.6.2/include    -O3 -ggdb3 -Wall -Wextra -Wdeclaration-after-statement -Wdeprecated-declarations -Wimplicit-function-declaration -Wimplicit-int -Wpointer-arith -Wwrite-strings -Wmissing-noreturn -Wno-cast-function-type -Wno-constant-logical-operand -Wno-long-long -Wno-missing-field-initializers -Wno-overlength-strings -Wno-packed-bitfield-compat -Wno-parentheses-equality -Wno-self-assign -Wno-tautological-compare -Wno-unused-parameter -Wno-unused-value -Wsuggest-attribute=format -Wsuggest-attribute=noreturn -Wunused-variable -DNO_SSL_MODE_SUPPORT conftest.c  -L. -L/home/admin/.rbenv/versions/2.6.2/lib -Wl,-rpath,/home/admin/.rbenv/versions/2.6.2/lib -L. -L/home/admin/.rbenv/versions/2.6.2/lib  -fstack-protector-strong -rdynamic -Wl,-export-dynamic    -L/usr/lib64/mysql -lmysqlclient -lpthread -lz -lm -ldl -lssl -lcrypto  -Wl,-rpath,/home/admin/.rbenv/versions/2.6.2/lib -L/home/admin/.rbenv/versions/2.6.2/lib -lruby-static -lz -lpthread -lrt -lrt -ldl -lcrypt -lm  -Werror -Wno-declaration-after-statement -lm   -lc"
checked program was:
/* begin */
1: #include "ruby.h"
2: 
3: int main() {return 0;}
/* end */

"gcc -o conftest -I/home/admin/.rbenv/versions/2.6.2/include/ruby-2.6.0/x86_64-linux -I/home/admin/.rbenv/versions/2.6.2/include/ruby-2.6.0/ruby/backward -I/home/admin/.rbenv/versions/2.6.2/include/ruby-2.6.0 -I. -I/usr/include/mysql -I/home/admin/.rbenv/versions/2.6.2/include    -O3 -ggdb3 -Wall -Wextra -Wdeclaration-after-statement -Wdeprecated-declarations -Wimplicit-function-declaration -Wimplicit-int -Wpointer-arith -Wwrite-strings -Wmissing-noreturn -Wno-cast-function-type -Wno-constant-logical-operand -Wno-long-long -Wno-missing-field-initializers -Wno-overlength-strings -Wno-packed-bitfield-compat -Wno-parentheses-equality -Wno-self-assign -Wno-tautological-compare -Wno-unused-parameter -Wno-unused-value -Wsuggest-attribute=format -Wsuggest-attribute=noreturn -Wunused-variable -DNO_SSL_MODE_SUPPORT conftest.c  -L. -L/home/admin/.rbenv/versions/2.6.2/lib -Wl,-rpath,/home/admin/.rbenv/versions/2.6.2/lib -L. -L/home/admin/.rbenv/versions/2.6.2/lib  -fstack-protector-strong -rdynamic -Wl,-export-dynamic    -L/usr/lib64/mysql -lmysqlclient -lpthread -lz -lm -ldl -lssl -lcrypto  -Wl,-rpath,/home/admin/.rbenv/versions/2.6.2/lib -L/home/admin/.rbenv/versions/2.6.2/lib -lruby-static -lz -lpthread -lrt -lrt -ldl -lcrypt -lm  -Werror -Wno-disabled-macro-expansion -lm   -lc"
checked program was:
/* begin */
1: #include "ruby.h"
2: 
3: int main() {return 0;}
/* end */

"gcc -o conftest -I/home/admin/.rbenv/versions/2.6.2/include/ruby-2.6.0/x86_64-linux -I/home/admin/.rbenv/versions/2.6.2/include/ruby-2.6.0/ruby/backward -I/home/admin/.rbenv/versions/2.6.2/include/ruby-2.6.0 -I. -I/usr/include/mysql -I/home/admin/.rbenv/versions/2.6.2/include    -O3 -ggdb3 -Wall -Wextra -Wdeclaration-after-statement -Wdeprecated-declarations -Wimplicit-function-declaration -Wimplicit-int -Wpointer-arith -Wwrite-strings -Wmissing-noreturn -Wno-cast-function-type -Wno-constant-logical-operand -Wno-long-long -Wno-missing-field-initializers -Wno-overlength-strings -Wno-packed-bitfield-compat -Wno-parentheses-equality -Wno-self-assign -Wno-tautological-compare -Wno-unused-parameter -Wno-unused-value -Wsuggest-attribute=format -Wsuggest-attribute=noreturn -Wunused-variable -DNO_SSL_MODE_SUPPORT conftest.c  -L. -L/home/admin/.rbenv/versions/2.6.2/lib -Wl,-rpath,/home/admin/.rbenv/versions/2.6.2/lib -L. -L/home/admin/.rbenv/versions/2.6.2/lib  -fstack-protector-strong -rdynamic -Wl,-export-dynamic    -L/usr/lib64/mysql -lmysqlclient -lpthread -lz -lm -ldl -lssl -lcrypto  -Wl,-rpath,/home/admin/.rbenv/versions/2.6.2/lib -L/home/admin/.rbenv/versions/2.6.2/lib -lruby-static -lz -lpthread -lrt -lrt -ldl -lcrypt -lm  -Werror -Wno-documentation-unknown-command -lm   -lc"
checked program was:
/* begin */
1: #include "ruby.h"
2: 
3: int main() {return 0;}
/* end */

"gcc -o conftest -I/home/admin/.rbenv/versions/2.6.2/include/ruby-2.6.0/x86_64-linux -I/home/admin/.rbenv/versions/2.6.2/include/ruby-2.6.0/ruby/backward -I/home/admin/.rbenv/versions/2.6.2/include/ruby-2.6.0 -I. -I/usr/include/mysql -I/home/admin/.rbenv/versions/2.6.2/include    -O3 -ggdb3 -Wall -Wextra -Wdeclaration-after-statement -Wdeprecated-declarations -Wimplicit-function-declaration -Wimplicit-int -Wpointer-arith -Wwrite-strings -Wmissing-noreturn -Wno-cast-function-type -Wno-constant-logical-operand -Wno-long-long -Wno-missing-field-initializers -Wno-overlength-strings -Wno-packed-bitfield-compat -Wno-parentheses-equality -Wno-self-assign -Wno-tautological-compare -Wno-unused-parameter -Wno-unused-value -Wsuggest-attribute=format -Wsuggest-attribute=noreturn -Wunused-variable -DNO_SSL_MODE_SUPPORT conftest.c  -L. -L/home/admin/.rbenv/versions/2.6.2/lib -Wl,-rpath,/home/admin/.rbenv/versions/2.6.2/lib -L. -L/home/admin/.rbenv/versions/2.6.2/lib  -fstack-protector-strong -rdynamic -Wl,-export-dynamic    -L/usr/lib64/mysql -lmysqlclient -lpthread -lz -lm -ldl -lssl -lcrypto  -Wl,-rpath,/home/admin/.rbenv/versions/2.6.2/lib -L/home/admin/.rbenv/versions/2.6.2/lib -lruby-static -lz -lpthread -lrt -lrt -ldl -lcrypt -lm  -Werror -Wno-missing-field-initializers -lm   -lc"
checked program was:
/* begin */
1: #include "ruby.h"
2: 
3: int main() {return 0;}
/* end */

"gcc -o conftest -I/home/admin/.rbenv/versions/2.6.2/include/ruby-2.6.0/x86_64-linux -I/home/admin/.rbenv/versions/2.6.2/include/ruby-2.6.0/ruby/backward -I/home/admin/.rbenv/versions/2.6.2/include/ruby-2.6.0 -I. -I/usr/include/mysql -I/home/admin/.rbenv/versions/2.6.2/include    -O3 -ggdb3 -Wall -Wextra -Wdeclaration-after-statement -Wdeprecated-declarations -Wimplicit-function-declaration -Wimplicit-int -Wpointer-arith -Wwrite-strings -Wmissing-noreturn -Wno-cast-function-type -Wno-constant-logical-operand -Wno-long-long -Wno-missing-field-initializers -Wno-overlength-strings -Wno-packed-bitfield-compat -Wno-parentheses-equality -Wno-self-assign -Wno-tautological-compare -Wno-unused-parameter -Wno-unused-value -Wsuggest-attribute=format -Wsuggest-attribute=noreturn -Wunused-variable -DNO_SSL_MODE_SUPPORT conftest.c  -L. -L/home/admin/.rbenv/versions/2.6.2/lib -Wl,-rpath,/home/admin/.rbenv/versions/2.6.2/lib -L. -L/home/admin/.rbenv/versions/2.6.2/lib  -fstack-protector-strong -rdynamic -Wl,-export-dynamic    -L/usr/lib64/mysql -lmysqlclient -lpthread -lz -lm -ldl -lssl -lcrypto  -Wl,-rpath,/home/admin/.rbenv/versions/2.6.2/lib -L/home/admin/.rbenv/versions/2.6.2/lib -lruby-static -lz -lpthread -lrt -lrt -ldl -lcrypt -lm  -Werror -Wno-missing-variable-declarations -lm   -lc"
checked program was:
/* begin */
1: #include "ruby.h"
2: 
3: int main() {return 0;}
/* end */

"gcc -o conftest -I/home/admin/.rbenv/versions/2.6.2/include/ruby-2.6.0/x86_64-linux -I/home/admin/.rbenv/versions/2.6.2/include/ruby-2.6.0/ruby/backward -I/home/admin/.rbenv/versions/2.6.2/include/ruby-2.6.0 -I. -I/usr/include/mysql -I/home/admin/.rbenv/versions/2.6.2/include    -O3 -ggdb3 -Wall -Wextra -Wdeclaration-after-statement -Wdeprecated-declarations -Wimplicit-function-declaration -Wimplicit-int -Wpointer-arith -Wwrite-strings -Wmissing-noreturn -Wno-cast-function-type -Wno-constant-logical-operand -Wno-long-long -Wno-missing-field-initializers -Wno-overlength-strings -Wno-packed-bitfield-compat -Wno-parentheses-equality -Wno-self-assign -Wno-tautological-compare -Wno-unused-parameter -Wno-unused-value -Wsuggest-attribute=format -Wsuggest-attribute=noreturn -Wunused-variable -DNO_SSL_MODE_SUPPORT conftest.c  -L. -L/home/admin/.rbenv/versions/2.6.2/lib -Wl,-rpath,/home/admin/.rbenv/versions/2.6.2/lib -L. -L/home/admin/.rbenv/versions/2.6.2/lib  -fstack-protector-strong -rdynamic -Wl,-export-dynamic    -L/usr/lib64/mysql -lmysqlclient -lpthread -lz -lm -ldl -lssl -lcrypto  -Wl,-rpath,/home/admin/.rbenv/versions/2.6.2/lib -L/home/admin/.rbenv/versions/2.6.2/lib -lruby-static -lz -lpthread -lrt -lrt -ldl -lcrypt -lm  -Werror -Wno-padded -lm   -lc"
checked program was:
/* begin */
1: #include "ruby.h"
2: 
3: int main() {return 0;}
/* end */

"gcc -o conftest -I/home/admin/.rbenv/versions/2.6.2/include/ruby-2.6.0/x86_64-linux -I/home/admin/.rbenv/versions/2.6.2/include/ruby-2.6.0/ruby/backward -I/home/admin/.rbenv/versions/2.6.2/include/ruby-2.6.0 -I. -I/usr/include/mysql -I/home/admin/.rbenv/versions/2.6.2/include    -O3 -ggdb3 -Wall -Wextra -Wdeclaration-after-statement -Wdeprecated-declarations -Wimplicit-function-declaration -Wimplicit-int -Wpointer-arith -Wwrite-strings -Wmissing-noreturn -Wno-cast-function-type -Wno-constant-logical-operand -Wno-long-long -Wno-missing-field-initializers -Wno-overlength-strings -Wno-packed-bitfield-compat -Wno-parentheses-equality -Wno-self-assign -Wno-tautological-compare -Wno-unused-parameter -Wno-unused-value -Wsuggest-attribute=format -Wsuggest-attribute=noreturn -Wunused-variable -DNO_SSL_MODE_SUPPORT conftest.c  -L. -L/home/admin/.rbenv/versions/2.6.2/lib -Wl,-rpath,/home/admin/.rbenv/versions/2.6.2/lib -L. -L/home/admin/.rbenv/versions/2.6.2/lib  -fstack-protector-strong -rdynamic -Wl,-export-dynamic    -L/usr/lib64/mysql -lmysqlclient -lpthread -lz -lm -ldl -lssl -lcrypto  -Wl,-rpath,/home/admin/.rbenv/versions/2.6.2/lib -L/home/admin/.rbenv/versions/2.6.2/lib -lruby-static -lz -lpthread -lrt -lrt -ldl -lcrypt -lm  -Werror -Wno-reserved-id-macro -lm   -lc"
checked program was:
/* begin */
1: #include "ruby.h"
2: 
3: int main() {return 0;}
/* end */

"gcc -o conftest -I/home/admin/.rbenv/versions/2.6.2/include/ruby-2.6.0/x86_64-linux -I/home/admin/.rbenv/versions/2.6.2/include/ruby-2.6.0/ruby/backward -I/home/admin/.rbenv/versions/2.6.2/include/ruby-2.6.0 -I. -I/usr/include/mysql -I/home/admin/.rbenv/versions/2.6.2/include    -O3 -ggdb3 -Wall -Wextra -Wdeclaration-after-statement -Wdeprecated-declarations -Wimplicit-function-declaration -Wimplicit-int -Wpointer-arith -Wwrite-strings -Wmissing-noreturn -Wno-cast-function-type -Wno-constant-logical-operand -Wno-long-long -Wno-missing-field-initializers -Wno-overlength-strings -Wno-packed-bitfield-compat -Wno-parentheses-equality -Wno-self-assign -Wno-tautological-compare -Wno-unused-parameter -Wno-unused-value -Wsuggest-attribute=format -Wsuggest-attribute=noreturn -Wunused-variable -DNO_SSL_MODE_SUPPORT conftest.c  -L. -L/home/admin/.rbenv/versions/2.6.2/lib -Wl,-rpath,/home/admin/.rbenv/versions/2.6.2/lib -L. -L/home/admin/.rbenv/versions/2.6.2/lib  -fstack-protector-strong -rdynamic -Wl,-export-dynamic    -L/usr/lib64/mysql -lmysqlclient -lpthread -lz -lm -ldl -lssl -lcrypto  -Wl,-rpath,/home/admin/.rbenv/versions/2.6.2/lib -L/home/admin/.rbenv/versions/2.6.2/lib -lruby-static -lz -lpthread -lrt -lrt -ldl -lcrypt -lm  -Werror -Wno-sign-conversion -lm   -lc"
checked program was:
/* begin */
1: #include "ruby.h"
2: 
3: int main() {return 0;}
/* end */

"gcc -o conftest -I/home/admin/.rbenv/versions/2.6.2/include/ruby-2.6.0/x86_64-linux -I/home/admin/.rbenv/versions/2.6.2/include/ruby-2.6.0/ruby/backward -I/home/admin/.rbenv/versions/2.6.2/include/ruby-2.6.0 -I. -I/usr/include/mysql -I/home/admin/.rbenv/versions/2.6.2/include    -O3 -ggdb3 -Wall -Wextra -Wdeclaration-after-statement -Wdeprecated-declarations -Wimplicit-function-declaration -Wimplicit-int -Wpointer-arith -Wwrite-strings -Wmissing-noreturn -Wno-cast-function-type -Wno-constant-logical-operand -Wno-long-long -Wno-missing-field-initializers -Wno-overlength-strings -Wno-packed-bitfield-compat -Wno-parentheses-equality -Wno-self-assign -Wno-tautological-compare -Wno-unused-parameter -Wno-unused-value -Wsuggest-attribute=format -Wsuggest-attribute=noreturn -Wunused-variable -DNO_SSL_MODE_SUPPORT conftest.c  -L. -L/home/admin/.rbenv/versions/2.6.2/lib -Wl,-rpath,/home/admin/.rbenv/versions/2.6.2/lib -L. -L/home/admin/.rbenv/versions/2.6.2/lib  -fstack-protector-strong -rdynamic -Wl,-export-dynamic    -L/usr/lib64/mysql -lmysqlclient -lpthread -lz -lm -ldl -lssl -lcrypto  -Wl,-rpath,/home/admin/.rbenv/versions/2.6.2/lib -L/home/admin/.rbenv/versions/2.6.2/lib -lruby-static -lz -lpthread -lrt -lrt -ldl -lcrypt -lm  -Werror -Wno-static-in-inline -lm   -lc"
checked program was:
/* begin */
1: #include "ruby.h"
2: 
3: int main() {return 0;}
/* end */

"gcc -o conftest -I/home/admin/.rbenv/versions/2.6.2/include/ruby-2.6.0/x86_64-linux -I/home/admin/.rbenv/versions/2.6.2/include/ruby-2.6.0/ruby/backward -I/home/admin/.rbenv/versions/2.6.2/include/ruby-2.6.0 -I. -I/usr/include/mysql -I/home/admin/.rbenv/versions/2.6.2/include    -O3 -ggdb3 -Wall -Wextra -Wdeclaration-after-statement -Wdeprecated-declarations -Wimplicit-function-declaration -Wimplicit-int -Wpointer-arith -Wwrite-strings -Wmissing-noreturn -Wno-cast-function-type -Wno-constant-logical-operand -Wno-long-long -Wno-missing-field-initializers -Wno-overlength-strings -Wno-packed-bitfield-compat -Wno-parentheses-equality -Wno-self-assign -Wno-tautological-compare -Wno-unused-parameter -Wno-unused-value -Wsuggest-attribute=format -Wsuggest-attribute=noreturn -Wunused-variable -DNO_SSL_MODE_SUPPORT conftest.c  -L. -L/home/admin/.rbenv/versions/2.6.2/lib -Wl,-rpath,/home/admin/.rbenv/versions/2.6.2/lib -L. -L/home/admin/.rbenv/versions/2.6.2/lib  -fstack-protector-strong -rdynamic -Wl,-export-dynamic    -L/usr/lib64/mysql -lmysqlclient -lpthread -lz -lm -ldl -lssl -lcrypto  -Wl,-rpath,/home/admin/.rbenv/versions/2.6.2/lib -L/home/admin/.rbenv/versions/2.6.2/lib -lruby-static -lz -lpthread -lrt -lrt -ldl -lcrypt -lm  -Werror -Wno-switch-enum -lm   -lc"
checked program was:
/* begin */
1: #include "ruby.h"
2: 
3: int main() {return 0;}
/* end */

"gcc -o conftest -I/home/admin/.rbenv/versions/2.6.2/include/ruby-2.6.0/x86_64-linux -I/home/admin/.rbenv/versions/2.6.2/include/ruby-2.6.0/ruby/backward -I/home/admin/.rbenv/versions/2.6.2/include/ruby-2.6.0 -I. -I/usr/include/mysql -I/home/admin/.rbenv/versions/2.6.2/include    -O3 -ggdb3 -Wall -Wextra -Wdeclaration-after-statement -Wdeprecated-declarations -Wimplicit-function-declaration -Wimplicit-int -Wpointer-arith -Wwrite-strings -Wmissing-noreturn -Wno-cast-function-type -Wno-constant-logical-operand -Wno-long-long -Wno-missing-field-initializers -Wno-overlength-strings -Wno-packed-bitfield-compat -Wno-parentheses-equality -Wno-self-assign -Wno-tautological-compare -Wno-unused-parameter -Wno-unused-value -Wsuggest-attribute=format -Wsuggest-attribute=noreturn -Wunused-variable -DNO_SSL_MODE_SUPPORT conftest.c  -L. -L/home/admin/.rbenv/versions/2.6.2/lib -Wl,-rpath,/home/admin/.rbenv/versions/2.6.2/lib -L. -L/home/admin/.rbenv/versions/2.6.2/lib  -fstack-protector-strong -rdynamic -Wl,-export-dynamic    -L/usr/lib64/mysql -lmysqlclient -lpthread -lz -lm -ldl -lssl -lcrypto  -Wl,-rpath,/home/admin/.rbenv/versions/2.6.2/lib -L/home/admin/.rbenv/versions/2.6.2/lib -lruby-static -lz -lpthread -lrt -lrt -ldl -lcrypt -lm  -Werror -Wno-undef -lm   -lc"
checked program was:
/* begin */
1: #include "ruby.h"
2: 
3: int main() {return 0;}
/* end */

"gcc -o conftest -I/home/admin/.rbenv/versions/2.6.2/include/ruby-2.6.0/x86_64-linux -I/home/admin/.rbenv/versions/2.6.2/include/ruby-2.6.0/ruby/backward -I/home/admin/.rbenv/versions/2.6.2/include/ruby-2.6.0 -I. -I/usr/include/mysql -I/home/admin/.rbenv/versions/2.6.2/include    -O3 -ggdb3 -Wall -Wextra -Wdeclaration-after-statement -Wdeprecated-declarations -Wimplicit-function-declaration -Wimplicit-int -Wpointer-arith -Wwrite-strings -Wmissing-noreturn -Wno-cast-function-type -Wno-constant-logical-operand -Wno-long-long -Wno-missing-field-initializers -Wno-overlength-strings -Wno-packed-bitfield-compat -Wno-parentheses-equality -Wno-self-assign -Wno-tautological-compare -Wno-unused-parameter -Wno-unused-value -Wsuggest-attribute=format -Wsuggest-attribute=noreturn -Wunused-variable -DNO_SSL_MODE_SUPPORT conftest.c  -L. -L/home/admin/.rbenv/versions/2.6.2/lib -Wl,-rpath,/home/admin/.rbenv/versions/2.6.2/lib -L. -L/home/admin/.rbenv/versions/2.6.2/lib  -fstack-protector-strong -rdynamic -Wl,-export-dynamic    -L/usr/lib64/mysql -lmysqlclient -lpthread -lz -lm -ldl -lssl -lcrypto  -Wl,-rpath,/home/admin/.rbenv/versions/2.6.2/lib -L/home/admin/.rbenv/versions/2.6.2/lib -lruby-static -lz -lpthread -lrt -lrt -ldl -lcrypt -lm  -Werror -Wno-unreachable-code -lm   -lc"
checked program was:
/* begin */
1: #include "ruby.h"
2: 
3: int main() {return 0;}
/* end */

"gcc -o conftest -I/home/admin/.rbenv/versions/2.6.2/include/ruby-2.6.0/x86_64-linux -I/home/admin/.rbenv/versions/2.6.2/include/ruby-2.6.0/ruby/backward -I/home/admin/.rbenv/versions/2.6.2/include/ruby-2.6.0 -I. -I/usr/include/mysql -I/home/admin/.rbenv/versions/2.6.2/include    -O3 -ggdb3 -Wall -Wextra -Wdeclaration-after-statement -Wdeprecated-declarations -Wimplicit-function-declaration -Wimplicit-int -Wpointer-arith -Wwrite-strings -Wmissing-noreturn -Wno-cast-function-type -Wno-constant-logical-operand -Wno-long-long -Wno-missing-field-initializers -Wno-overlength-strings -Wno-packed-bitfield-compat -Wno-parentheses-equality -Wno-self-assign -Wno-tautological-compare -Wno-unused-parameter -Wno-unused-value -Wsuggest-attribute=format -Wsuggest-attribute=noreturn -Wunused-variable -DNO_SSL_MODE_SUPPORT conftest.c  -L. -L/home/admin/.rbenv/versions/2.6.2/lib -Wl,-rpath,/home/admin/.rbenv/versions/2.6.2/lib -L. -L/home/admin/.rbenv/versions/2.6.2/lib  -fstack-protector-strong -rdynamic -Wl,-export-dynamic    -L/usr/lib64/mysql -lmysqlclient -lpthread -lz -lm -ldl -lssl -lcrypto  -Wl,-rpath,/home/admin/.rbenv/versions/2.6.2/lib -L/home/admin/.rbenv/versions/2.6.2/lib -lruby-static -lz -lpthread -lrt -lrt -ldl -lcrypt -lm  -Werror -Wno-used-but-marked-unused -lm   -lc"
checked program was:
/* begin */
1: #include "ruby.h"
2: 
3: int main() {return 0;}
/* end */

