current directory: /var/www/app/bundle/vender/ruby/2.6.0/gems/ffi-1.11.1/ext/ffi_c
/home/admin/.rbenv/versions/2.6.2/bin/ruby -I /home/admin/.rbenv/versions/2.6.2/lib/ruby/2.6.0 -r ./siteconf20190628-22353-fx9x06.rb extconf.rb
checking for ffi.h... no
checking for ffi.h in /usr/local/include,/usr/include/ffi... no
checking for shlwapi.h... no
checking for rb_thread_call_without_gvl()... yes
checking for ruby_native_thread_p()... yes
checking for ruby_thread_has_gvl_p()... yes
creating extconf.h
creating Makefile

current directory: /var/www/app/bundle/vender/ruby/2.6.0/gems/ffi-1.11.1/ext/ffi_c
make "DESTDIR=" clean

current directory: /var/www/app/bundle/vender/ruby/2.6.0/gems/ffi-1.11.1/ext/ffi_c
make "DESTDIR="
Configuring libffi
make -C "/var/www/app/bundle/vender/ruby/2.6.0/gems/ffi-1.11.1/ext/ffi_c/libffi-x86_64-linux"
make[1]: ディレクトリ `/var/www/app/bundle/vender/ruby/2.6.0/gems/ffi-1.11.1/ext/ffi_c/libffi-x86_64-linux' に入ります
make 'AR_FLAGS=' 'CC_FOR_BUILD=' 'CFLAGS=-Wall -fexceptions' 'CXXFLAGS=-g -O2' 'CFLAGS_FOR_BUILD=' 'CFLAGS_FOR_TARGET=' 'INSTALL=/bin/install -c' 'INSTALL_DATA=/bin/install -c -m 644' 'INSTALL_PROGRAM=/bin/install -c' 'INSTALL_SCRIPT=/bin/install -c' 'JC1FLAGS=' 'LDFLAGS=' 'LIBCFLAGS=' 'LIBCFLAGS_FOR_TARGET=' 'MAKE=make' 'MAKEINFO=/bin/sh /var/www/app/bundle/vender/ruby/2.6.0/gems/ffi-1.11.1/ext/ffi_c/libffi/missing makeinfo ' 'PICFLAG=' 'PICFLAG_FOR_TARGET=' 'RUNTESTFLAGS=' 'SHELL=/bin/sh' 'exec_prefix=/usr/local' 'infodir=/usr/local/share/info' 'libdir=/usr/local/lib' 'mandir=/usr/local/share/man' 'prefix=/usr/local' 'AR=ar' 'AS=as' 'CC=gcc' 'CXX=g++' 'LD=/bin/ld' 'NM=/bin/nm -B' 'RANLIB=ranlib' 'DESTDIR=' all-recursive
make[2]: ディレクトリ `/var/www/app/bundle/vender/ruby/2.6.0/gems/ffi-1.11.1/ext/ffi_c/libffi-x86_64-linux' に入ります
Making all in include
make[3]: ディレクトリ `/var/www/app/bundle/vender/ruby/2.6.0/gems/ffi-1.11.1/ext/ffi_c/libffi-x86_64-linux/include' に入ります
make[3]: `all' に対して行うべき事はありません.
make[3]: ディレクトリ `/var/www/app/bundle/vender/ruby/2.6.0/gems/ffi-1.11.1/ext/ffi_c/libffi-x86_64-linux/include' から出ます
Making all in testsuite
make[3]: ディレクトリ `/var/www/app/bundle/vender/ruby/2.6.0/gems/ffi-1.11.1/ext/ffi_c/libffi-x86_64-linux/testsuite' に入ります
make[3]: `all' に対して行うべき事はありません.
make[3]: ディレクトリ `/var/www/app/bundle/vender/ruby/2.6.0/gems/ffi-1.11.1/ext/ffi_c/libffi-x86_64-linux/testsuite' から出ます
Making all in man
make[3]: ディレクトリ `/var/www/app/bundle/vender/ruby/2.6.0/gems/ffi-1.11.1/ext/ffi_c/libffi-x86_64-linux/man' に入ります
make[3]: `all' に対して行うべき事はありません.
make[3]: ディレクトリ `/var/www/app/bundle/vender/ruby/2.6.0/gems/ffi-1.11.1/ext/ffi_c/libffi-x86_64-linux/man' から出ます
make[3]: ディレクトリ `/var/www/app/bundle/vender/ruby/2.6.0/gems/ffi-1.11.1/ext/ffi_c/libffi-x86_64-linux' に入ります
/bin/sh ./libtool  --tag=CC   --mode=compile gcc -DHAVE_CONFIG_H -I. -I/var/www/app/bundle/vender/ruby/2.6.0/gems/ffi-1.11.1/ext/ffi_c/libffi  -I. -I/var/www/app/bundle/vender/ruby/2.6.0/gems/ffi-1.11.1/ext/ffi_c/libffi/include -Iinclude -I/var/www/app/bundle/vender/ruby/2.6.0/gems/ffi-1.11.1/ext/ffi_c/libffi/src   -Wall -fexceptions -c -o src/prep_cif.lo /var/www/app/bundle/vender/ruby/2.6.0/gems/ffi-1.11.1/ext/ffi_c/libffi/src/prep_cif.c
libtool: compile:  gcc -DHAVE_CONFIG_H -I. -I/var/www/app/bundle/vender/ruby/2.6.0/gems/ffi-1.11.1/ext/ffi_c/libffi -I. -I/var/www/app/bundle/vender/ruby/2.6.0/gems/ffi-1.11.1/ext/ffi_c/libffi/include -Iinclude -I/var/www/app/bundle/vender/ruby/2.6.0/gems/ffi-1.11.1/ext/ffi_c/libffi/src -Wall -fexceptions -c /var/www/app/bundle/vender/ruby/2.6.0/gems/ffi-1.11.1/ext/ffi_c/libffi/src/prep_cif.c  -fPIC -DPIC -o src/.libs/prep_cif.o
/bin/sh ./libtool  --tag=CC   --mode=compile gcc -DHAVE_CONFIG_H -I. -I/var/www/app/bundle/vender/ruby/2.6.0/gems/ffi-1.11.1/ext/ffi_c/libffi  -I. -I/var/www/app/bundle/vender/ruby/2.6.0/gems/ffi-1.11.1/ext/ffi_c/libffi/include -Iinclude -I/var/www/app/bundle/vender/ruby/2.6.0/gems/ffi-1.11.1/ext/ffi_c/libffi/src   -Wall -fexceptions -c -o src/types.lo /var/www/app/bundle/vender/ruby/2.6.0/gems/ffi-1.11.1/ext/ffi_c/libffi/src/types.c
libtool: compile:  gcc -DHAVE_CONFIG_H -I. -I/var/www/app/bundle/vender/ruby/2.6.0/gems/ffi-1.11.1/ext/ffi_c/libffi -I. -I/var/www/app/bundle/vender/ruby/2.6.0/gems/ffi-1.11.1/ext/ffi_c/libffi/include -Iinclude -I/var/www/app/bundle/vender/ruby/2.6.0/gems/ffi-1.11.1/ext/ffi_c/libffi/src -Wall -fexceptions -c /var/www/app/bundle/vender/ruby/2.6.0/gems/ffi-1.11.1/ext/ffi_c/libffi/src/types.c  -fPIC -DPIC -o src/.libs/types.o
/bin/sh ./libtool  --tag=CC   --mode=compile gcc -DHAVE_CONFIG_H -I. -I/var/www/app/bundle/vender/ruby/2.6.0/gems/ffi-1.11.1/ext/ffi_c/libffi  -I. -I/var/www/app/bundle/vender/ruby/2.6.0/gems/ffi-1.11.1/ext/ffi_c/libffi/include -Iinclude -I/var/www/app/bundle/vender/ruby/2.6.0/gems/ffi-1.11.1/ext/ffi_c/libffi/src   -Wall -fexceptions -c -o src/raw_api.lo /var/www/app/bundle/vender/ruby/2.6.0/gems/ffi-1.11.1/ext/ffi_c/libffi/src/raw_api.c
libtool: compile:  gcc -DHAVE_CONFIG_H -I. -I/var/www/app/bundle/vender/ruby/2.6.0/gems/ffi-1.11.1/ext/ffi_c/libffi -I. -I/var/www/app/bundle/vender/ruby/2.6.0/gems/ffi-1.11.1/ext/ffi_c/libffi/include -Iinclude -I/var/www/app/bundle/vender/ruby/2.6.0/gems/ffi-1.11.1/ext/ffi_c/libffi/src -Wall -fexceptions -c /var/www/app/bundle/vender/ruby/2.6.0/gems/ffi-1.11.1/ext/ffi_c/libffi/src/raw_api.c  -fPIC -DPIC -o src/.libs/raw_api.o
/bin/sh ./libtool  --tag=CC   --mode=compile gcc -DHAVE_CONFIG_H -I. -I/var/www/app/bundle/vender/ruby/2.6.0/gems/ffi-1.11.1/ext/ffi_c/libffi  -I. -I/var/www/app/bundle/vender/ruby/2.6.0/gems/ffi-1.11.1/ext/ffi_c/libffi/include -Iinclude -I/var/www/app/bundle/vender/ruby/2.6.0/gems/ffi-1.11.1/ext/ffi_c/libffi/src   -Wall -fexceptions -c -o src/java_raw_api.lo /var/www/app/bundle/vender/ruby/2.6.0/gems/ffi-1.11.1/ext/ffi_c/libffi/src/java_raw_api.c
libtool: compile:  gcc -DHAVE_CONFIG_H -I. -I/var/www/app/bundle/vender/ruby/2.6.0/gems/ffi-1.11.1/ext/ffi_c/libffi -I. -I/var/www/app/bundle/vender/ruby/2.6.0/gems/ffi-1.11.1/ext/ffi_c/libffi/include -Iinclude -I/var/www/app/bundle/vender/ruby/2.6.0/gems/ffi-1.11.1/ext/ffi_c/libffi/src -Wall -fexceptions -c /var/www/app/bundle/vender/ruby/2.6.0/gems/ffi-1.11.1/ext/ffi_c/libffi/src/java_raw_api.c  -fPIC -DPIC -o src/.libs/java_raw_api.o
/bin/sh ./libtool  --tag=CC   --mode=compile gcc -DHAVE_CONFIG_H -I. -I/var/www/app/bundle/vender/ruby/2.6.0/gems/ffi-1.11.1/ext/ffi_c/libffi  -I. -I/var/www/app/bundle/vender/ruby/2.6.0/gems/ffi-1.11.1/ext/ffi_c/libffi/include -Iinclude -I/var/www/app/bundle/vender/ruby/2.6.0/gems/ffi-1.11.1/ext/ffi_c/libffi/src   -Wall -fexceptions -c -o src/closures.lo /var/www/app/bundle/vender/ruby/2.6.0/gems/ffi-1.11.1/ext/ffi_c/libffi/src/closures.c
libtool: compile:  gcc -DHAVE_CONFIG_H -I. -I/var/www/app/bundle/vender/ruby/2.6.0/gems/ffi-1.11.1/ext/ffi_c/libffi -I. -I/var/www/app/bundle/vender/ruby/2.6.0/gems/ffi-1.11.1/ext/ffi_c/libffi/include -Iinclude -I/var/www/app/bundle/vender/ruby/2.6.0/gems/ffi-1.11.1/ext/ffi_c/libffi/src -Wall -fexceptions -c /var/www/app/bundle/vender/ruby/2.6.0/gems/ffi-1.11.1/ext/ffi_c/libffi/src/closures.c  -fPIC -DPIC -o src/.libs/closures.o
/bin/sh ./libtool  --tag=CC   --mode=compile gcc -DHAVE_CONFIG_H -I. -I/var/www/app/bundle/vender/ruby/2.6.0/gems/ffi-1.11.1/ext/ffi_c/libffi  -I. -I/var/www/app/bundle/vender/ruby/2.6.0/gems/ffi-1.11.1/ext/ffi_c/libffi/include -Iinclude -I/var/www/app/bundle/vender/ruby/2.6.0/gems/ffi-1.11.1/ext/ffi_c/libffi/src   -Wall -fexceptions -c -o src/x86/ffi64.lo /var/www/app/bundle/vender/ruby/2.6.0/gems/ffi-1.11.1/ext/ffi_c/libffi/src/x86/ffi64.c
libtool: compile:  gcc -DHAVE_CONFIG_H -I. -I/var/www/app/bundle/vender/ruby/2.6.0/gems/ffi-1.11.1/ext/ffi_c/libffi -I. -I/var/www/app/bundle/vender/ruby/2.6.0/gems/ffi-1.11.1/ext/ffi_c/libffi/include -Iinclude -I/var/www/app/bundle/vender/ruby/2.6.0/gems/ffi-1.11.1/ext/ffi_c/libffi/src -Wall -fexceptions -c /var/www/app/bundle/vender/ruby/2.6.0/gems/ffi-1.11.1/ext/ffi_c/libffi/src/x86/ffi64.c  -fPIC -DPIC -o src/x86/.libs/ffi64.o
/bin/sh ./libtool    --mode=compile gcc -DHAVE_CONFIG_H -I. -I/var/www/app/bundle/vender/ruby/2.6.0/gems/ffi-1.11.1/ext/ffi_c/libffi  -I. -I/var/www/app/bundle/vender/ruby/2.6.0/gems/ffi-1.11.1/ext/ffi_c/libffi/include -Iinclude -I/var/www/app/bundle/vender/ruby/2.6.0/gems/ffi-1.11.1/ext/ffi_c/libffi/src  -I. -I/var/www/app/bundle/vender/ruby/2.6.0/gems/ffi-1.11.1/ext/ffi_c/libffi/include -Iinclude -I/var/www/app/bundle/vender/ruby/2.6.0/gems/ffi-1.11.1/ext/ffi_c/libffi/src  -c -o src/x86/unix64.lo /var/www/app/bundle/vender/ruby/2.6.0/gems/ffi-1.11.1/ext/ffi_c/libffi/src/x86/unix64.S
libtool: compile:  gcc -DHAVE_CONFIG_H -I. -I/var/www/app/bundle/vender/ruby/2.6.0/gems/ffi-1.11.1/ext/ffi_c/libffi -I. -I/var/www/app/bundle/vender/ruby/2.6.0/gems/ffi-1.11.1/ext/ffi_c/libffi/include -Iinclude -I/var/www/app/bundle/vender/ruby/2.6.0/gems/ffi-1.11.1/ext/ffi_c/libffi/src -I. -I/var/www/app/bundle/vender/ruby/2.6.0/gems/ffi-1.11.1/ext/ffi_c/libffi/include -Iinclude -I/var/www/app/bundle/vender/ruby/2.6.0/gems/ffi-1.11.1/ext/ffi_c/libffi/src -c /var/www/app/bundle/vender/ruby/2.6.0/gems/ffi-1.11.1/ext/ffi_c/libffi/src/x86/unix64.S  -fPIC -DPIC -o src/x86/.libs/unix64.o
/bin/sh ./libtool  --tag=CC   --mode=compile gcc -DHAVE_CONFIG_H -I. -I/var/www/app/bundle/vender/ruby/2.6.0/gems/ffi-1.11.1/ext/ffi_c/libffi  -I. -I/var/www/app/bundle/vender/ruby/2.6.0/gems/ffi-1.11.1/ext/ffi_c/libffi/include -Iinclude -I/var/www/app/bundle/vender/ruby/2.6.0/gems/ffi-1.11.1/ext/ffi_c/libffi/src   -Wall -fexceptions -c -o src/x86/ffiw64.lo /var/www/app/bundle/vender/ruby/2.6.0/gems/ffi-1.11.1/ext/ffi_c/libffi/src/x86/ffiw64.c
libtool: compile:  gcc -DHAVE_CONFIG_H -I. -I/var/www/app/bundle/vender/ruby/2.6.0/gems/ffi-1.11.1/ext/ffi_c/libffi -I. -I/var/www/app/bundle/vender/ruby/2.6.0/gems/ffi-1.11.1/ext/ffi_c/libffi/include -Iinclude -I/var/www/app/bundle/vender/ruby/2.6.0/gems/ffi-1.11.1/ext/ffi_c/libffi/src -Wall -fexceptions -c /var/www/app/bundle/vender/ruby/2.6.0/gems/ffi-1.11.1/ext/ffi_c/libffi/src/x86/ffiw64.c  -fPIC -DPIC -o src/x86/.libs/ffiw64.o
/bin/sh ./libtool    --mode=compile gcc -DHAVE_CONFIG_H -I. -I/var/www/app/bundle/vender/ruby/2.6.0/gems/ffi-1.11.1/ext/ffi_c/libffi  -I. -I/var/www/app/bundle/vender/ruby/2.6.0/gems/ffi-1.11.1/ext/ffi_c/libffi/include -Iinclude -I/var/www/app/bundle/vender/ruby/2.6.0/gems/ffi-1.11.1/ext/ffi_c/libffi/src  -I. -I/var/www/app/bundle/vender/ruby/2.6.0/gems/ffi-1.11.1/ext/ffi_c/libffi/include -Iinclude -I/var/www/app/bundle/vender/ruby/2.6.0/gems/ffi-1.11.1/ext/ffi_c/libffi/src  -c -o src/x86/win64.lo /var/www/app/bundle/vender/ruby/2.6.0/gems/ffi-1.11.1/ext/ffi_c/libffi/src/x86/win64.S
libtool: compile:  gcc -DHAVE_CONFIG_H -I. -I/var/www/app/bundle/vender/ruby/2.6.0/gems/ffi-1.11.1/ext/ffi_c/libffi -I. -I/var/www/app/bundle/vender/ruby/2.6.0/gems/ffi-1.11.1/ext/ffi_c/libffi/include -Iinclude -I/var/www/app/bundle/vender/ruby/2.6.0/gems/ffi-1.11.1/ext/ffi_c/libffi/src -I. -I/var/www/app/bundle/vender/ruby/2.6.0/gems/ffi-1.11.1/ext/ffi_c/libffi/include -Iinclude -I/var/www/app/bundle/vender/ruby/2.6.0/gems/ffi-1.11.1/ext/ffi_c/libffi/src -c /var/www/app/bundle/vender/ruby/2.6.0/gems/ffi-1.11.1/ext/ffi_c/libffi/src/x86/win64.S  -fPIC -DPIC -o src/x86/.libs/win64.o
gcc -DHAVE_CONFIG_H -I. -I/var/www/app/bundle/vender/ruby/2.6.0/gems/ffi-1.11.1/ext/ffi_c/libffi  -I. -I/var/www/app/bundle/vender/ruby/2.6.0/gems/ffi-1.11.1/ext/ffi_c/libffi/include -Iinclude -I/var/www/app/bundle/vender/ruby/2.6.0/gems/ffi-1.11.1/ext/ffi_c/libffi/src   -Wall -fexceptions -DX86_64 -E -x assembler-with-cpp -o libffi.map /var/www/app/bundle/vender/ruby/2.6.0/gems/ffi-1.11.1/ext/ffi_c/libffi/libffi.map.in
/bin/sh ./libtool  --tag=CC   --mode=link gcc  -Wall -fexceptions   -o libffi_convenience.la  src/prep_cif.lo src/types.lo src/raw_api.lo src/java_raw_api.lo src/closures.lo   src/x86/ffi64.lo src/x86/unix64.lo src/x86/ffiw64.lo src/x86/win64.lo 
libtool: link: rm -fr  .libs/libffi_convenience.a(D)
libtool: link: ar cru .libs/libffi_convenience.a src/.libs/prep_cif.o src/.libs/types.o src/.libs/raw_api.o src/.libs/java_raw_api.o src/.libs/closures.o src/x86/.libs/ffi64.o src/x86/.libs/unix64.o src/x86/.libs/ffiw64.o src/x86/.libs/win64.o 
libtool: link: ranlib .libs/libffi_convenience.a
libtool: link: ( cd ".libs" && rm -f "libffi_convenience.la" && ln -s "../libffi_convenience.la" "libffi_convenience.la" )
/bin/sh ./libtool  --tag=CC   --mode=link gcc  -Wall -fexceptions -no-undefined -version-info `grep -v '^#' /var/www/app/bundle/vender/ruby/2.6.0/gems/ffi-1.11.1/ext/ffi_c/libffi/libtool-version` -Wl,--version-script,libffi.map    -o libffi.la -rpath /usr/local/lib/../lib64 src/prep_cif.lo src/types.lo src/raw_api.lo src/java_raw_api.lo src/closures.lo  src/x86/ffi64.lo src/x86/unix64.lo src/x86/ffiw64.lo src/x86/win64.lo 
libtool: link: gcc -shared  -fPIC -DPIC  src/.libs/prep_cif.o src/.libs/types.o src/.libs/raw_api.o src/.libs/java_raw_api.o src/.libs/closures.o src/x86/.libs/ffi64.o src/x86/.libs/unix64.o src/x86/.libs/ffiw64.o src/x86/.libs/win64.o    -Wl,--version-script -Wl,libffi.map   -Wl,-soname -Wl,libffi.so.7 -o .libs/libffi.so.7.1.0
libtool: link: (cd ".libs" && rm -f "libffi.so.7" && ln -s "libffi.so.7.1.0" "libffi.so.7")
libtool: link: (cd ".libs" && rm -f "libffi.so" && ln -s "libffi.so.7.1.0" "libffi.so")
libtool: link: ( cd ".libs" && rm -f "libffi.la" && ln -s "../libffi.la" "libffi.la" )
make[3]: ディレクトリ `/var/www/app/bundle/vender/ruby/2.6.0/gems/ffi-1.11.1/ext/ffi_c/libffi-x86_64-linux' から出ます
make[2]: ディレクトリ `/var/www/app/bundle/vender/ruby/2.6.0/gems/ffi-1.11.1/ext/ffi_c/libffi-x86_64-linux' から出ます
make[1]: ディレクトリ `/var/www/app/bundle/vender/ruby/2.6.0/gems/ffi-1.11.1/ext/ffi_c/libffi-x86_64-linux' から出ます
compiling AbstractMemory.c
compiling ArrayType.c
compiling Buffer.c
compiling Call.c
compiling ClosurePool.c
compiling DynamicLibrary.c
compiling Function.c
Function.c: 関数 ‘callback_prep’ 内:
Function.c:867:5: 警告: ‘ffi_prep_closure’ は廃止されました (宣言位置 /var/www/app/bundle/vender/ruby/2.6.0/gems/ffi-1.11.1/ext/ffi_c/libffi-x86_64-linux/include/ffi.h:332): use ffi_prep_closure_loc instead [-Wdeprecated-declarations]
     ffiStatus = ffi_prep_closure(code, &fnInfo->ffi_cif, callback_invoke, closure);
     ^
compiling FunctionInfo.c
compiling LastError.c
compiling LongDouble.c
compiling MappedType.c
compiling MemoryPointer.c
compiling MethodHandle.c
compiling Platform.c
compiling Pointer.c
compiling Struct.c
compiling StructByValue.c
compiling StructLayout.c
compiling Thread.c
compiling Type.c
compiling Types.c
compiling Variadic.c
compiling ffi.c
linking shared-object ffi_c.so

current directory: /var/www/app/bundle/vender/ruby/2.6.0/gems/ffi-1.11.1/ext/ffi_c
make "DESTDIR=" install
make -C "/var/www/app/bundle/vender/ruby/2.6.0/gems/ffi-1.11.1/ext/ffi_c/libffi-x86_64-linux"
make[1]: ディレクトリ `/var/www/app/bundle/vender/ruby/2.6.0/gems/ffi-1.11.1/ext/ffi_c/libffi-x86_64-linux' に入ります
make 'AR_FLAGS=' 'CC_FOR_BUILD=' 'CFLAGS=-Wall -fexceptions' 'CXXFLAGS=-g -O2' 'CFLAGS_FOR_BUILD=' 'CFLAGS_FOR_TARGET=' 'INSTALL=/bin/install -c' 'INSTALL_DATA=/bin/install -c -m 644' 'INSTALL_PROGRAM=/bin/install -c' 'INSTALL_SCRIPT=/bin/install -c' 'JC1FLAGS=' 'LDFLAGS=' 'LIBCFLAGS=' 'LIBCFLAGS_FOR_TARGET=' 'MAKE=make' 'MAKEINFO=/bin/sh /var/www/app/bundle/vender/ruby/2.6.0/gems/ffi-1.11.1/ext/ffi_c/libffi/missing makeinfo ' 'PICFLAG=' 'PICFLAG_FOR_TARGET=' 'RUNTESTFLAGS=' 'SHELL=/bin/sh' 'exec_prefix=/usr/local' 'infodir=/usr/local/share/info' 'libdir=/usr/local/lib' 'mandir=/usr/local/share/man' 'prefix=/usr/local' 'AR=ar' 'AS=as' 'CC=gcc' 'CXX=g++' 'LD=/bin/ld' 'NM=/bin/nm -B' 'RANLIB=ranlib' 'DESTDIR=' all-recursive
make[2]: ディレクトリ `/var/www/app/bundle/vender/ruby/2.6.0/gems/ffi-1.11.1/ext/ffi_c/libffi-x86_64-linux' に入ります
Making all in include
make[3]: ディレクトリ `/var/www/app/bundle/vender/ruby/2.6.0/gems/ffi-1.11.1/ext/ffi_c/libffi-x86_64-linux/include' に入ります
make[3]: `all' に対して行うべき事はありません.
make[3]: ディレクトリ `/var/www/app/bundle/vender/ruby/2.6.0/gems/ffi-1.11.1/ext/ffi_c/libffi-x86_64-linux/include' から出ます
Making all in testsuite
make[3]: ディレクトリ `/var/www/app/bundle/vender/ruby/2.6.0/gems/ffi-1.11.1/ext/ffi_c/libffi-x86_64-linux/testsuite' に入ります
make[3]: `all' に対して行うべき事はありません.
make[3]: ディレクトリ `/var/www/app/bundle/vender/ruby/2.6.0/gems/ffi-1.11.1/ext/ffi_c/libffi-x86_64-linux/testsuite' から出ます
Making all in man
make[3]: ディレクトリ `/var/www/app/bundle/vender/ruby/2.6.0/gems/ffi-1.11.1/ext/ffi_c/libffi-x86_64-linux/man' に入ります
make[3]: `all' に対して行うべき事はありません.
make[3]: ディレクトリ `/var/www/app/bundle/vender/ruby/2.6.0/gems/ffi-1.11.1/ext/ffi_c/libffi-x86_64-linux/man' から出ます
make[3]: ディレクトリ `/var/www/app/bundle/vender/ruby/2.6.0/gems/ffi-1.11.1/ext/ffi_c/libffi-x86_64-linux' に入ります
make[3]: ディレクトリ `/var/www/app/bundle/vender/ruby/2.6.0/gems/ffi-1.11.1/ext/ffi_c/libffi-x86_64-linux' から出ます
make[2]: ディレクトリ `/var/www/app/bundle/vender/ruby/2.6.0/gems/ffi-1.11.1/ext/ffi_c/libffi-x86_64-linux' から出ます
make[1]: ディレクトリ `/var/www/app/bundle/vender/ruby/2.6.0/gems/ffi-1.11.1/ext/ffi_c/libffi-x86_64-linux' から出ます
compiling AbstractMemory.c
compiling ArrayType.c
compiling Buffer.c
compiling Call.c
compiling ClosurePool.c
compiling DynamicLibrary.c
compiling Function.c
Function.c: 関数 ‘callback_prep’ 内:
Function.c:867:5: 警告: ‘ffi_prep_closure’ は廃止されました (宣言位置 /var/www/app/bundle/vender/ruby/2.6.0/gems/ffi-1.11.1/ext/ffi_c/libffi-x86_64-linux/include/ffi.h:332): use ffi_prep_closure_loc instead [-Wdeprecated-declarations]
     ffiStatus = ffi_prep_closure(code, &fnInfo->ffi_cif, callback_invoke, closure);
     ^
compiling FunctionInfo.c
compiling LastError.c
compiling LongDouble.c
compiling MappedType.c
compiling MemoryPointer.c
compiling MethodHandle.c
compiling Platform.c
compiling Pointer.c
compiling Struct.c
compiling StructByValue.c
compiling StructLayout.c
compiling Thread.c
compiling Type.c
compiling Types.c
compiling Variadic.c
compiling ffi.c
linking shared-object ffi_c.so
/usr/bin/install -c -m 0755 ffi_c.so ./.gem.20190628-22353-nr233e
